[2022-09-05T09:00:23.205+0000] {processor.py:153} INFO - Started process (PID=60) to work on /home/airflow/.local/lib/python3.7/site-packages/airflow/example_dags/example_latest_only_with_trigger.py
[2022-09-05T09:00:23.207+0000] {processor.py:640} INFO - Processing file /home/airflow/.local/lib/python3.7/site-packages/airflow/example_dags/example_latest_only_with_trigger.py for tasks to queue
[2022-09-05T09:00:23.208+0000] {logging_mixin.py:115} INFO - [2022-09-05T09:00:23.208+0000] {dagbag.py:508} INFO - Filling up the DagBag from /home/airflow/.local/lib/python3.7/site-packages/airflow/example_dags/example_latest_only_with_trigger.py
[2022-09-05T09:00:23.321+0000] {processor.py:650} INFO - DAG(s) dict_keys(['latest_only_with_trigger']) retrieved from /home/airflow/.local/lib/python3.7/site-packages/airflow/example_dags/example_latest_only_with_trigger.py
[2022-09-05T09:00:24.511+0000] {logging_mixin.py:115} INFO - [2022-09-05T09:00:24.510+0000] {manager.py:508} INFO - Created Permission View: can read on DAG:latest_only_with_trigger
[2022-09-05T09:00:24.776+0000] {logging_mixin.py:115} INFO - [2022-09-05T09:00:24.775+0000] {manager.py:508} INFO - Created Permission View: can edit on DAG:latest_only_with_trigger
[2022-09-05T09:00:25.023+0000] {logging_mixin.py:115} INFO - [2022-09-05T09:00:25.022+0000] {manager.py:508} INFO - Created Permission View: can delete on DAG:latest_only_with_trigger
[2022-09-05T09:00:25.024+0000] {logging_mixin.py:115} INFO - [2022-09-05T09:00:25.024+0000] {dag.py:2429} INFO - Sync 1 DAGs
[2022-09-05T09:00:25.040+0000] {logging_mixin.py:115} INFO - [2022-09-05T09:00:25.040+0000] {dag.py:2448} INFO - Creating ORM DAG for latest_only_with_trigger
[2022-09-05T09:00:25.060+0000] {logging_mixin.py:115} INFO - [2022-09-05T09:00:25.059+0000] {dag.py:2981} INFO - Setting next_dagrun for latest_only_with_trigger to 2022-09-05T05:00:25.058968+00:00, run_after=2022-09-05T09:00:25.058968+00:00
[2022-09-05T09:00:25.139+0000] {processor.py:161} INFO - Processing /home/airflow/.local/lib/python3.7/site-packages/airflow/example_dags/example_latest_only_with_trigger.py took 1.944 seconds
[2022-09-05T09:00:55.635+0000] {processor.py:153} INFO - Started process (PID=112) to work on /home/airflow/.local/lib/python3.7/site-packages/airflow/example_dags/example_latest_only_with_trigger.py
[2022-09-05T09:00:55.637+0000] {processor.py:640} INFO - Processing file /home/airflow/.local/lib/python3.7/site-packages/airflow/example_dags/example_latest_only_with_trigger.py for tasks to queue
[2022-09-05T09:00:55.638+0000] {logging_mixin.py:115} INFO - [2022-09-05T09:00:55.638+0000] {dagbag.py:508} INFO - Filling up the DagBag from /home/airflow/.local/lib/python3.7/site-packages/airflow/example_dags/example_latest_only_with_trigger.py
[2022-09-05T09:00:55.652+0000] {processor.py:650} INFO - DAG(s) dict_keys(['latest_only_with_trigger']) retrieved from /home/airflow/.local/lib/python3.7/site-packages/airflow/example_dags/example_latest_only_with_trigger.py
[2022-09-05T09:00:55.731+0000] {logging_mixin.py:115} INFO - [2022-09-05T09:00:55.731+0000] {dag.py:2429} INFO - Sync 1 DAGs
[2022-09-05T09:00:55.781+0000] {logging_mixin.py:115} INFO - [2022-09-05T09:00:55.781+0000] {dag.py:2981} INFO - Setting next_dagrun for latest_only_with_trigger to 2022-09-05T05:00:55.781264+00:00, run_after=2022-09-05T09:00:55.781264+00:00
[2022-09-05T09:00:55.892+0000] {processor.py:161} INFO - Processing /home/airflow/.local/lib/python3.7/site-packages/airflow/example_dags/example_latest_only_with_trigger.py took 0.264 seconds
[2022-09-05T09:01:26.045+0000] {processor.py:153} INFO - Started process (PID=163) to work on /home/airflow/.local/lib/python3.7/site-packages/airflow/example_dags/example_latest_only_with_trigger.py
[2022-09-05T09:01:26.047+0000] {processor.py:640} INFO - Processing file /home/airflow/.local/lib/python3.7/site-packages/airflow/example_dags/example_latest_only_with_trigger.py for tasks to queue
[2022-09-05T09:01:26.049+0000] {logging_mixin.py:115} INFO - [2022-09-05T09:01:26.049+0000] {dagbag.py:508} INFO - Filling up the DagBag from /home/airflow/.local/lib/python3.7/site-packages/airflow/example_dags/example_latest_only_with_trigger.py
[2022-09-05T09:01:26.061+0000] {processor.py:650} INFO - DAG(s) dict_keys(['latest_only_with_trigger']) retrieved from /home/airflow/.local/lib/python3.7/site-packages/airflow/example_dags/example_latest_only_with_trigger.py
[2022-09-05T09:01:26.107+0000] {logging_mixin.py:115} INFO - [2022-09-05T09:01:26.106+0000] {dag.py:2429} INFO - Sync 1 DAGs
[2022-09-05T09:01:26.145+0000] {logging_mixin.py:115} INFO - [2022-09-05T09:01:26.145+0000] {dag.py:2981} INFO - Setting next_dagrun for latest_only_with_trigger to 2022-09-05T05:01:26.144842+00:00, run_after=2022-09-05T09:01:26.144842+00:00
[2022-09-05T09:01:26.208+0000] {processor.py:161} INFO - Processing /home/airflow/.local/lib/python3.7/site-packages/airflow/example_dags/example_latest_only_with_trigger.py took 0.176 seconds
[2022-09-05T09:02:20.278+0000] {processor.py:153} INFO - Started process (PID=206) to work on /home/airflow/.local/lib/python3.7/site-packages/airflow/example_dags/example_latest_only_with_trigger.py
[2022-09-05T09:02:20.279+0000] {processor.py:640} INFO - Processing file /home/airflow/.local/lib/python3.7/site-packages/airflow/example_dags/example_latest_only_with_trigger.py for tasks to queue
[2022-09-05T09:02:20.281+0000] {logging_mixin.py:115} INFO - [2022-09-05T09:02:20.281+0000] {dagbag.py:508} INFO - Filling up the DagBag from /home/airflow/.local/lib/python3.7/site-packages/airflow/example_dags/example_latest_only_with_trigger.py
[2022-09-05T09:02:20.292+0000] {processor.py:650} INFO - DAG(s) dict_keys(['latest_only_with_trigger']) retrieved from /home/airflow/.local/lib/python3.7/site-packages/airflow/example_dags/example_latest_only_with_trigger.py
[2022-09-05T09:02:20.343+0000] {logging_mixin.py:115} INFO - [2022-09-05T09:02:20.342+0000] {dag.py:2429} INFO - Sync 1 DAGs
[2022-09-05T09:02:20.383+0000] {logging_mixin.py:115} INFO - [2022-09-05T09:02:20.382+0000] {dag.py:2981} INFO - Setting next_dagrun for latest_only_with_trigger to 2022-09-05T05:02:20.382514+00:00, run_after=2022-09-05T09:02:20.382514+00:00
[2022-09-05T09:02:20.643+0000] {processor.py:161} INFO - Processing /home/airflow/.local/lib/python3.7/site-packages/airflow/example_dags/example_latest_only_with_trigger.py took 0.372 seconds
[2022-09-05T09:03:31.123+0000] {processor.py:153} INFO - Started process (PID=275) to work on /home/airflow/.local/lib/python3.7/site-packages/airflow/example_dags/example_latest_only_with_trigger.py
[2022-09-05T09:03:31.131+0000] {processor.py:640} INFO - Processing file /home/airflow/.local/lib/python3.7/site-packages/airflow/example_dags/example_latest_only_with_trigger.py for tasks to queue
[2022-09-05T09:03:31.133+0000] {logging_mixin.py:115} INFO - [2022-09-05T09:03:31.133+0000] {dagbag.py:508} INFO - Filling up the DagBag from /home/airflow/.local/lib/python3.7/site-packages/airflow/example_dags/example_latest_only_with_trigger.py
[2022-09-05T09:03:31.181+0000] {processor.py:650} INFO - DAG(s) dict_keys(['latest_only_with_trigger']) retrieved from /home/airflow/.local/lib/python3.7/site-packages/airflow/example_dags/example_latest_only_with_trigger.py
[2022-09-05T09:03:31.504+0000] {logging_mixin.py:115} INFO - [2022-09-05T09:03:31.504+0000] {dag.py:2429} INFO - Sync 1 DAGs
[2022-09-05T09:03:31.784+0000] {logging_mixin.py:115} INFO - [2022-09-05T09:03:31.783+0000] {dag.py:2981} INFO - Setting next_dagrun for latest_only_with_trigger to 2022-09-05T05:03:31.777744+00:00, run_after=2022-09-05T09:03:31.777744+00:00
[2022-09-05T09:03:31.874+0000] {processor.py:161} INFO - Processing /home/airflow/.local/lib/python3.7/site-packages/airflow/example_dags/example_latest_only_with_trigger.py took 0.765 seconds
[2022-09-05T09:05:52.205+0000] {processor.py:153} INFO - Started process (PID=343) to work on /home/airflow/.local/lib/python3.7/site-packages/airflow/example_dags/example_latest_only_with_trigger.py
[2022-09-05T09:05:52.226+0000] {processor.py:640} INFO - Processing file /home/airflow/.local/lib/python3.7/site-packages/airflow/example_dags/example_latest_only_with_trigger.py for tasks to queue
[2022-09-05T09:05:52.233+0000] {logging_mixin.py:115} INFO - [2022-09-05T09:05:52.232+0000] {dagbag.py:508} INFO - Filling up the DagBag from /home/airflow/.local/lib/python3.7/site-packages/airflow/example_dags/example_latest_only_with_trigger.py
[2022-09-05T09:05:52.493+0000] {processor.py:650} INFO - DAG(s) dict_keys(['latest_only_with_trigger']) retrieved from /home/airflow/.local/lib/python3.7/site-packages/airflow/example_dags/example_latest_only_with_trigger.py
[2022-09-05T09:05:53.533+0000] {logging_mixin.py:115} INFO - [2022-09-05T09:05:53.532+0000] {dag.py:2429} INFO - Sync 1 DAGs
[2022-09-05T09:05:54.417+0000] {logging_mixin.py:115} INFO - [2022-09-05T09:05:54.416+0000] {dag.py:2981} INFO - Setting next_dagrun for latest_only_with_trigger to 2022-09-05T05:05:54.395517+00:00, run_after=2022-09-05T09:05:54.395517+00:00
[2022-09-05T09:05:58.113+0000] {processor.py:161} INFO - Processing /home/airflow/.local/lib/python3.7/site-packages/airflow/example_dags/example_latest_only_with_trigger.py took 6.155 seconds
[2022-09-05T09:06:28.625+0000] {processor.py:153} INFO - Started process (PID=395) to work on /home/airflow/.local/lib/python3.7/site-packages/airflow/example_dags/example_latest_only_with_trigger.py
[2022-09-05T09:06:28.645+0000] {processor.py:640} INFO - Processing file /home/airflow/.local/lib/python3.7/site-packages/airflow/example_dags/example_latest_only_with_trigger.py for tasks to queue
[2022-09-05T09:06:28.650+0000] {logging_mixin.py:115} INFO - [2022-09-05T09:06:28.650+0000] {dagbag.py:508} INFO - Filling up the DagBag from /home/airflow/.local/lib/python3.7/site-packages/airflow/example_dags/example_latest_only_with_trigger.py
[2022-09-05T09:06:28.747+0000] {processor.py:650} INFO - DAG(s) dict_keys(['latest_only_with_trigger']) retrieved from /home/airflow/.local/lib/python3.7/site-packages/airflow/example_dags/example_latest_only_with_trigger.py
[2022-09-05T09:06:29.230+0000] {logging_mixin.py:115} INFO - [2022-09-05T09:06:29.204+0000] {dag.py:2429} INFO - Sync 1 DAGs
[2022-09-05T09:06:29.690+0000] {logging_mixin.py:115} INFO - [2022-09-05T09:06:29.687+0000] {dag.py:2981} INFO - Setting next_dagrun for latest_only_with_trigger to 2022-09-05T05:06:29.681743+00:00, run_after=2022-09-05T09:06:29.681743+00:00
[2022-09-05T09:06:30.020+0000] {processor.py:161} INFO - Processing /home/airflow/.local/lib/python3.7/site-packages/airflow/example_dags/example_latest_only_with_trigger.py took 1.451 seconds
[2022-09-05T09:08:59.277+0000] {processor.py:153} INFO - Started process (PID=468) to work on /home/airflow/.local/lib/python3.7/site-packages/airflow/example_dags/example_latest_only_with_trigger.py
[2022-09-05T09:08:59.316+0000] {processor.py:640} INFO - Processing file /home/airflow/.local/lib/python3.7/site-packages/airflow/example_dags/example_latest_only_with_trigger.py for tasks to queue
[2022-09-05T09:08:59.444+0000] {logging_mixin.py:115} INFO - [2022-09-05T09:08:59.380+0000] {dagbag.py:508} INFO - Filling up the DagBag from /home/airflow/.local/lib/python3.7/site-packages/airflow/example_dags/example_latest_only_with_trigger.py
[2022-09-05T09:08:59.810+0000] {processor.py:650} INFO - DAG(s) dict_keys(['latest_only_with_trigger']) retrieved from /home/airflow/.local/lib/python3.7/site-packages/airflow/example_dags/example_latest_only_with_trigger.py
[2022-09-05T09:09:01.727+0000] {logging_mixin.py:115} INFO - [2022-09-05T09:09:01.672+0000] {dag.py:2429} INFO - Sync 1 DAGs
[2022-09-05T09:09:13.402+0000] {logging_mixin.py:115} INFO - [2022-09-05T09:09:13.402+0000] {dag.py:2981} INFO - Setting next_dagrun for latest_only_with_trigger to 2022-09-05T05:09:13.329027+00:00, run_after=2022-09-05T09:09:13.329027+00:00
[2022-09-05T09:09:13.874+0000] {processor.py:161} INFO - Processing /home/airflow/.local/lib/python3.7/site-packages/airflow/example_dags/example_latest_only_with_trigger.py took 14.766 seconds
[2022-09-05T09:14:14.055+0000] {processor.py:153} INFO - Started process (PID=65) to work on /home/airflow/.local/lib/python3.7/site-packages/airflow/example_dags/example_latest_only_with_trigger.py
[2022-09-05T09:14:14.067+0000] {processor.py:640} INFO - Processing file /home/airflow/.local/lib/python3.7/site-packages/airflow/example_dags/example_latest_only_with_trigger.py for tasks to queue
[2022-09-05T09:14:14.079+0000] {logging_mixin.py:115} INFO - [2022-09-05T09:14:14.078+0000] {dagbag.py:508} INFO - Filling up the DagBag from /home/airflow/.local/lib/python3.7/site-packages/airflow/example_dags/example_latest_only_with_trigger.py
[2022-09-05T09:14:14.196+0000] {processor.py:650} INFO - DAG(s) dict_keys(['latest_only_with_trigger']) retrieved from /home/airflow/.local/lib/python3.7/site-packages/airflow/example_dags/example_latest_only_with_trigger.py
[2022-09-05T09:14:14.555+0000] {logging_mixin.py:115} INFO - [2022-09-05T09:14:14.554+0000] {dag.py:2429} INFO - Sync 1 DAGs
[2022-09-05T09:14:14.762+0000] {logging_mixin.py:115} INFO - [2022-09-05T09:14:14.762+0000] {dag.py:2981} INFO - Setting next_dagrun for latest_only_with_trigger to 2022-09-05T05:14:14.761477+00:00, run_after=2022-09-05T09:14:14.761477+00:00
[2022-09-05T09:14:26.088+0000] {processor.py:161} INFO - Processing /home/airflow/.local/lib/python3.7/site-packages/airflow/example_dags/example_latest_only_with_trigger.py took 11.447 seconds
[2022-09-05T09:15:30.923+0000] {processor.py:153} INFO - Started process (PID=135) to work on /home/airflow/.local/lib/python3.7/site-packages/airflow/example_dags/example_latest_only_with_trigger.py
[2022-09-05T09:15:30.939+0000] {processor.py:640} INFO - Processing file /home/airflow/.local/lib/python3.7/site-packages/airflow/example_dags/example_latest_only_with_trigger.py for tasks to queue
[2022-09-05T09:15:30.943+0000] {logging_mixin.py:115} INFO - [2022-09-05T09:15:30.943+0000] {dagbag.py:508} INFO - Filling up the DagBag from /home/airflow/.local/lib/python3.7/site-packages/airflow/example_dags/example_latest_only_with_trigger.py
[2022-09-05T09:15:31.049+0000] {processor.py:650} INFO - DAG(s) dict_keys(['latest_only_with_trigger']) retrieved from /home/airflow/.local/lib/python3.7/site-packages/airflow/example_dags/example_latest_only_with_trigger.py
[2022-09-05T09:15:31.329+0000] {logging_mixin.py:115} INFO - [2022-09-05T09:15:31.329+0000] {dag.py:2429} INFO - Sync 1 DAGs
[2022-09-05T09:15:31.638+0000] {logging_mixin.py:115} INFO - [2022-09-05T09:15:31.629+0000] {dag.py:2981} INFO - Setting next_dagrun for latest_only_with_trigger to 2022-09-05T05:15:31.629248+00:00, run_after=2022-09-05T09:15:31.629248+00:00
[2022-09-05T09:15:32.261+0000] {processor.py:161} INFO - Processing /home/airflow/.local/lib/python3.7/site-packages/airflow/example_dags/example_latest_only_with_trigger.py took 1.382 seconds
[2022-09-05T09:18:00.259+0000] {processor.py:153} INFO - Started process (PID=202) to work on /home/airflow/.local/lib/python3.7/site-packages/airflow/example_dags/example_latest_only_with_trigger.py
[2022-09-05T09:18:00.271+0000] {processor.py:640} INFO - Processing file /home/airflow/.local/lib/python3.7/site-packages/airflow/example_dags/example_latest_only_with_trigger.py for tasks to queue
[2022-09-05T09:18:00.283+0000] {logging_mixin.py:115} INFO - [2022-09-05T09:18:00.283+0000] {dagbag.py:508} INFO - Filling up the DagBag from /home/airflow/.local/lib/python3.7/site-packages/airflow/example_dags/example_latest_only_with_trigger.py
[2022-09-05T09:18:00.557+0000] {processor.py:650} INFO - DAG(s) dict_keys(['latest_only_with_trigger']) retrieved from /home/airflow/.local/lib/python3.7/site-packages/airflow/example_dags/example_latest_only_with_trigger.py
[2022-09-05T09:18:02.393+0000] {logging_mixin.py:115} INFO - [2022-09-05T09:18:02.372+0000] {dag.py:2429} INFO - Sync 1 DAGs
[2022-09-05T09:18:06.920+0000] {logging_mixin.py:115} INFO - [2022-09-05T09:18:06.896+0000] {dag.py:2981} INFO - Setting next_dagrun for latest_only_with_trigger to 2022-09-05T05:18:06.791463+00:00, run_after=2022-09-05T09:18:06.791463+00:00
[2022-09-05T09:18:42.053+0000] {processor.py:161} INFO - Processing /home/airflow/.local/lib/python3.7/site-packages/airflow/example_dags/example_latest_only_with_trigger.py took 42.059 seconds
[2022-09-05T09:22:53.819+0000] {processor.py:153} INFO - Started process (PID=61) to work on /home/airflow/.local/lib/python3.7/site-packages/airflow/example_dags/example_latest_only_with_trigger.py
[2022-09-05T09:22:53.832+0000] {processor.py:640} INFO - Processing file /home/airflow/.local/lib/python3.7/site-packages/airflow/example_dags/example_latest_only_with_trigger.py for tasks to queue
[2022-09-05T09:22:53.842+0000] {logging_mixin.py:115} INFO - [2022-09-05T09:22:53.842+0000] {dagbag.py:508} INFO - Filling up the DagBag from /home/airflow/.local/lib/python3.7/site-packages/airflow/example_dags/example_latest_only_with_trigger.py
[2022-09-05T09:22:53.903+0000] {processor.py:650} INFO - DAG(s) dict_keys(['latest_only_with_trigger']) retrieved from /home/airflow/.local/lib/python3.7/site-packages/airflow/example_dags/example_latest_only_with_trigger.py
[2022-09-05T09:22:54.127+0000] {logging_mixin.py:115} INFO - [2022-09-05T09:22:54.127+0000] {dag.py:2429} INFO - Sync 1 DAGs
[2022-09-05T09:22:54.329+0000] {logging_mixin.py:115} INFO - [2022-09-05T09:22:54.329+0000] {dag.py:2981} INFO - Setting next_dagrun for latest_only_with_trigger to 2022-09-05T05:22:54.321370+00:00, run_after=2022-09-05T09:22:54.321370+00:00
[2022-09-05T09:22:55.969+0000] {processor.py:161} INFO - Processing /home/airflow/.local/lib/python3.7/site-packages/airflow/example_dags/example_latest_only_with_trigger.py took 2.208 seconds
[2022-09-05T09:23:49.343+0000] {processor.py:153} INFO - Started process (PID=114) to work on /home/airflow/.local/lib/python3.7/site-packages/airflow/example_dags/example_latest_only_with_trigger.py
[2022-09-05T09:23:49.353+0000] {processor.py:640} INFO - Processing file /home/airflow/.local/lib/python3.7/site-packages/airflow/example_dags/example_latest_only_with_trigger.py for tasks to queue
[2022-09-05T09:23:49.359+0000] {logging_mixin.py:115} INFO - [2022-09-05T09:23:49.359+0000] {dagbag.py:508} INFO - Filling up the DagBag from /home/airflow/.local/lib/python3.7/site-packages/airflow/example_dags/example_latest_only_with_trigger.py
[2022-09-05T09:23:49.522+0000] {processor.py:650} INFO - DAG(s) dict_keys(['latest_only_with_trigger']) retrieved from /home/airflow/.local/lib/python3.7/site-packages/airflow/example_dags/example_latest_only_with_trigger.py
[2022-09-05T09:23:49.852+0000] {logging_mixin.py:115} INFO - [2022-09-05T09:23:49.852+0000] {dag.py:2429} INFO - Sync 1 DAGs
[2022-09-05T09:23:50.266+0000] {logging_mixin.py:115} INFO - [2022-09-05T09:23:50.265+0000] {dag.py:2981} INFO - Setting next_dagrun for latest_only_with_trigger to 2022-09-05T05:23:50.261548+00:00, run_after=2022-09-05T09:23:50.261548+00:00
[2022-09-05T09:23:51.907+0000] {processor.py:161} INFO - Processing /home/airflow/.local/lib/python3.7/site-packages/airflow/example_dags/example_latest_only_with_trigger.py took 2.645 seconds
[2022-09-05T09:25:45.174+0000] {processor.py:153} INFO - Started process (PID=178) to work on /home/airflow/.local/lib/python3.7/site-packages/airflow/example_dags/example_latest_only_with_trigger.py
[2022-09-05T09:25:45.182+0000] {processor.py:640} INFO - Processing file /home/airflow/.local/lib/python3.7/site-packages/airflow/example_dags/example_latest_only_with_trigger.py for tasks to queue
[2022-09-05T09:25:45.198+0000] {logging_mixin.py:115} INFO - [2022-09-05T09:25:45.197+0000] {dagbag.py:508} INFO - Filling up the DagBag from /home/airflow/.local/lib/python3.7/site-packages/airflow/example_dags/example_latest_only_with_trigger.py
[2022-09-05T09:25:45.500+0000] {processor.py:650} INFO - DAG(s) dict_keys(['latest_only_with_trigger']) retrieved from /home/airflow/.local/lib/python3.7/site-packages/airflow/example_dags/example_latest_only_with_trigger.py
[2022-09-05T09:25:49.588+0000] {logging_mixin.py:115} INFO - [2022-09-05T09:25:49.550+0000] {dag.py:2429} INFO - Sync 1 DAGs
[2022-09-05T09:25:54.138+0000] {logging_mixin.py:115} INFO - [2022-09-05T09:25:54.129+0000] {dag.py:2981} INFO - Setting next_dagrun for latest_only_with_trigger to 2022-09-05T05:25:54.108735+00:00, run_after=2022-09-05T09:25:54.108735+00:00
[2022-09-05T09:25:56.972+0000] {processor.py:161} INFO - Processing /home/airflow/.local/lib/python3.7/site-packages/airflow/example_dags/example_latest_only_with_trigger.py took 11.935 seconds
[2022-09-05T09:38:44.134+0000] {processor.py:153} INFO - Started process (PID=80) to work on /home/airflow/.local/lib/python3.7/site-packages/airflow/example_dags/example_latest_only_with_trigger.py
[2022-09-05T09:38:44.135+0000] {processor.py:640} INFO - Processing file /home/airflow/.local/lib/python3.7/site-packages/airflow/example_dags/example_latest_only_with_trigger.py for tasks to queue
[2022-09-05T09:38:44.137+0000] {logging_mixin.py:115} INFO - [2022-09-05T09:38:44.137+0000] {dagbag.py:508} INFO - Filling up the DagBag from /home/airflow/.local/lib/python3.7/site-packages/airflow/example_dags/example_latest_only_with_trigger.py
[2022-09-05T09:38:44.149+0000] {processor.py:650} INFO - DAG(s) dict_keys(['latest_only_with_trigger']) retrieved from /home/airflow/.local/lib/python3.7/site-packages/airflow/example_dags/example_latest_only_with_trigger.py
[2022-09-05T09:38:44.203+0000] {logging_mixin.py:115} INFO - [2022-09-05T09:38:44.202+0000] {dag.py:2429} INFO - Sync 1 DAGs
[2022-09-05T09:38:44.242+0000] {logging_mixin.py:115} INFO - [2022-09-05T09:38:44.242+0000] {dag.py:2981} INFO - Setting next_dagrun for latest_only_with_trigger to 2022-09-05T05:38:44.242074+00:00, run_after=2022-09-05T09:38:44.242074+00:00
[2022-09-05T09:38:44.451+0000] {processor.py:161} INFO - Processing /home/airflow/.local/lib/python3.7/site-packages/airflow/example_dags/example_latest_only_with_trigger.py took 0.323 seconds
