[2022-09-05T09:00:26.635+0000] {processor.py:153} INFO - Started process (PID=66) to work on /home/airflow/.local/lib/python3.7/site-packages/airflow/example_dags/example_xcom.py
[2022-09-05T09:00:26.637+0000] {processor.py:640} INFO - Processing file /home/airflow/.local/lib/python3.7/site-packages/airflow/example_dags/example_xcom.py for tasks to queue
[2022-09-05T09:00:26.638+0000] {logging_mixin.py:115} INFO - [2022-09-05T09:00:26.637+0000] {dagbag.py:508} INFO - Filling up the DagBag from /home/airflow/.local/lib/python3.7/site-packages/airflow/example_dags/example_xcom.py
[2022-09-05T09:00:26.676+0000] {processor.py:650} INFO - DAG(s) dict_keys(['example_xcom']) retrieved from /home/airflow/.local/lib/python3.7/site-packages/airflow/example_dags/example_xcom.py
[2022-09-05T09:00:27.055+0000] {logging_mixin.py:115} INFO - [2022-09-05T09:00:27.055+0000] {manager.py:508} INFO - Created Permission View: can read on DAG:example_xcom
[2022-09-05T09:00:27.199+0000] {logging_mixin.py:115} INFO - [2022-09-05T09:00:27.199+0000] {manager.py:508} INFO - Created Permission View: can edit on DAG:example_xcom
[2022-09-05T09:00:27.310+0000] {logging_mixin.py:115} INFO - [2022-09-05T09:00:27.310+0000] {manager.py:508} INFO - Created Permission View: can delete on DAG:example_xcom
[2022-09-05T09:00:27.311+0000] {logging_mixin.py:115} INFO - [2022-09-05T09:00:27.311+0000] {dag.py:2429} INFO - Sync 1 DAGs
[2022-09-05T09:00:27.325+0000] {logging_mixin.py:115} INFO - [2022-09-05T09:00:27.325+0000] {dag.py:2448} INFO - Creating ORM DAG for example_xcom
[2022-09-05T09:00:27.346+0000] {logging_mixin.py:115} INFO - [2022-09-05T09:00:27.345+0000] {dag.py:2981} INFO - Setting next_dagrun for example_xcom to 2021-01-01T00:00:00+00:00, run_after=2021-01-01T00:00:00+00:00
[2022-09-05T09:00:27.407+0000] {processor.py:161} INFO - Processing /home/airflow/.local/lib/python3.7/site-packages/airflow/example_dags/example_xcom.py took 0.777 seconds
[2022-09-05T09:00:57.532+0000] {processor.py:153} INFO - Started process (PID=118) to work on /home/airflow/.local/lib/python3.7/site-packages/airflow/example_dags/example_xcom.py
[2022-09-05T09:00:57.541+0000] {processor.py:640} INFO - Processing file /home/airflow/.local/lib/python3.7/site-packages/airflow/example_dags/example_xcom.py for tasks to queue
[2022-09-05T09:00:57.543+0000] {logging_mixin.py:115} INFO - [2022-09-05T09:00:57.543+0000] {dagbag.py:508} INFO - Filling up the DagBag from /home/airflow/.local/lib/python3.7/site-packages/airflow/example_dags/example_xcom.py
[2022-09-05T09:00:57.596+0000] {processor.py:650} INFO - DAG(s) dict_keys(['example_xcom']) retrieved from /home/airflow/.local/lib/python3.7/site-packages/airflow/example_dags/example_xcom.py
[2022-09-05T09:00:57.771+0000] {logging_mixin.py:115} INFO - [2022-09-05T09:00:57.771+0000] {dag.py:2429} INFO - Sync 1 DAGs
[2022-09-05T09:00:57.818+0000] {logging_mixin.py:115} INFO - [2022-09-05T09:00:57.817+0000] {dag.py:2981} INFO - Setting next_dagrun for example_xcom to 2021-01-01T00:00:00+00:00, run_after=2021-01-01T00:00:00+00:00
[2022-09-05T09:00:57.894+0000] {processor.py:161} INFO - Processing /home/airflow/.local/lib/python3.7/site-packages/airflow/example_dags/example_xcom.py took 0.370 seconds
[2022-09-05T09:01:28.265+0000] {processor.py:153} INFO - Started process (PID=169) to work on /home/airflow/.local/lib/python3.7/site-packages/airflow/example_dags/example_xcom.py
[2022-09-05T09:01:28.270+0000] {processor.py:640} INFO - Processing file /home/airflow/.local/lib/python3.7/site-packages/airflow/example_dags/example_xcom.py for tasks to queue
[2022-09-05T09:01:28.272+0000] {logging_mixin.py:115} INFO - [2022-09-05T09:01:28.272+0000] {dagbag.py:508} INFO - Filling up the DagBag from /home/airflow/.local/lib/python3.7/site-packages/airflow/example_dags/example_xcom.py
[2022-09-05T09:01:28.310+0000] {processor.py:650} INFO - DAG(s) dict_keys(['example_xcom']) retrieved from /home/airflow/.local/lib/python3.7/site-packages/airflow/example_dags/example_xcom.py
[2022-09-05T09:01:28.451+0000] {logging_mixin.py:115} INFO - [2022-09-05T09:01:28.451+0000] {dag.py:2429} INFO - Sync 1 DAGs
[2022-09-05T09:01:28.510+0000] {logging_mixin.py:115} INFO - [2022-09-05T09:01:28.510+0000] {dag.py:2981} INFO - Setting next_dagrun for example_xcom to 2021-01-01T00:00:00+00:00, run_after=2021-01-01T00:00:00+00:00
[2022-09-05T09:01:28.553+0000] {processor.py:161} INFO - Processing /home/airflow/.local/lib/python3.7/site-packages/airflow/example_dags/example_xcom.py took 0.302 seconds
[2022-09-05T09:02:22.107+0000] {processor.py:153} INFO - Started process (PID=212) to work on /home/airflow/.local/lib/python3.7/site-packages/airflow/example_dags/example_xcom.py
[2022-09-05T09:02:22.109+0000] {processor.py:640} INFO - Processing file /home/airflow/.local/lib/python3.7/site-packages/airflow/example_dags/example_xcom.py for tasks to queue
[2022-09-05T09:02:22.111+0000] {logging_mixin.py:115} INFO - [2022-09-05T09:02:22.111+0000] {dagbag.py:508} INFO - Filling up the DagBag from /home/airflow/.local/lib/python3.7/site-packages/airflow/example_dags/example_xcom.py
[2022-09-05T09:02:22.162+0000] {processor.py:650} INFO - DAG(s) dict_keys(['example_xcom']) retrieved from /home/airflow/.local/lib/python3.7/site-packages/airflow/example_dags/example_xcom.py
[2022-09-05T09:02:22.405+0000] {logging_mixin.py:115} INFO - [2022-09-05T09:02:22.404+0000] {dag.py:2429} INFO - Sync 1 DAGs
[2022-09-05T09:02:22.454+0000] {logging_mixin.py:115} INFO - [2022-09-05T09:02:22.453+0000] {dag.py:2981} INFO - Setting next_dagrun for example_xcom to 2021-01-01T00:00:00+00:00, run_after=2021-01-01T00:00:00+00:00
[2022-09-05T09:02:22.610+0000] {processor.py:161} INFO - Processing /home/airflow/.local/lib/python3.7/site-packages/airflow/example_dags/example_xcom.py took 0.511 seconds
[2022-09-05T09:03:34.159+0000] {processor.py:153} INFO - Started process (PID=281) to work on /home/airflow/.local/lib/python3.7/site-packages/airflow/example_dags/example_xcom.py
[2022-09-05T09:03:34.161+0000] {processor.py:640} INFO - Processing file /home/airflow/.local/lib/python3.7/site-packages/airflow/example_dags/example_xcom.py for tasks to queue
[2022-09-05T09:03:34.165+0000] {logging_mixin.py:115} INFO - [2022-09-05T09:03:34.165+0000] {dagbag.py:508} INFO - Filling up the DagBag from /home/airflow/.local/lib/python3.7/site-packages/airflow/example_dags/example_xcom.py
[2022-09-05T09:03:34.294+0000] {processor.py:650} INFO - DAG(s) dict_keys(['example_xcom']) retrieved from /home/airflow/.local/lib/python3.7/site-packages/airflow/example_dags/example_xcom.py
[2022-09-05T09:03:34.691+0000] {logging_mixin.py:115} INFO - [2022-09-05T09:03:34.691+0000] {dag.py:2429} INFO - Sync 1 DAGs
[2022-09-05T09:03:34.777+0000] {logging_mixin.py:115} INFO - [2022-09-05T09:03:34.776+0000] {dag.py:2981} INFO - Setting next_dagrun for example_xcom to 2021-01-01T00:00:00+00:00, run_after=2021-01-01T00:00:00+00:00
[2022-09-05T09:03:34.873+0000] {processor.py:161} INFO - Processing /home/airflow/.local/lib/python3.7/site-packages/airflow/example_dags/example_xcom.py took 0.734 seconds
[2022-09-05T09:06:11.552+0000] {processor.py:153} INFO - Started process (PID=360) to work on /home/airflow/.local/lib/python3.7/site-packages/airflow/example_dags/example_xcom.py
[2022-09-05T09:06:11.616+0000] {processor.py:640} INFO - Processing file /home/airflow/.local/lib/python3.7/site-packages/airflow/example_dags/example_xcom.py for tasks to queue
[2022-09-05T09:06:11.618+0000] {logging_mixin.py:115} INFO - [2022-09-05T09:06:11.618+0000] {dagbag.py:508} INFO - Filling up the DagBag from /home/airflow/.local/lib/python3.7/site-packages/airflow/example_dags/example_xcom.py
[2022-09-05T09:06:12.291+0000] {processor.py:650} INFO - DAG(s) dict_keys(['example_xcom']) retrieved from /home/airflow/.local/lib/python3.7/site-packages/airflow/example_dags/example_xcom.py
[2022-09-05T09:06:14.400+0000] {logging_mixin.py:115} INFO - [2022-09-05T09:06:14.399+0000] {dag.py:2429} INFO - Sync 1 DAGs
[2022-09-05T09:06:14.615+0000] {logging_mixin.py:115} INFO - [2022-09-05T09:06:14.613+0000] {dag.py:2981} INFO - Setting next_dagrun for example_xcom to 2021-01-01T00:00:00+00:00, run_after=2021-01-01T00:00:00+00:00
[2022-09-05T09:06:14.725+0000] {processor.py:161} INFO - Processing /home/airflow/.local/lib/python3.7/site-packages/airflow/example_dags/example_xcom.py took 3.237 seconds
[2022-09-05T09:06:46.515+0000] {processor.py:153} INFO - Started process (PID=403) to work on /home/airflow/.local/lib/python3.7/site-packages/airflow/example_dags/example_xcom.py
[2022-09-05T09:06:46.523+0000] {processor.py:640} INFO - Processing file /home/airflow/.local/lib/python3.7/site-packages/airflow/example_dags/example_xcom.py for tasks to queue
[2022-09-05T09:06:46.526+0000] {logging_mixin.py:115} INFO - [2022-09-05T09:06:46.525+0000] {dagbag.py:508} INFO - Filling up the DagBag from /home/airflow/.local/lib/python3.7/site-packages/airflow/example_dags/example_xcom.py
[2022-09-05T09:06:46.948+0000] {processor.py:650} INFO - DAG(s) dict_keys(['example_xcom']) retrieved from /home/airflow/.local/lib/python3.7/site-packages/airflow/example_dags/example_xcom.py
[2022-09-05T09:06:47.883+0000] {logging_mixin.py:115} INFO - [2022-09-05T09:06:47.882+0000] {dag.py:2429} INFO - Sync 1 DAGs
[2022-09-05T09:06:48.059+0000] {logging_mixin.py:115} INFO - [2022-09-05T09:06:48.058+0000] {dag.py:2981} INFO - Setting next_dagrun for example_xcom to 2021-01-01T00:00:00+00:00, run_after=2021-01-01T00:00:00+00:00
[2022-09-05T09:06:48.247+0000] {processor.py:161} INFO - Processing /home/airflow/.local/lib/python3.7/site-packages/airflow/example_dags/example_xcom.py took 1.799 seconds
[2022-09-05T09:14:33.386+0000] {processor.py:153} INFO - Started process (PID=82) to work on /home/airflow/.local/lib/python3.7/site-packages/airflow/example_dags/example_xcom.py
[2022-09-05T09:14:33.393+0000] {processor.py:640} INFO - Processing file /home/airflow/.local/lib/python3.7/site-packages/airflow/example_dags/example_xcom.py for tasks to queue
[2022-09-05T09:14:33.394+0000] {logging_mixin.py:115} INFO - [2022-09-05T09:14:33.394+0000] {dagbag.py:508} INFO - Filling up the DagBag from /home/airflow/.local/lib/python3.7/site-packages/airflow/example_dags/example_xcom.py
[2022-09-05T09:14:33.488+0000] {processor.py:650} INFO - DAG(s) dict_keys(['example_xcom']) retrieved from /home/airflow/.local/lib/python3.7/site-packages/airflow/example_dags/example_xcom.py
[2022-09-05T09:14:34.420+0000] {logging_mixin.py:115} INFO - [2022-09-05T09:14:34.417+0000] {dag.py:2429} INFO - Sync 1 DAGs
[2022-09-05T09:14:34.461+0000] {logging_mixin.py:115} INFO - [2022-09-05T09:14:34.461+0000] {dag.py:2981} INFO - Setting next_dagrun for example_xcom to 2021-01-01T00:00:00+00:00, run_after=2021-01-01T00:00:00+00:00
[2022-09-05T09:14:38.174+0000] {processor.py:161} INFO - Processing /home/airflow/.local/lib/python3.7/site-packages/airflow/example_dags/example_xcom.py took 4.795 seconds
[2022-09-05T09:15:55.536+0000] {processor.py:153} INFO - Started process (PID=149) to work on /home/airflow/.local/lib/python3.7/site-packages/airflow/example_dags/example_xcom.py
[2022-09-05T09:15:55.562+0000] {processor.py:640} INFO - Processing file /home/airflow/.local/lib/python3.7/site-packages/airflow/example_dags/example_xcom.py for tasks to queue
[2022-09-05T09:15:55.570+0000] {logging_mixin.py:115} INFO - [2022-09-05T09:15:55.569+0000] {dagbag.py:508} INFO - Filling up the DagBag from /home/airflow/.local/lib/python3.7/site-packages/airflow/example_dags/example_xcom.py
[2022-09-05T09:15:55.904+0000] {processor.py:650} INFO - DAG(s) dict_keys(['example_xcom']) retrieved from /home/airflow/.local/lib/python3.7/site-packages/airflow/example_dags/example_xcom.py
[2022-09-05T09:16:00.675+0000] {logging_mixin.py:115} INFO - [2022-09-05T09:16:00.675+0000] {dag.py:2429} INFO - Sync 1 DAGs
[2022-09-05T09:16:01.014+0000] {logging_mixin.py:115} INFO - [2022-09-05T09:16:01.013+0000] {dag.py:2981} INFO - Setting next_dagrun for example_xcom to 2021-01-01T00:00:00+00:00, run_after=2021-01-01T00:00:00+00:00
[2022-09-05T09:16:01.907+0000] {processor.py:161} INFO - Processing /home/airflow/.local/lib/python3.7/site-packages/airflow/example_dags/example_xcom.py took 6.450 seconds
[2022-09-05T09:23:07.192+0000] {processor.py:153} INFO - Started process (PID=69) to work on /home/airflow/.local/lib/python3.7/site-packages/airflow/example_dags/example_xcom.py
[2022-09-05T09:23:07.195+0000] {processor.py:640} INFO - Processing file /home/airflow/.local/lib/python3.7/site-packages/airflow/example_dags/example_xcom.py for tasks to queue
[2022-09-05T09:23:07.199+0000] {logging_mixin.py:115} INFO - [2022-09-05T09:23:07.199+0000] {dagbag.py:508} INFO - Filling up the DagBag from /home/airflow/.local/lib/python3.7/site-packages/airflow/example_dags/example_xcom.py
[2022-09-05T09:23:07.375+0000] {processor.py:650} INFO - DAG(s) dict_keys(['example_xcom']) retrieved from /home/airflow/.local/lib/python3.7/site-packages/airflow/example_dags/example_xcom.py
[2022-09-05T09:23:09.023+0000] {logging_mixin.py:115} INFO - [2022-09-05T09:23:09.019+0000] {dag.py:2429} INFO - Sync 1 DAGs
[2022-09-05T09:23:09.088+0000] {logging_mixin.py:115} INFO - [2022-09-05T09:23:09.088+0000] {dag.py:2981} INFO - Setting next_dagrun for example_xcom to 2021-01-01T00:00:00+00:00, run_after=2021-01-01T00:00:00+00:00
[2022-09-05T09:23:09.862+0000] {processor.py:161} INFO - Processing /home/airflow/.local/lib/python3.7/site-packages/airflow/example_dags/example_xcom.py took 2.680 seconds
[2022-09-05T09:24:24.117+0000] {processor.py:153} INFO - Started process (PID=135) to work on /home/airflow/.local/lib/python3.7/site-packages/airflow/example_dags/example_xcom.py
[2022-09-05T09:24:24.123+0000] {processor.py:640} INFO - Processing file /home/airflow/.local/lib/python3.7/site-packages/airflow/example_dags/example_xcom.py for tasks to queue
[2022-09-05T09:24:24.129+0000] {logging_mixin.py:115} INFO - [2022-09-05T09:24:24.129+0000] {dagbag.py:508} INFO - Filling up the DagBag from /home/airflow/.local/lib/python3.7/site-packages/airflow/example_dags/example_xcom.py
[2022-09-05T09:24:24.832+0000] {processor.py:650} INFO - DAG(s) dict_keys(['example_xcom']) retrieved from /home/airflow/.local/lib/python3.7/site-packages/airflow/example_dags/example_xcom.py
[2022-09-05T09:24:38.083+0000] {logging_mixin.py:115} INFO - [2022-09-05T09:24:38.073+0000] {dag.py:2429} INFO - Sync 1 DAGs
[2022-09-05T09:24:48.426+0000] {logging_mixin.py:115} INFO - [2022-09-05T09:24:48.408+0000] {dag.py:2981} INFO - Setting next_dagrun for example_xcom to 2021-01-01T00:00:00+00:00, run_after=2021-01-01T00:00:00+00:00
[2022-09-05T09:24:49.788+0000] {processor.py:161} INFO - Processing /home/airflow/.local/lib/python3.7/site-packages/airflow/example_dags/example_xcom.py took 25.719 seconds
