[2022-09-05T09:00:33.155+0000] {processor.py:153} INFO - Started process (PID=84) to work on /home/airflow/.local/lib/python3.7/site-packages/airflow/example_dags/example_xcomargs.py
[2022-09-05T09:00:33.157+0000] {processor.py:640} INFO - Processing file /home/airflow/.local/lib/python3.7/site-packages/airflow/example_dags/example_xcomargs.py for tasks to queue
[2022-09-05T09:00:33.159+0000] {logging_mixin.py:115} INFO - [2022-09-05T09:00:33.159+0000] {dagbag.py:508} INFO - Filling up the DagBag from /home/airflow/.local/lib/python3.7/site-packages/airflow/example_dags/example_xcomargs.py
[2022-09-05T09:00:33.198+0000] {processor.py:650} INFO - DAG(s) dict_keys(['example_xcom_args', 'example_xcom_args_with_operators']) retrieved from /home/airflow/.local/lib/python3.7/site-packages/airflow/example_dags/example_xcomargs.py
[2022-09-05T09:00:34.187+0000] {logging_mixin.py:115} INFO - [2022-09-05T09:00:34.187+0000] {manager.py:508} INFO - Created Permission View: can read on DAG:example_xcom_args
[2022-09-05T09:00:34.351+0000] {logging_mixin.py:115} INFO - [2022-09-05T09:00:34.351+0000] {manager.py:508} INFO - Created Permission View: can edit on DAG:example_xcom_args
[2022-09-05T09:00:34.419+0000] {logging_mixin.py:115} INFO - [2022-09-05T09:00:34.419+0000] {manager.py:508} INFO - Created Permission View: can delete on DAG:example_xcom_args
[2022-09-05T09:00:34.573+0000] {logging_mixin.py:115} INFO - [2022-09-05T09:00:34.573+0000] {manager.py:508} INFO - Created Permission View: can read on DAG:example_xcom_args_with_operators
[2022-09-05T09:00:34.628+0000] {logging_mixin.py:115} INFO - [2022-09-05T09:00:34.628+0000] {manager.py:508} INFO - Created Permission View: can edit on DAG:example_xcom_args_with_operators
[2022-09-05T09:00:34.695+0000] {logging_mixin.py:115} INFO - [2022-09-05T09:00:34.695+0000] {manager.py:508} INFO - Created Permission View: can delete on DAG:example_xcom_args_with_operators
[2022-09-05T09:00:34.696+0000] {logging_mixin.py:115} INFO - [2022-09-05T09:00:34.696+0000] {dag.py:2429} INFO - Sync 2 DAGs
[2022-09-05T09:00:34.728+0000] {logging_mixin.py:115} INFO - [2022-09-05T09:00:34.727+0000] {dag.py:2448} INFO - Creating ORM DAG for example_xcom_args
[2022-09-05T09:00:34.730+0000] {logging_mixin.py:115} INFO - [2022-09-05T09:00:34.730+0000] {dag.py:2448} INFO - Creating ORM DAG for example_xcom_args_with_operators
[2022-09-05T09:00:34.762+0000] {logging_mixin.py:115} INFO - [2022-09-05T09:00:34.762+0000] {dag.py:2981} INFO - Setting next_dagrun for example_xcom_args to None, run_after=None
[2022-09-05T09:00:34.763+0000] {logging_mixin.py:115} INFO - [2022-09-05T09:00:34.763+0000] {dag.py:2981} INFO - Setting next_dagrun for example_xcom_args_with_operators to None, run_after=None
[2022-09-05T09:00:34.846+0000] {processor.py:161} INFO - Processing /home/airflow/.local/lib/python3.7/site-packages/airflow/example_dags/example_xcomargs.py took 1.698 seconds
[2022-09-05T09:01:05.163+0000] {processor.py:153} INFO - Started process (PID=136) to work on /home/airflow/.local/lib/python3.7/site-packages/airflow/example_dags/example_xcomargs.py
[2022-09-05T09:01:05.166+0000] {processor.py:640} INFO - Processing file /home/airflow/.local/lib/python3.7/site-packages/airflow/example_dags/example_xcomargs.py for tasks to queue
[2022-09-05T09:01:05.170+0000] {logging_mixin.py:115} INFO - [2022-09-05T09:01:05.169+0000] {dagbag.py:508} INFO - Filling up the DagBag from /home/airflow/.local/lib/python3.7/site-packages/airflow/example_dags/example_xcomargs.py
[2022-09-05T09:01:05.244+0000] {processor.py:650} INFO - DAG(s) dict_keys(['example_xcom_args', 'example_xcom_args_with_operators']) retrieved from /home/airflow/.local/lib/python3.7/site-packages/airflow/example_dags/example_xcomargs.py
[2022-09-05T09:01:05.404+0000] {logging_mixin.py:115} INFO - [2022-09-05T09:01:05.403+0000] {dag.py:2429} INFO - Sync 2 DAGs
[2022-09-05T09:01:05.442+0000] {logging_mixin.py:115} INFO - [2022-09-05T09:01:05.441+0000] {dag.py:2981} INFO - Setting next_dagrun for example_xcom_args to None, run_after=None
[2022-09-05T09:01:05.442+0000] {logging_mixin.py:115} INFO - [2022-09-05T09:01:05.442+0000] {dag.py:2981} INFO - Setting next_dagrun for example_xcom_args_with_operators to None, run_after=None
[2022-09-05T09:01:05.527+0000] {processor.py:161} INFO - Processing /home/airflow/.local/lib/python3.7/site-packages/airflow/example_dags/example_xcomargs.py took 0.379 seconds
[2022-09-05T09:02:01.616+0000] {processor.py:153} INFO - Started process (PID=194) to work on /home/airflow/.local/lib/python3.7/site-packages/airflow/example_dags/example_xcomargs.py
[2022-09-05T09:02:01.621+0000] {processor.py:640} INFO - Processing file /home/airflow/.local/lib/python3.7/site-packages/airflow/example_dags/example_xcomargs.py for tasks to queue
[2022-09-05T09:02:01.627+0000] {logging_mixin.py:115} INFO - [2022-09-05T09:02:01.627+0000] {dagbag.py:508} INFO - Filling up the DagBag from /home/airflow/.local/lib/python3.7/site-packages/airflow/example_dags/example_xcomargs.py
[2022-09-05T09:02:02.419+0000] {processor.py:650} INFO - DAG(s) dict_keys(['example_xcom_args', 'example_xcom_args_with_operators']) retrieved from /home/airflow/.local/lib/python3.7/site-packages/airflow/example_dags/example_xcomargs.py
[2022-09-05T09:02:04.543+0000] {logging_mixin.py:115} INFO - [2022-09-05T09:02:04.539+0000] {dag.py:2429} INFO - Sync 2 DAGs
[2022-09-05T09:02:04.655+0000] {logging_mixin.py:115} INFO - [2022-09-05T09:02:04.654+0000] {dag.py:2981} INFO - Setting next_dagrun for example_xcom_args to None, run_after=None
[2022-09-05T09:02:04.657+0000] {logging_mixin.py:115} INFO - [2022-09-05T09:02:04.656+0000] {dag.py:2981} INFO - Setting next_dagrun for example_xcom_args_with_operators to None, run_after=None
[2022-09-05T09:02:15.948+0000] {processor.py:161} INFO - Processing /home/airflow/.local/lib/python3.7/site-packages/airflow/example_dags/example_xcomargs.py took 14.450 seconds
[2022-09-05T09:02:46.544+0000] {processor.py:153} INFO - Started process (PID=248) to work on /home/airflow/.local/lib/python3.7/site-packages/airflow/example_dags/example_xcomargs.py
[2022-09-05T09:02:46.549+0000] {processor.py:640} INFO - Processing file /home/airflow/.local/lib/python3.7/site-packages/airflow/example_dags/example_xcomargs.py for tasks to queue
[2022-09-05T09:02:46.551+0000] {logging_mixin.py:115} INFO - [2022-09-05T09:02:46.551+0000] {dagbag.py:508} INFO - Filling up the DagBag from /home/airflow/.local/lib/python3.7/site-packages/airflow/example_dags/example_xcomargs.py
[2022-09-05T09:02:46.613+0000] {processor.py:650} INFO - DAG(s) dict_keys(['example_xcom_args', 'example_xcom_args_with_operators']) retrieved from /home/airflow/.local/lib/python3.7/site-packages/airflow/example_dags/example_xcomargs.py
[2022-09-05T09:02:47.407+0000] {logging_mixin.py:115} INFO - [2022-09-05T09:02:47.407+0000] {dag.py:2429} INFO - Sync 2 DAGs
[2022-09-05T09:02:47.441+0000] {logging_mixin.py:115} INFO - [2022-09-05T09:02:47.441+0000] {dag.py:2981} INFO - Setting next_dagrun for example_xcom_args to None, run_after=None
[2022-09-05T09:02:47.442+0000] {logging_mixin.py:115} INFO - [2022-09-05T09:02:47.442+0000] {dag.py:2981} INFO - Setting next_dagrun for example_xcom_args_with_operators to None, run_after=None
[2022-09-05T09:02:47.674+0000] {processor.py:161} INFO - Processing /home/airflow/.local/lib/python3.7/site-packages/airflow/example_dags/example_xcomargs.py took 1.142 seconds
[2022-09-05T09:03:36.995+0000] {processor.py:153} INFO - Started process (PID=290) to work on /home/airflow/.local/lib/python3.7/site-packages/airflow/example_dags/example_xcomargs.py
[2022-09-05T09:03:37.006+0000] {processor.py:640} INFO - Processing file /home/airflow/.local/lib/python3.7/site-packages/airflow/example_dags/example_xcomargs.py for tasks to queue
[2022-09-05T09:03:37.008+0000] {logging_mixin.py:115} INFO - [2022-09-05T09:03:37.008+0000] {dagbag.py:508} INFO - Filling up the DagBag from /home/airflow/.local/lib/python3.7/site-packages/airflow/example_dags/example_xcomargs.py
[2022-09-05T09:03:37.080+0000] {processor.py:650} INFO - DAG(s) dict_keys(['example_xcom_args', 'example_xcom_args_with_operators']) retrieved from /home/airflow/.local/lib/python3.7/site-packages/airflow/example_dags/example_xcomargs.py
[2022-09-05T09:03:37.196+0000] {logging_mixin.py:115} INFO - [2022-09-05T09:03:37.196+0000] {dag.py:2429} INFO - Sync 2 DAGs
[2022-09-05T09:03:37.256+0000] {logging_mixin.py:115} INFO - [2022-09-05T09:03:37.256+0000] {dag.py:2981} INFO - Setting next_dagrun for example_xcom_args to None, run_after=None
[2022-09-05T09:03:37.262+0000] {logging_mixin.py:115} INFO - [2022-09-05T09:03:37.262+0000] {dag.py:2981} INFO - Setting next_dagrun for example_xcom_args_with_operators to None, run_after=None
[2022-09-05T09:03:37.375+0000] {processor.py:161} INFO - Processing /home/airflow/.local/lib/python3.7/site-packages/airflow/example_dags/example_xcomargs.py took 0.398 seconds
[2022-09-05T09:06:17.837+0000] {processor.py:153} INFO - Started process (PID=369) to work on /home/airflow/.local/lib/python3.7/site-packages/airflow/example_dags/example_xcomargs.py
[2022-09-05T09:06:17.840+0000] {processor.py:640} INFO - Processing file /home/airflow/.local/lib/python3.7/site-packages/airflow/example_dags/example_xcomargs.py for tasks to queue
[2022-09-05T09:06:17.842+0000] {logging_mixin.py:115} INFO - [2022-09-05T09:06:17.842+0000] {dagbag.py:508} INFO - Filling up the DagBag from /home/airflow/.local/lib/python3.7/site-packages/airflow/example_dags/example_xcomargs.py
[2022-09-05T09:06:17.998+0000] {processor.py:650} INFO - DAG(s) dict_keys(['example_xcom_args', 'example_xcom_args_with_operators']) retrieved from /home/airflow/.local/lib/python3.7/site-packages/airflow/example_dags/example_xcomargs.py
[2022-09-05T09:06:18.583+0000] {logging_mixin.py:115} INFO - [2022-09-05T09:06:18.583+0000] {dag.py:2429} INFO - Sync 2 DAGs
[2022-09-05T09:06:18.694+0000] {logging_mixin.py:115} INFO - [2022-09-05T09:06:18.694+0000] {dag.py:2981} INFO - Setting next_dagrun for example_xcom_args to None, run_after=None
[2022-09-05T09:06:18.698+0000] {logging_mixin.py:115} INFO - [2022-09-05T09:06:18.697+0000] {dag.py:2981} INFO - Setting next_dagrun for example_xcom_args_with_operators to None, run_after=None
[2022-09-05T09:06:18.855+0000] {processor.py:161} INFO - Processing /home/airflow/.local/lib/python3.7/site-packages/airflow/example_dags/example_xcomargs.py took 1.088 seconds
[2022-09-05T09:07:28.871+0000] {processor.py:153} INFO - Started process (PID=428) to work on /home/airflow/.local/lib/python3.7/site-packages/airflow/example_dags/example_xcomargs.py
[2022-09-05T09:07:28.885+0000] {processor.py:640} INFO - Processing file /home/airflow/.local/lib/python3.7/site-packages/airflow/example_dags/example_xcomargs.py for tasks to queue
[2022-09-05T09:07:28.905+0000] {logging_mixin.py:115} INFO - [2022-09-05T09:07:28.905+0000] {dagbag.py:508} INFO - Filling up the DagBag from /home/airflow/.local/lib/python3.7/site-packages/airflow/example_dags/example_xcomargs.py
[2022-09-05T09:07:29.400+0000] {processor.py:650} INFO - DAG(s) dict_keys(['example_xcom_args', 'example_xcom_args_with_operators']) retrieved from /home/airflow/.local/lib/python3.7/site-packages/airflow/example_dags/example_xcomargs.py
[2022-09-05T09:07:43.971+0000] {logging_mixin.py:115} INFO - [2022-09-05T09:07:43.967+0000] {dag.py:2429} INFO - Sync 2 DAGs
[2022-09-05T09:07:44.522+0000] {logging_mixin.py:115} INFO - [2022-09-05T09:07:44.514+0000] {dag.py:2981} INFO - Setting next_dagrun for example_xcom_args to None, run_after=None
[2022-09-05T09:07:44.525+0000] {logging_mixin.py:115} INFO - [2022-09-05T09:07:44.525+0000] {dag.py:2981} INFO - Setting next_dagrun for example_xcom_args_with_operators to None, run_after=None
[2022-09-05T09:07:44.804+0000] {processor.py:161} INFO - Processing /home/airflow/.local/lib/python3.7/site-packages/airflow/example_dags/example_xcomargs.py took 16.085 seconds
[2022-09-05T09:14:41.032+0000] {processor.py:153} INFO - Started process (PID=91) to work on /home/airflow/.local/lib/python3.7/site-packages/airflow/example_dags/example_xcomargs.py
[2022-09-05T09:14:41.034+0000] {processor.py:640} INFO - Processing file /home/airflow/.local/lib/python3.7/site-packages/airflow/example_dags/example_xcomargs.py for tasks to queue
[2022-09-05T09:14:41.037+0000] {logging_mixin.py:115} INFO - [2022-09-05T09:14:41.037+0000] {dagbag.py:508} INFO - Filling up the DagBag from /home/airflow/.local/lib/python3.7/site-packages/airflow/example_dags/example_xcomargs.py
[2022-09-05T09:14:41.104+0000] {processor.py:650} INFO - DAG(s) dict_keys(['example_xcom_args', 'example_xcom_args_with_operators']) retrieved from /home/airflow/.local/lib/python3.7/site-packages/airflow/example_dags/example_xcomargs.py
[2022-09-05T09:14:41.825+0000] {logging_mixin.py:115} INFO - [2022-09-05T09:14:41.822+0000] {dag.py:2429} INFO - Sync 2 DAGs
[2022-09-05T09:14:42.321+0000] {logging_mixin.py:115} INFO - [2022-09-05T09:14:42.279+0000] {dag.py:2981} INFO - Setting next_dagrun for example_xcom_args to None, run_after=None
[2022-09-05T09:14:42.331+0000] {logging_mixin.py:115} INFO - [2022-09-05T09:14:42.330+0000] {dag.py:2981} INFO - Setting next_dagrun for example_xcom_args_with_operators to None, run_after=None
[2022-09-05T09:14:44.853+0000] {processor.py:161} INFO - Processing /home/airflow/.local/lib/python3.7/site-packages/airflow/example_dags/example_xcomargs.py took 3.832 seconds
[2022-09-05T09:16:32.487+0000] {processor.py:153} INFO - Started process (PID=169) to work on /home/airflow/.local/lib/python3.7/site-packages/airflow/example_dags/example_xcomargs.py
[2022-09-05T09:16:32.510+0000] {processor.py:640} INFO - Processing file /home/airflow/.local/lib/python3.7/site-packages/airflow/example_dags/example_xcomargs.py for tasks to queue
[2022-09-05T09:16:32.530+0000] {logging_mixin.py:115} INFO - [2022-09-05T09:16:32.530+0000] {dagbag.py:508} INFO - Filling up the DagBag from /home/airflow/.local/lib/python3.7/site-packages/airflow/example_dags/example_xcomargs.py
[2022-09-05T09:16:33.071+0000] {processor.py:650} INFO - DAG(s) dict_keys(['example_xcom_args', 'example_xcom_args_with_operators']) retrieved from /home/airflow/.local/lib/python3.7/site-packages/airflow/example_dags/example_xcomargs.py
[2022-09-05T09:17:05.646+0000] {logging_mixin.py:115} INFO - [2022-09-05T09:17:05.619+0000] {dag.py:2429} INFO - Sync 2 DAGs
[2022-09-05T09:17:06.214+0000] {logging_mixin.py:115} INFO - [2022-09-05T09:17:06.205+0000] {dag.py:2981} INFO - Setting next_dagrun for example_xcom_args to None, run_after=None
[2022-09-05T09:17:06.221+0000] {logging_mixin.py:115} INFO - [2022-09-05T09:17:06.221+0000] {dag.py:2981} INFO - Setting next_dagrun for example_xcom_args_with_operators to None, run_after=None
[2022-09-05T09:17:06.717+0000] {processor.py:161} INFO - Processing /home/airflow/.local/lib/python3.7/site-packages/airflow/example_dags/example_xcomargs.py took 34.473 seconds
[2022-09-05T09:23:19.286+0000] {processor.py:153} INFO - Started process (PID=86) to work on /home/airflow/.local/lib/python3.7/site-packages/airflow/example_dags/example_xcomargs.py
[2022-09-05T09:23:19.291+0000] {processor.py:640} INFO - Processing file /home/airflow/.local/lib/python3.7/site-packages/airflow/example_dags/example_xcomargs.py for tasks to queue
[2022-09-05T09:23:19.321+0000] {logging_mixin.py:115} INFO - [2022-09-05T09:23:19.321+0000] {dagbag.py:508} INFO - Filling up the DagBag from /home/airflow/.local/lib/python3.7/site-packages/airflow/example_dags/example_xcomargs.py
[2022-09-05T09:23:19.578+0000] {processor.py:650} INFO - DAG(s) dict_keys(['example_xcom_args', 'example_xcom_args_with_operators']) retrieved from /home/airflow/.local/lib/python3.7/site-packages/airflow/example_dags/example_xcomargs.py
[2022-09-05T09:23:26.167+0000] {logging_mixin.py:115} INFO - [2022-09-05T09:23:26.167+0000] {dag.py:2429} INFO - Sync 2 DAGs
[2022-09-05T09:23:26.287+0000] {logging_mixin.py:115} INFO - [2022-09-05T09:23:26.287+0000] {dag.py:2981} INFO - Setting next_dagrun for example_xcom_args to None, run_after=None
[2022-09-05T09:23:26.294+0000] {logging_mixin.py:115} INFO - [2022-09-05T09:23:26.294+0000] {dag.py:2981} INFO - Setting next_dagrun for example_xcom_args_with_operators to None, run_after=None
[2022-09-05T09:23:26.643+0000] {processor.py:161} INFO - Processing /home/airflow/.local/lib/python3.7/site-packages/airflow/example_dags/example_xcomargs.py took 7.396 seconds
[2022-09-05T09:26:34.370+0000] {processor.py:153} INFO - Started process (PID=207) to work on /home/airflow/.local/lib/python3.7/site-packages/airflow/example_dags/example_xcomargs.py
[2022-09-05T09:26:34.404+0000] {processor.py:640} INFO - Processing file /home/airflow/.local/lib/python3.7/site-packages/airflow/example_dags/example_xcomargs.py for tasks to queue
[2022-09-05T09:26:34.409+0000] {logging_mixin.py:115} INFO - [2022-09-05T09:26:34.409+0000] {dagbag.py:508} INFO - Filling up the DagBag from /home/airflow/.local/lib/python3.7/site-packages/airflow/example_dags/example_xcomargs.py
[2022-09-05T09:26:35.939+0000] {processor.py:650} INFO - DAG(s) dict_keys(['example_xcom_args', 'example_xcom_args_with_operators']) retrieved from /home/airflow/.local/lib/python3.7/site-packages/airflow/example_dags/example_xcomargs.py
[2022-09-05T09:27:07.285+0000] {logging_mixin.py:115} INFO - [2022-09-05T09:27:07.130+0000] {dag.py:2429} INFO - Sync 2 DAGs
[2022-09-05T09:27:10.184+0000] {logging_mixin.py:115} INFO - [2022-09-05T09:27:10.148+0000] {dag.py:2981} INFO - Setting next_dagrun for example_xcom_args to None, run_after=None
[2022-09-05T09:27:10.341+0000] {logging_mixin.py:115} INFO - [2022-09-05T09:27:10.223+0000] {dag.py:2981} INFO - Setting next_dagrun for example_xcom_args_with_operators to None, run_after=None
[2022-09-05T09:27:13.171+0000] {processor.py:161} INFO - Processing /home/airflow/.local/lib/python3.7/site-packages/airflow/example_dags/example_xcomargs.py took 38.591 seconds
