[2022-09-05T09:00:20.436+0000] {processor.py:153} INFO - Started process (PID=59) to work on /home/airflow/.local/lib/python3.7/site-packages/airflow/example_dags/example_branch_labels.py
[2022-09-05T09:00:20.441+0000] {processor.py:640} INFO - Processing file /home/airflow/.local/lib/python3.7/site-packages/airflow/example_dags/example_branch_labels.py for tasks to queue
[2022-09-05T09:00:20.443+0000] {logging_mixin.py:115} INFO - [2022-09-05T09:00:20.443+0000] {dagbag.py:508} INFO - Filling up the DagBag from /home/airflow/.local/lib/python3.7/site-packages/airflow/example_dags/example_branch_labels.py
[2022-09-05T09:00:20.459+0000] {processor.py:650} INFO - DAG(s) dict_keys(['example_branch_labels']) retrieved from /home/airflow/.local/lib/python3.7/site-packages/airflow/example_dags/example_branch_labels.py
[2022-09-05T09:00:22.020+0000] {logging_mixin.py:115} INFO - [2022-09-05T09:00:22.020+0000] {manager.py:508} INFO - Created Permission View: can read on DAG:example_branch_labels
[2022-09-05T09:00:22.230+0000] {logging_mixin.py:115} INFO - [2022-09-05T09:00:22.229+0000] {manager.py:508} INFO - Created Permission View: can edit on DAG:example_branch_labels
[2022-09-05T09:00:22.594+0000] {logging_mixin.py:115} INFO - [2022-09-05T09:00:22.594+0000] {manager.py:508} INFO - Created Permission View: can delete on DAG:example_branch_labels
[2022-09-05T09:00:22.596+0000] {logging_mixin.py:115} INFO - [2022-09-05T09:00:22.595+0000] {dag.py:2429} INFO - Sync 1 DAGs
[2022-09-05T09:00:22.616+0000] {logging_mixin.py:115} INFO - [2022-09-05T09:00:22.616+0000] {dag.py:2448} INFO - Creating ORM DAG for example_branch_labels
[2022-09-05T09:00:22.644+0000] {logging_mixin.py:115} INFO - [2022-09-05T09:00:22.644+0000] {dag.py:2981} INFO - Setting next_dagrun for example_branch_labels to 2022-09-04T00:00:00+00:00, run_after=2022-09-05T00:00:00+00:00
[2022-09-05T09:00:23.131+0000] {processor.py:161} INFO - Processing /home/airflow/.local/lib/python3.7/site-packages/airflow/example_dags/example_branch_labels.py took 2.705 seconds
[2022-09-05T09:00:53.322+0000] {processor.py:153} INFO - Started process (PID=111) to work on /home/airflow/.local/lib/python3.7/site-packages/airflow/example_dags/example_branch_labels.py
[2022-09-05T09:00:53.326+0000] {processor.py:640} INFO - Processing file /home/airflow/.local/lib/python3.7/site-packages/airflow/example_dags/example_branch_labels.py for tasks to queue
[2022-09-05T09:00:53.329+0000] {logging_mixin.py:115} INFO - [2022-09-05T09:00:53.328+0000] {dagbag.py:508} INFO - Filling up the DagBag from /home/airflow/.local/lib/python3.7/site-packages/airflow/example_dags/example_branch_labels.py
[2022-09-05T09:00:53.350+0000] {processor.py:650} INFO - DAG(s) dict_keys(['example_branch_labels']) retrieved from /home/airflow/.local/lib/python3.7/site-packages/airflow/example_dags/example_branch_labels.py
[2022-09-05T09:00:53.414+0000] {logging_mixin.py:115} INFO - [2022-09-05T09:00:53.414+0000] {dag.py:2429} INFO - Sync 1 DAGs
[2022-09-05T09:00:53.507+0000] {logging_mixin.py:115} INFO - [2022-09-05T09:00:53.507+0000] {dag.py:2981} INFO - Setting next_dagrun for example_branch_labels to 2022-09-04T00:00:00+00:00, run_after=2022-09-05T00:00:00+00:00
[2022-09-05T09:00:53.667+0000] {processor.py:161} INFO - Processing /home/airflow/.local/lib/python3.7/site-packages/airflow/example_dags/example_branch_labels.py took 0.361 seconds
[2022-09-05T09:01:23.812+0000] {processor.py:153} INFO - Started process (PID=162) to work on /home/airflow/.local/lib/python3.7/site-packages/airflow/example_dags/example_branch_labels.py
[2022-09-05T09:01:23.813+0000] {processor.py:640} INFO - Processing file /home/airflow/.local/lib/python3.7/site-packages/airflow/example_dags/example_branch_labels.py for tasks to queue
[2022-09-05T09:01:23.814+0000] {logging_mixin.py:115} INFO - [2022-09-05T09:01:23.814+0000] {dagbag.py:508} INFO - Filling up the DagBag from /home/airflow/.local/lib/python3.7/site-packages/airflow/example_dags/example_branch_labels.py
[2022-09-05T09:01:23.830+0000] {processor.py:650} INFO - DAG(s) dict_keys(['example_branch_labels']) retrieved from /home/airflow/.local/lib/python3.7/site-packages/airflow/example_dags/example_branch_labels.py
[2022-09-05T09:01:23.880+0000] {logging_mixin.py:115} INFO - [2022-09-05T09:01:23.879+0000] {dag.py:2429} INFO - Sync 1 DAGs
[2022-09-05T09:01:23.923+0000] {logging_mixin.py:115} INFO - [2022-09-05T09:01:23.921+0000] {dag.py:2981} INFO - Setting next_dagrun for example_branch_labels to 2022-09-04T00:00:00+00:00, run_after=2022-09-05T00:00:00+00:00
[2022-09-05T09:01:24.005+0000] {processor.py:161} INFO - Processing /home/airflow/.local/lib/python3.7/site-packages/airflow/example_dags/example_branch_labels.py took 0.201 seconds
[2022-09-05T09:02:20.208+0000] {processor.py:153} INFO - Started process (PID=205) to work on /home/airflow/.local/lib/python3.7/site-packages/airflow/example_dags/example_branch_labels.py
[2022-09-05T09:02:20.210+0000] {processor.py:640} INFO - Processing file /home/airflow/.local/lib/python3.7/site-packages/airflow/example_dags/example_branch_labels.py for tasks to queue
[2022-09-05T09:02:20.212+0000] {logging_mixin.py:115} INFO - [2022-09-05T09:02:20.212+0000] {dagbag.py:508} INFO - Filling up the DagBag from /home/airflow/.local/lib/python3.7/site-packages/airflow/example_dags/example_branch_labels.py
[2022-09-05T09:02:20.228+0000] {processor.py:650} INFO - DAG(s) dict_keys(['example_branch_labels']) retrieved from /home/airflow/.local/lib/python3.7/site-packages/airflow/example_dags/example_branch_labels.py
[2022-09-05T09:02:20.291+0000] {logging_mixin.py:115} INFO - [2022-09-05T09:02:20.291+0000] {dag.py:2429} INFO - Sync 1 DAGs
[2022-09-05T09:02:20.335+0000] {logging_mixin.py:115} INFO - [2022-09-05T09:02:20.335+0000] {dag.py:2981} INFO - Setting next_dagrun for example_branch_labels to 2022-09-04T00:00:00+00:00, run_after=2022-09-05T00:00:00+00:00
[2022-09-05T09:02:20.509+0000] {processor.py:161} INFO - Processing /home/airflow/.local/lib/python3.7/site-packages/airflow/example_dags/example_branch_labels.py took 0.308 seconds
[2022-09-05T09:03:30.505+0000] {processor.py:153} INFO - Started process (PID=274) to work on /home/airflow/.local/lib/python3.7/site-packages/airflow/example_dags/example_branch_labels.py
[2022-09-05T09:03:30.515+0000] {processor.py:640} INFO - Processing file /home/airflow/.local/lib/python3.7/site-packages/airflow/example_dags/example_branch_labels.py for tasks to queue
[2022-09-05T09:03:30.519+0000] {logging_mixin.py:115} INFO - [2022-09-05T09:03:30.518+0000] {dagbag.py:508} INFO - Filling up the DagBag from /home/airflow/.local/lib/python3.7/site-packages/airflow/example_dags/example_branch_labels.py
[2022-09-05T09:03:30.589+0000] {processor.py:650} INFO - DAG(s) dict_keys(['example_branch_labels']) retrieved from /home/airflow/.local/lib/python3.7/site-packages/airflow/example_dags/example_branch_labels.py
[2022-09-05T09:03:30.729+0000] {logging_mixin.py:115} INFO - [2022-09-05T09:03:30.729+0000] {dag.py:2429} INFO - Sync 1 DAGs
[2022-09-05T09:03:30.932+0000] {logging_mixin.py:115} INFO - [2022-09-05T09:03:30.932+0000] {dag.py:2981} INFO - Setting next_dagrun for example_branch_labels to 2022-09-04T00:00:00+00:00, run_after=2022-09-05T00:00:00+00:00
[2022-09-05T09:03:31.049+0000] {processor.py:161} INFO - Processing /home/airflow/.local/lib/python3.7/site-packages/airflow/example_dags/example_branch_labels.py took 0.570 seconds
[2022-09-05T09:05:40.593+0000] {processor.py:153} INFO - Started process (PID=341) to work on /home/airflow/.local/lib/python3.7/site-packages/airflow/example_dags/example_branch_labels.py
[2022-09-05T09:05:43.361+0000] {processor.py:640} INFO - Processing file /home/airflow/.local/lib/python3.7/site-packages/airflow/example_dags/example_branch_labels.py for tasks to queue
[2022-09-05T09:05:51.060+0000] {logging_mixin.py:115} INFO - [2022-09-05T09:05:48.468+0000] {dagbag.py:508} INFO - Filling up the DagBag from /home/airflow/.local/lib/python3.7/site-packages/airflow/example_dags/example_branch_labels.py
[2022-09-05T09:05:52.194+0000] {processor.py:650} INFO - DAG(s) dict_keys(['example_branch_labels']) retrieved from /home/airflow/.local/lib/python3.7/site-packages/airflow/example_dags/example_branch_labels.py
[2022-09-05T09:05:53.543+0000] {logging_mixin.py:115} INFO - [2022-09-05T09:05:53.543+0000] {dag.py:2429} INFO - Sync 1 DAGs
[2022-09-05T09:05:54.429+0000] {logging_mixin.py:115} INFO - [2022-09-05T09:05:54.429+0000] {dag.py:2981} INFO - Setting next_dagrun for example_branch_labels to 2022-09-04T00:00:00+00:00, run_after=2022-09-05T00:00:00+00:00
[2022-09-05T09:05:58.088+0000] {processor.py:161} INFO - Processing /home/airflow/.local/lib/python3.7/site-packages/airflow/example_dags/example_branch_labels.py took 30.535 seconds
[2022-09-05T09:06:28.493+0000] {processor.py:153} INFO - Started process (PID=394) to work on /home/airflow/.local/lib/python3.7/site-packages/airflow/example_dags/example_branch_labels.py
[2022-09-05T09:06:28.500+0000] {processor.py:640} INFO - Processing file /home/airflow/.local/lib/python3.7/site-packages/airflow/example_dags/example_branch_labels.py for tasks to queue
[2022-09-05T09:06:28.504+0000] {logging_mixin.py:115} INFO - [2022-09-05T09:06:28.504+0000] {dagbag.py:508} INFO - Filling up the DagBag from /home/airflow/.local/lib/python3.7/site-packages/airflow/example_dags/example_branch_labels.py
[2022-09-05T09:06:28.636+0000] {processor.py:650} INFO - DAG(s) dict_keys(['example_branch_labels']) retrieved from /home/airflow/.local/lib/python3.7/site-packages/airflow/example_dags/example_branch_labels.py
[2022-09-05T09:06:29.065+0000] {logging_mixin.py:115} INFO - [2022-09-05T09:06:29.065+0000] {dag.py:2429} INFO - Sync 1 DAGs
[2022-09-05T09:06:29.824+0000] {logging_mixin.py:115} INFO - [2022-09-05T09:06:29.808+0000] {dag.py:2981} INFO - Setting next_dagrun for example_branch_labels to 2022-09-04T00:00:00+00:00, run_after=2022-09-05T00:00:00+00:00
[2022-09-05T09:06:30.020+0000] {processor.py:161} INFO - Processing /home/airflow/.local/lib/python3.7/site-packages/airflow/example_dags/example_branch_labels.py took 1.556 seconds
[2022-09-05T09:08:45.410+0000] {processor.py:153} INFO - Started process (PID=459) to work on /home/airflow/.local/lib/python3.7/site-packages/airflow/example_dags/example_branch_labels.py
[2022-09-05T09:08:45.544+0000] {processor.py:640} INFO - Processing file /home/airflow/.local/lib/python3.7/site-packages/airflow/example_dags/example_branch_labels.py for tasks to queue
[2022-09-05T09:08:45.553+0000] {logging_mixin.py:115} INFO - [2022-09-05T09:08:45.552+0000] {dagbag.py:508} INFO - Filling up the DagBag from /home/airflow/.local/lib/python3.7/site-packages/airflow/example_dags/example_branch_labels.py
[2022-09-05T09:08:46.310+0000] {processor.py:650} INFO - DAG(s) dict_keys(['example_branch_labels']) retrieved from /home/airflow/.local/lib/python3.7/site-packages/airflow/example_dags/example_branch_labels.py
[2022-09-05T09:08:58.915+0000] {logging_mixin.py:115} INFO - [2022-09-05T09:08:58.907+0000] {dag.py:2429} INFO - Sync 1 DAGs
[2022-09-05T09:09:01.234+0000] {logging_mixin.py:115} INFO - [2022-09-05T09:09:01.139+0000] {dag.py:2981} INFO - Setting next_dagrun for example_branch_labels to 2022-09-04T00:00:00+00:00, run_after=2022-09-05T00:00:00+00:00
[2022-09-05T09:09:12.239+0000] {processor.py:161} INFO - Processing /home/airflow/.local/lib/python3.7/site-packages/airflow/example_dags/example_branch_labels.py took 28.141 seconds
[2022-09-05T09:13:58.198+0000] {processor.py:153} INFO - Started process (PID=63) to work on /home/airflow/.local/lib/python3.7/site-packages/airflow/example_dags/example_branch_labels.py
[2022-09-05T09:13:58.202+0000] {processor.py:640} INFO - Processing file /home/airflow/.local/lib/python3.7/site-packages/airflow/example_dags/example_branch_labels.py for tasks to queue
[2022-09-05T09:13:58.209+0000] {logging_mixin.py:115} INFO - [2022-09-05T09:13:58.209+0000] {dagbag.py:508} INFO - Filling up the DagBag from /home/airflow/.local/lib/python3.7/site-packages/airflow/example_dags/example_branch_labels.py
[2022-09-05T09:13:58.619+0000] {processor.py:650} INFO - DAG(s) dict_keys(['example_branch_labels']) retrieved from /home/airflow/.local/lib/python3.7/site-packages/airflow/example_dags/example_branch_labels.py
[2022-09-05T09:14:02.308+0000] {logging_mixin.py:115} INFO - [2022-09-05T09:14:02.253+0000] {dag.py:2429} INFO - Sync 1 DAGs
[2022-09-05T09:14:13.702+0000] {logging_mixin.py:115} INFO - [2022-09-05T09:14:13.693+0000] {dag.py:2981} INFO - Setting next_dagrun for example_branch_labels to 2022-09-04T00:00:00+00:00, run_after=2022-09-05T00:00:00+00:00
[2022-09-05T09:14:26.092+0000] {processor.py:161} INFO - Processing /home/airflow/.local/lib/python3.7/site-packages/airflow/example_dags/example_branch_labels.py took 27.388 seconds
[2022-09-05T09:15:30.448+0000] {processor.py:153} INFO - Started process (PID=134) to work on /home/airflow/.local/lib/python3.7/site-packages/airflow/example_dags/example_branch_labels.py
[2022-09-05T09:15:30.460+0000] {processor.py:640} INFO - Processing file /home/airflow/.local/lib/python3.7/site-packages/airflow/example_dags/example_branch_labels.py for tasks to queue
[2022-09-05T09:15:30.472+0000] {logging_mixin.py:115} INFO - [2022-09-05T09:15:30.472+0000] {dagbag.py:508} INFO - Filling up the DagBag from /home/airflow/.local/lib/python3.7/site-packages/airflow/example_dags/example_branch_labels.py
[2022-09-05T09:15:30.569+0000] {processor.py:650} INFO - DAG(s) dict_keys(['example_branch_labels']) retrieved from /home/airflow/.local/lib/python3.7/site-packages/airflow/example_dags/example_branch_labels.py
[2022-09-05T09:15:31.099+0000] {logging_mixin.py:115} INFO - [2022-09-05T09:15:31.099+0000] {dag.py:2429} INFO - Sync 1 DAGs
[2022-09-05T09:15:31.365+0000] {logging_mixin.py:115} INFO - [2022-09-05T09:15:31.364+0000] {dag.py:2981} INFO - Setting next_dagrun for example_branch_labels to 2022-09-04T00:00:00+00:00, run_after=2022-09-05T00:00:00+00:00
[2022-09-05T09:15:31.538+0000] {processor.py:161} INFO - Processing /home/airflow/.local/lib/python3.7/site-packages/airflow/example_dags/example_branch_labels.py took 1.176 seconds
[2022-09-05T09:17:38.996+0000] {processor.py:153} INFO - Started process (PID=198) to work on /home/airflow/.local/lib/python3.7/site-packages/airflow/example_dags/example_branch_labels.py
[2022-09-05T09:17:39.070+0000] {processor.py:640} INFO - Processing file /home/airflow/.local/lib/python3.7/site-packages/airflow/example_dags/example_branch_labels.py for tasks to queue
[2022-09-05T09:17:39.263+0000] {logging_mixin.py:115} INFO - [2022-09-05T09:17:39.164+0000] {dagbag.py:508} INFO - Filling up the DagBag from /home/airflow/.local/lib/python3.7/site-packages/airflow/example_dags/example_branch_labels.py
[2022-09-05T09:17:43.490+0000] {processor.py:650} INFO - DAG(s) dict_keys(['example_branch_labels']) retrieved from /home/airflow/.local/lib/python3.7/site-packages/airflow/example_dags/example_branch_labels.py
[2022-09-05T09:17:50.756+0000] {logging_mixin.py:115} INFO - [2022-09-05T09:17:50.743+0000] {dag.py:2429} INFO - Sync 1 DAGs
[2022-09-05T09:18:00.099+0000] {logging_mixin.py:115} INFO - [2022-09-05T09:18:00.098+0000] {dag.py:2981} INFO - Setting next_dagrun for example_branch_labels to 2022-09-04T00:00:00+00:00, run_after=2022-09-05T00:00:00+00:00
[2022-09-05T09:18:00.399+0000] {processor.py:161} INFO - Processing /home/airflow/.local/lib/python3.7/site-packages/airflow/example_dags/example_branch_labels.py took 21.454 seconds
[2022-09-05T09:22:48.571+0000] {processor.py:153} INFO - Started process (PID=59) to work on /home/airflow/.local/lib/python3.7/site-packages/airflow/example_dags/example_branch_labels.py
[2022-09-05T09:22:48.583+0000] {processor.py:640} INFO - Processing file /home/airflow/.local/lib/python3.7/site-packages/airflow/example_dags/example_branch_labels.py for tasks to queue
[2022-09-05T09:22:48.586+0000] {logging_mixin.py:115} INFO - [2022-09-05T09:22:48.586+0000] {dagbag.py:508} INFO - Filling up the DagBag from /home/airflow/.local/lib/python3.7/site-packages/airflow/example_dags/example_branch_labels.py
[2022-09-05T09:22:48.818+0000] {processor.py:650} INFO - DAG(s) dict_keys(['example_branch_labels']) retrieved from /home/airflow/.local/lib/python3.7/site-packages/airflow/example_dags/example_branch_labels.py
[2022-09-05T09:22:50.507+0000] {logging_mixin.py:115} INFO - [2022-09-05T09:22:50.464+0000] {dag.py:2429} INFO - Sync 1 DAGs
[2022-09-05T09:22:51.765+0000] {logging_mixin.py:115} INFO - [2022-09-05T09:22:51.652+0000] {dag.py:2981} INFO - Setting next_dagrun for example_branch_labels to 2022-09-04T00:00:00+00:00, run_after=2022-09-05T00:00:00+00:00
[2022-09-05T09:22:56.042+0000] {processor.py:161} INFO - Processing /home/airflow/.local/lib/python3.7/site-packages/airflow/example_dags/example_branch_labels.py took 7.542 seconds
[2022-09-05T09:23:48.072+0000] {processor.py:153} INFO - Started process (PID=113) to work on /home/airflow/.local/lib/python3.7/site-packages/airflow/example_dags/example_branch_labels.py
[2022-09-05T09:23:48.078+0000] {processor.py:640} INFO - Processing file /home/airflow/.local/lib/python3.7/site-packages/airflow/example_dags/example_branch_labels.py for tasks to queue
[2022-09-05T09:23:48.097+0000] {logging_mixin.py:115} INFO - [2022-09-05T09:23:48.088+0000] {dagbag.py:508} INFO - Filling up the DagBag from /home/airflow/.local/lib/python3.7/site-packages/airflow/example_dags/example_branch_labels.py
[2022-09-05T09:23:48.130+0000] {processor.py:650} INFO - DAG(s) dict_keys(['example_branch_labels']) retrieved from /home/airflow/.local/lib/python3.7/site-packages/airflow/example_dags/example_branch_labels.py
[2022-09-05T09:23:48.317+0000] {logging_mixin.py:115} INFO - [2022-09-05T09:23:48.314+0000] {dag.py:2429} INFO - Sync 1 DAGs
[2022-09-05T09:23:48.454+0000] {logging_mixin.py:115} INFO - [2022-09-05T09:23:48.450+0000] {dag.py:2981} INFO - Setting next_dagrun for example_branch_labels to 2022-09-04T00:00:00+00:00, run_after=2022-09-05T00:00:00+00:00
[2022-09-05T09:23:48.899+0000] {processor.py:161} INFO - Processing /home/airflow/.local/lib/python3.7/site-packages/airflow/example_dags/example_branch_labels.py took 0.871 seconds
[2022-09-05T09:25:27.152+0000] {processor.py:153} INFO - Started process (PID=170) to work on /home/airflow/.local/lib/python3.7/site-packages/airflow/example_dags/example_branch_labels.py
[2022-09-05T09:25:27.157+0000] {processor.py:640} INFO - Processing file /home/airflow/.local/lib/python3.7/site-packages/airflow/example_dags/example_branch_labels.py for tasks to queue
[2022-09-05T09:25:27.179+0000] {logging_mixin.py:115} INFO - [2022-09-05T09:25:27.179+0000] {dagbag.py:508} INFO - Filling up the DagBag from /home/airflow/.local/lib/python3.7/site-packages/airflow/example_dags/example_branch_labels.py
[2022-09-05T09:25:27.520+0000] {processor.py:650} INFO - DAG(s) dict_keys(['example_branch_labels']) retrieved from /home/airflow/.local/lib/python3.7/site-packages/airflow/example_dags/example_branch_labels.py
[2022-09-05T09:25:30.043+0000] {logging_mixin.py:115} INFO - [2022-09-05T09:25:29.956+0000] {dag.py:2429} INFO - Sync 1 DAGs
[2022-09-05T09:25:44.125+0000] {logging_mixin.py:115} INFO - [2022-09-05T09:25:44.109+0000] {dag.py:2981} INFO - Setting next_dagrun for example_branch_labels to 2022-09-04T00:00:00+00:00, run_after=2022-09-05T00:00:00+00:00
[2022-09-05T09:25:44.671+0000] {processor.py:161} INFO - Processing /home/airflow/.local/lib/python3.7/site-packages/airflow/example_dags/example_branch_labels.py took 17.601 seconds
[2022-09-05T09:38:43.600+0000] {processor.py:153} INFO - Started process (PID=79) to work on /home/airflow/.local/lib/python3.7/site-packages/airflow/example_dags/example_branch_labels.py
[2022-09-05T09:38:43.602+0000] {processor.py:640} INFO - Processing file /home/airflow/.local/lib/python3.7/site-packages/airflow/example_dags/example_branch_labels.py for tasks to queue
[2022-09-05T09:38:43.603+0000] {logging_mixin.py:115} INFO - [2022-09-05T09:38:43.603+0000] {dagbag.py:508} INFO - Filling up the DagBag from /home/airflow/.local/lib/python3.7/site-packages/airflow/example_dags/example_branch_labels.py
[2022-09-05T09:38:43.625+0000] {processor.py:650} INFO - DAG(s) dict_keys(['example_branch_labels']) retrieved from /home/airflow/.local/lib/python3.7/site-packages/airflow/example_dags/example_branch_labels.py
[2022-09-05T09:38:43.690+0000] {logging_mixin.py:115} INFO - [2022-09-05T09:38:43.690+0000] {dag.py:2429} INFO - Sync 1 DAGs
[2022-09-05T09:38:43.750+0000] {logging_mixin.py:115} INFO - [2022-09-05T09:38:43.750+0000] {dag.py:2981} INFO - Setting next_dagrun for example_branch_labels to 2022-09-04T00:00:00+00:00, run_after=2022-09-05T00:00:00+00:00
[2022-09-05T09:38:44.093+0000] {processor.py:161} INFO - Processing /home/airflow/.local/lib/python3.7/site-packages/airflow/example_dags/example_branch_labels.py took 0.503 seconds
