[2022-09-05T09:00:28.273+0000] {processor.py:153} INFO - Started process (PID=76) to work on /home/airflow/.local/lib/python3.7/site-packages/airflow/example_dags/example_task_group.py
[2022-09-05T09:00:28.286+0000] {processor.py:640} INFO - Processing file /home/airflow/.local/lib/python3.7/site-packages/airflow/example_dags/example_task_group.py for tasks to queue
[2022-09-05T09:00:28.290+0000] {logging_mixin.py:115} INFO - [2022-09-05T09:00:28.289+0000] {dagbag.py:508} INFO - Filling up the DagBag from /home/airflow/.local/lib/python3.7/site-packages/airflow/example_dags/example_task_group.py
[2022-09-05T09:00:28.357+0000] {processor.py:650} INFO - DAG(s) dict_keys(['example_task_group']) retrieved from /home/airflow/.local/lib/python3.7/site-packages/airflow/example_dags/example_task_group.py
[2022-09-05T09:00:29.071+0000] {logging_mixin.py:115} INFO - [2022-09-05T09:00:29.071+0000] {manager.py:508} INFO - Created Permission View: can read on DAG:example_task_group
[2022-09-05T09:00:29.196+0000] {logging_mixin.py:115} INFO - [2022-09-05T09:00:29.194+0000] {manager.py:508} INFO - Created Permission View: can edit on DAG:example_task_group
[2022-09-05T09:00:29.325+0000] {logging_mixin.py:115} INFO - [2022-09-05T09:00:29.325+0000] {manager.py:508} INFO - Created Permission View: can delete on DAG:example_task_group
[2022-09-05T09:00:29.326+0000] {logging_mixin.py:115} INFO - [2022-09-05T09:00:29.326+0000] {dag.py:2429} INFO - Sync 1 DAGs
[2022-09-05T09:00:29.377+0000] {logging_mixin.py:115} INFO - [2022-09-05T09:00:29.369+0000] {dag.py:2448} INFO - Creating ORM DAG for example_task_group
[2022-09-05T09:00:29.434+0000] {logging_mixin.py:115} INFO - [2022-09-05T09:00:29.434+0000] {dag.py:2981} INFO - Setting next_dagrun for example_task_group to 2022-09-04T09:00:29.433799+00:00, run_after=2022-09-05T09:00:29.433799+00:00
[2022-09-05T09:00:29.701+0000] {processor.py:161} INFO - Processing /home/airflow/.local/lib/python3.7/site-packages/airflow/example_dags/example_task_group.py took 1.438 seconds
[2022-09-05T09:01:00.871+0000] {processor.py:153} INFO - Started process (PID=122) to work on /home/airflow/.local/lib/python3.7/site-packages/airflow/example_dags/example_task_group.py
[2022-09-05T09:01:00.873+0000] {processor.py:640} INFO - Processing file /home/airflow/.local/lib/python3.7/site-packages/airflow/example_dags/example_task_group.py for tasks to queue
[2022-09-05T09:01:00.875+0000] {logging_mixin.py:115} INFO - [2022-09-05T09:01:00.874+0000] {dagbag.py:508} INFO - Filling up the DagBag from /home/airflow/.local/lib/python3.7/site-packages/airflow/example_dags/example_task_group.py
[2022-09-05T09:01:00.907+0000] {processor.py:650} INFO - DAG(s) dict_keys(['example_task_group']) retrieved from /home/airflow/.local/lib/python3.7/site-packages/airflow/example_dags/example_task_group.py
[2022-09-05T09:01:01.023+0000] {logging_mixin.py:115} INFO - [2022-09-05T09:01:01.023+0000] {dag.py:2429} INFO - Sync 1 DAGs
[2022-09-05T09:01:01.071+0000] {logging_mixin.py:115} INFO - [2022-09-05T09:01:01.071+0000] {dag.py:2981} INFO - Setting next_dagrun for example_task_group to 2022-09-04T09:01:01.071108+00:00, run_after=2022-09-05T09:01:01.071108+00:00
[2022-09-05T09:01:01.188+0000] {processor.py:161} INFO - Processing /home/airflow/.local/lib/python3.7/site-packages/airflow/example_dags/example_task_group.py took 0.334 seconds
[2022-09-05T09:01:35.003+0000] {processor.py:153} INFO - Started process (PID=182) to work on /home/airflow/.local/lib/python3.7/site-packages/airflow/example_dags/example_task_group.py
[2022-09-05T09:01:35.010+0000] {processor.py:640} INFO - Processing file /home/airflow/.local/lib/python3.7/site-packages/airflow/example_dags/example_task_group.py for tasks to queue
[2022-09-05T09:01:35.014+0000] {logging_mixin.py:115} INFO - [2022-09-05T09:01:35.014+0000] {dagbag.py:508} INFO - Filling up the DagBag from /home/airflow/.local/lib/python3.7/site-packages/airflow/example_dags/example_task_group.py
[2022-09-05T09:01:35.164+0000] {processor.py:650} INFO - DAG(s) dict_keys(['example_task_group']) retrieved from /home/airflow/.local/lib/python3.7/site-packages/airflow/example_dags/example_task_group.py
[2022-09-05T09:01:35.351+0000] {logging_mixin.py:115} INFO - [2022-09-05T09:01:35.350+0000] {dag.py:2429} INFO - Sync 1 DAGs
[2022-09-05T09:01:35.512+0000] {logging_mixin.py:115} INFO - [2022-09-05T09:01:35.512+0000] {dag.py:2981} INFO - Setting next_dagrun for example_task_group to 2022-09-04T09:01:35.511951+00:00, run_after=2022-09-05T09:01:35.511951+00:00
[2022-09-05T09:01:35.781+0000] {processor.py:161} INFO - Processing /home/airflow/.local/lib/python3.7/site-packages/airflow/example_dags/example_task_group.py took 0.795 seconds
[2022-09-05T09:02:22.880+0000] {processor.py:153} INFO - Started process (PID=216) to work on /home/airflow/.local/lib/python3.7/site-packages/airflow/example_dags/example_task_group.py
[2022-09-05T09:02:22.883+0000] {processor.py:640} INFO - Processing file /home/airflow/.local/lib/python3.7/site-packages/airflow/example_dags/example_task_group.py for tasks to queue
[2022-09-05T09:02:22.884+0000] {logging_mixin.py:115} INFO - [2022-09-05T09:02:22.884+0000] {dagbag.py:508} INFO - Filling up the DagBag from /home/airflow/.local/lib/python3.7/site-packages/airflow/example_dags/example_task_group.py
[2022-09-05T09:02:22.897+0000] {processor.py:650} INFO - DAG(s) dict_keys(['example_task_group']) retrieved from /home/airflow/.local/lib/python3.7/site-packages/airflow/example_dags/example_task_group.py
[2022-09-05T09:02:22.950+0000] {logging_mixin.py:115} INFO - [2022-09-05T09:02:22.949+0000] {dag.py:2429} INFO - Sync 1 DAGs
[2022-09-05T09:02:22.994+0000] {logging_mixin.py:115} INFO - [2022-09-05T09:02:22.994+0000] {dag.py:2981} INFO - Setting next_dagrun for example_task_group to 2022-09-04T09:02:22.993845+00:00, run_after=2022-09-05T09:02:22.993845+00:00
[2022-09-05T09:02:23.099+0000] {processor.py:161} INFO - Processing /home/airflow/.local/lib/python3.7/site-packages/airflow/example_dags/example_task_group.py took 0.227 seconds
[2022-09-05T09:03:35.586+0000] {processor.py:153} INFO - Started process (PID=285) to work on /home/airflow/.local/lib/python3.7/site-packages/airflow/example_dags/example_task_group.py
[2022-09-05T09:03:35.596+0000] {processor.py:640} INFO - Processing file /home/airflow/.local/lib/python3.7/site-packages/airflow/example_dags/example_task_group.py for tasks to queue
[2022-09-05T09:03:35.609+0000] {logging_mixin.py:115} INFO - [2022-09-05T09:03:35.608+0000] {dagbag.py:508} INFO - Filling up the DagBag from /home/airflow/.local/lib/python3.7/site-packages/airflow/example_dags/example_task_group.py
[2022-09-05T09:03:35.699+0000] {processor.py:650} INFO - DAG(s) dict_keys(['example_task_group']) retrieved from /home/airflow/.local/lib/python3.7/site-packages/airflow/example_dags/example_task_group.py
[2022-09-05T09:03:35.903+0000] {logging_mixin.py:115} INFO - [2022-09-05T09:03:35.903+0000] {dag.py:2429} INFO - Sync 1 DAGs
[2022-09-05T09:03:36.174+0000] {logging_mixin.py:115} INFO - [2022-09-05T09:03:36.173+0000] {dag.py:2981} INFO - Setting next_dagrun for example_task_group to 2022-09-04T09:03:36.168993+00:00, run_after=2022-09-05T09:03:36.168993+00:00
[2022-09-05T09:03:36.286+0000] {processor.py:161} INFO - Processing /home/airflow/.local/lib/python3.7/site-packages/airflow/example_dags/example_task_group.py took 0.739 seconds
[2022-09-05T09:06:15.571+0000] {processor.py:153} INFO - Started process (PID=364) to work on /home/airflow/.local/lib/python3.7/site-packages/airflow/example_dags/example_task_group.py
[2022-09-05T09:06:15.576+0000] {processor.py:640} INFO - Processing file /home/airflow/.local/lib/python3.7/site-packages/airflow/example_dags/example_task_group.py for tasks to queue
[2022-09-05T09:06:15.586+0000] {logging_mixin.py:115} INFO - [2022-09-05T09:06:15.585+0000] {dagbag.py:508} INFO - Filling up the DagBag from /home/airflow/.local/lib/python3.7/site-packages/airflow/example_dags/example_task_group.py
[2022-09-05T09:06:15.685+0000] {processor.py:650} INFO - DAG(s) dict_keys(['example_task_group']) retrieved from /home/airflow/.local/lib/python3.7/site-packages/airflow/example_dags/example_task_group.py
[2022-09-05T09:06:15.926+0000] {logging_mixin.py:115} INFO - [2022-09-05T09:06:15.926+0000] {dag.py:2429} INFO - Sync 1 DAGs
[2022-09-05T09:06:16.112+0000] {logging_mixin.py:115} INFO - [2022-09-05T09:06:16.112+0000] {dag.py:2981} INFO - Setting next_dagrun for example_task_group to 2022-09-04T09:06:16.111678+00:00, run_after=2022-09-05T09:06:16.111678+00:00
[2022-09-05T09:06:16.360+0000] {processor.py:161} INFO - Processing /home/airflow/.local/lib/python3.7/site-packages/airflow/example_dags/example_task_group.py took 0.831 seconds
[2022-09-05T09:06:51.268+0000] {processor.py:153} INFO - Started process (PID=414) to work on /home/airflow/.local/lib/python3.7/site-packages/airflow/example_dags/example_task_group.py
[2022-09-05T09:06:51.279+0000] {processor.py:640} INFO - Processing file /home/airflow/.local/lib/python3.7/site-packages/airflow/example_dags/example_task_group.py for tasks to queue
[2022-09-05T09:06:51.295+0000] {logging_mixin.py:115} INFO - [2022-09-05T09:06:51.294+0000] {dagbag.py:508} INFO - Filling up the DagBag from /home/airflow/.local/lib/python3.7/site-packages/airflow/example_dags/example_task_group.py
[2022-09-05T09:06:51.392+0000] {processor.py:650} INFO - DAG(s) dict_keys(['example_task_group']) retrieved from /home/airflow/.local/lib/python3.7/site-packages/airflow/example_dags/example_task_group.py
[2022-09-05T09:06:51.691+0000] {logging_mixin.py:115} INFO - [2022-09-05T09:06:51.690+0000] {dag.py:2429} INFO - Sync 1 DAGs
[2022-09-05T09:06:51.912+0000] {logging_mixin.py:115} INFO - [2022-09-05T09:06:51.912+0000] {dag.py:2981} INFO - Setting next_dagrun for example_task_group to 2022-09-04T09:06:51.909914+00:00, run_after=2022-09-05T09:06:51.909914+00:00
[2022-09-05T09:06:52.183+0000] {processor.py:161} INFO - Processing /home/airflow/.local/lib/python3.7/site-packages/airflow/example_dags/example_task_group.py took 0.954 seconds
[2022-09-05T09:14:38.276+0000] {processor.py:153} INFO - Started process (PID=86) to work on /home/airflow/.local/lib/python3.7/site-packages/airflow/example_dags/example_task_group.py
[2022-09-05T09:14:38.281+0000] {processor.py:640} INFO - Processing file /home/airflow/.local/lib/python3.7/site-packages/airflow/example_dags/example_task_group.py for tasks to queue
[2022-09-05T09:14:38.288+0000] {logging_mixin.py:115} INFO - [2022-09-05T09:14:38.288+0000] {dagbag.py:508} INFO - Filling up the DagBag from /home/airflow/.local/lib/python3.7/site-packages/airflow/example_dags/example_task_group.py
[2022-09-05T09:14:38.355+0000] {processor.py:650} INFO - DAG(s) dict_keys(['example_task_group']) retrieved from /home/airflow/.local/lib/python3.7/site-packages/airflow/example_dags/example_task_group.py
[2022-09-05T09:14:38.527+0000] {logging_mixin.py:115} INFO - [2022-09-05T09:14:38.527+0000] {dag.py:2429} INFO - Sync 1 DAGs
[2022-09-05T09:14:38.600+0000] {logging_mixin.py:115} INFO - [2022-09-05T09:14:38.600+0000] {dag.py:2981} INFO - Setting next_dagrun for example_task_group to 2022-09-04T09:14:38.599337+00:00, run_after=2022-09-05T09:14:38.599337+00:00
[2022-09-05T09:14:38.655+0000] {processor.py:161} INFO - Processing /home/airflow/.local/lib/python3.7/site-packages/airflow/example_dags/example_task_group.py took 0.392 seconds
[2022-09-05T09:16:02.516+0000] {processor.py:153} INFO - Started process (PID=154) to work on /home/airflow/.local/lib/python3.7/site-packages/airflow/example_dags/example_task_group.py
[2022-09-05T09:16:02.523+0000] {processor.py:640} INFO - Processing file /home/airflow/.local/lib/python3.7/site-packages/airflow/example_dags/example_task_group.py for tasks to queue
[2022-09-05T09:16:02.528+0000] {logging_mixin.py:115} INFO - [2022-09-05T09:16:02.528+0000] {dagbag.py:508} INFO - Filling up the DagBag from /home/airflow/.local/lib/python3.7/site-packages/airflow/example_dags/example_task_group.py
[2022-09-05T09:16:02.646+0000] {processor.py:650} INFO - DAG(s) dict_keys(['example_task_group']) retrieved from /home/airflow/.local/lib/python3.7/site-packages/airflow/example_dags/example_task_group.py
[2022-09-05T09:16:03.073+0000] {logging_mixin.py:115} INFO - [2022-09-05T09:16:03.073+0000] {dag.py:2429} INFO - Sync 1 DAGs
[2022-09-05T09:16:04.012+0000] {logging_mixin.py:115} INFO - [2022-09-05T09:16:04.002+0000] {dag.py:2981} INFO - Setting next_dagrun for example_task_group to 2022-09-04T09:16:03.995439+00:00, run_after=2022-09-05T09:16:03.995439+00:00
[2022-09-05T09:16:04.645+0000] {processor.py:161} INFO - Processing /home/airflow/.local/lib/python3.7/site-packages/airflow/example_dags/example_task_group.py took 2.250 seconds
[2022-09-05T09:23:11.066+0000] {processor.py:153} INFO - Started process (PID=81) to work on /home/airflow/.local/lib/python3.7/site-packages/airflow/example_dags/example_task_group.py
[2022-09-05T09:23:11.076+0000] {processor.py:640} INFO - Processing file /home/airflow/.local/lib/python3.7/site-packages/airflow/example_dags/example_task_group.py for tasks to queue
[2022-09-05T09:23:11.083+0000] {logging_mixin.py:115} INFO - [2022-09-05T09:23:11.083+0000] {dagbag.py:508} INFO - Filling up the DagBag from /home/airflow/.local/lib/python3.7/site-packages/airflow/example_dags/example_task_group.py
[2022-09-05T09:23:11.195+0000] {processor.py:650} INFO - DAG(s) dict_keys(['example_task_group']) retrieved from /home/airflow/.local/lib/python3.7/site-packages/airflow/example_dags/example_task_group.py
[2022-09-05T09:23:11.554+0000] {logging_mixin.py:115} INFO - [2022-09-05T09:23:11.548+0000] {dag.py:2429} INFO - Sync 1 DAGs
[2022-09-05T09:23:11.786+0000] {logging_mixin.py:115} INFO - [2022-09-05T09:23:11.786+0000] {dag.py:2981} INFO - Setting next_dagrun for example_task_group to 2022-09-04T09:23:11.781614+00:00, run_after=2022-09-05T09:23:11.781614+00:00
[2022-09-05T09:23:13.307+0000] {processor.py:161} INFO - Processing /home/airflow/.local/lib/python3.7/site-packages/airflow/example_dags/example_task_group.py took 2.266 seconds
[2022-09-05T09:24:50.413+0000] {processor.py:153} INFO - Started process (PID=148) to work on /home/airflow/.local/lib/python3.7/site-packages/airflow/example_dags/example_task_group.py
[2022-09-05T09:24:50.424+0000] {processor.py:640} INFO - Processing file /home/airflow/.local/lib/python3.7/site-packages/airflow/example_dags/example_task_group.py for tasks to queue
[2022-09-05T09:24:50.442+0000] {logging_mixin.py:115} INFO - [2022-09-05T09:24:50.431+0000] {dagbag.py:508} INFO - Filling up the DagBag from /home/airflow/.local/lib/python3.7/site-packages/airflow/example_dags/example_task_group.py
[2022-09-05T09:24:50.680+0000] {processor.py:650} INFO - DAG(s) dict_keys(['example_task_group']) retrieved from /home/airflow/.local/lib/python3.7/site-packages/airflow/example_dags/example_task_group.py
[2022-09-05T09:24:51.299+0000] {logging_mixin.py:115} INFO - [2022-09-05T09:24:51.298+0000] {dag.py:2429} INFO - Sync 1 DAGs
[2022-09-05T09:24:51.856+0000] {logging_mixin.py:115} INFO - [2022-09-05T09:24:51.856+0000] {dag.py:2981} INFO - Setting next_dagrun for example_task_group to 2022-09-04T09:24:51.832421+00:00, run_after=2022-09-05T09:24:51.832421+00:00
[2022-09-05T09:24:52.595+0000] {processor.py:161} INFO - Processing /home/airflow/.local/lib/python3.7/site-packages/airflow/example_dags/example_task_group.py took 2.254 seconds
