[2022-09-05T09:00:28.185+0000] {processor.py:153} INFO - Started process (PID=69) to work on /home/airflow/.local/lib/python3.7/site-packages/airflow/example_dags/example_sla_dag.py
[2022-09-05T09:00:28.187+0000] {processor.py:640} INFO - Processing file /home/airflow/.local/lib/python3.7/site-packages/airflow/example_dags/example_sla_dag.py for tasks to queue
[2022-09-05T09:00:28.192+0000] {logging_mixin.py:115} INFO - [2022-09-05T09:00:28.192+0000] {dagbag.py:508} INFO - Filling up the DagBag from /home/airflow/.local/lib/python3.7/site-packages/airflow/example_dags/example_sla_dag.py
[2022-09-05T09:00:28.397+0000] {processor.py:650} INFO - DAG(s) dict_keys(['example_sla_dag']) retrieved from /home/airflow/.local/lib/python3.7/site-packages/airflow/example_dags/example_sla_dag.py
[2022-09-05T09:00:29.148+0000] {logging_mixin.py:115} INFO - [2022-09-05T09:00:29.148+0000] {manager.py:508} INFO - Created Permission View: can read on DAG:example_sla_dag
[2022-09-05T09:00:29.259+0000] {logging_mixin.py:115} INFO - [2022-09-05T09:00:29.259+0000] {manager.py:508} INFO - Created Permission View: can edit on DAG:example_sla_dag
[2022-09-05T09:00:29.569+0000] {logging_mixin.py:115} INFO - [2022-09-05T09:00:29.569+0000] {manager.py:508} INFO - Created Permission View: can delete on DAG:example_sla_dag
[2022-09-05T09:00:29.570+0000] {logging_mixin.py:115} INFO - [2022-09-05T09:00:29.570+0000] {dag.py:2429} INFO - Sync 1 DAGs
[2022-09-05T09:00:29.597+0000] {logging_mixin.py:115} INFO - [2022-09-05T09:00:29.596+0000] {dag.py:2448} INFO - Creating ORM DAG for example_sla_dag
[2022-09-05T09:00:29.787+0000] {logging_mixin.py:115} INFO - [2022-09-05T09:00:29.786+0000] {dag.py:2981} INFO - Setting next_dagrun for example_sla_dag to 2022-09-05T08:58:00+00:00, run_after=2022-09-05T09:00:00+00:00
[2022-09-05T09:00:30.469+0000] {processor.py:161} INFO - Processing /home/airflow/.local/lib/python3.7/site-packages/airflow/example_dags/example_sla_dag.py took 2.292 seconds
[2022-09-05T09:01:00.801+0000] {processor.py:153} INFO - Started process (PID=121) to work on /home/airflow/.local/lib/python3.7/site-packages/airflow/example_dags/example_sla_dag.py
[2022-09-05T09:01:00.810+0000] {processor.py:640} INFO - Processing file /home/airflow/.local/lib/python3.7/site-packages/airflow/example_dags/example_sla_dag.py for tasks to queue
[2022-09-05T09:01:00.811+0000] {logging_mixin.py:115} INFO - [2022-09-05T09:01:00.811+0000] {dagbag.py:508} INFO - Filling up the DagBag from /home/airflow/.local/lib/python3.7/site-packages/airflow/example_dags/example_sla_dag.py
[2022-09-05T09:01:00.858+0000] {processor.py:650} INFO - DAG(s) dict_keys(['example_sla_dag']) retrieved from /home/airflow/.local/lib/python3.7/site-packages/airflow/example_dags/example_sla_dag.py
[2022-09-05T09:01:00.935+0000] {logging_mixin.py:115} INFO - [2022-09-05T09:01:00.935+0000] {dag.py:2429} INFO - Sync 1 DAGs
[2022-09-05T09:01:01.012+0000] {logging_mixin.py:115} INFO - [2022-09-05T09:01:01.012+0000] {dag.py:2981} INFO - Setting next_dagrun for example_sla_dag to 2022-09-05T08:58:00+00:00, run_after=2022-09-05T09:00:00+00:00
[2022-09-05T09:01:01.083+0000] {processor.py:161} INFO - Processing /home/airflow/.local/lib/python3.7/site-packages/airflow/example_dags/example_sla_dag.py took 0.297 seconds
[2022-09-05T09:01:32.944+0000] {processor.py:153} INFO - Started process (PID=181) to work on /home/airflow/.local/lib/python3.7/site-packages/airflow/example_dags/example_sla_dag.py
[2022-09-05T09:01:32.946+0000] {processor.py:640} INFO - Processing file /home/airflow/.local/lib/python3.7/site-packages/airflow/example_dags/example_sla_dag.py for tasks to queue
[2022-09-05T09:01:32.947+0000] {logging_mixin.py:115} INFO - [2022-09-05T09:01:32.947+0000] {dagbag.py:508} INFO - Filling up the DagBag from /home/airflow/.local/lib/python3.7/site-packages/airflow/example_dags/example_sla_dag.py
[2022-09-05T09:01:33.114+0000] {processor.py:650} INFO - DAG(s) dict_keys(['example_sla_dag']) retrieved from /home/airflow/.local/lib/python3.7/site-packages/airflow/example_dags/example_sla_dag.py
[2022-09-05T09:01:33.676+0000] {logging_mixin.py:115} INFO - [2022-09-05T09:01:33.676+0000] {dag.py:2429} INFO - Sync 1 DAGs
[2022-09-05T09:01:33.793+0000] {logging_mixin.py:115} INFO - [2022-09-05T09:01:33.792+0000] {dag.py:2981} INFO - Setting next_dagrun for example_sla_dag to 2022-09-05T08:58:00+00:00, run_after=2022-09-05T09:00:00+00:00
[2022-09-05T09:01:35.099+0000] {processor.py:161} INFO - Processing /home/airflow/.local/lib/python3.7/site-packages/airflow/example_dags/example_sla_dag.py took 2.164 seconds
[2022-09-05T09:02:22.667+0000] {processor.py:153} INFO - Started process (PID=215) to work on /home/airflow/.local/lib/python3.7/site-packages/airflow/example_dags/example_sla_dag.py
[2022-09-05T09:02:22.670+0000] {processor.py:640} INFO - Processing file /home/airflow/.local/lib/python3.7/site-packages/airflow/example_dags/example_sla_dag.py for tasks to queue
[2022-09-05T09:02:22.671+0000] {logging_mixin.py:115} INFO - [2022-09-05T09:02:22.671+0000] {dagbag.py:508} INFO - Filling up the DagBag from /home/airflow/.local/lib/python3.7/site-packages/airflow/example_dags/example_sla_dag.py
[2022-09-05T09:02:22.709+0000] {processor.py:650} INFO - DAG(s) dict_keys(['example_sla_dag']) retrieved from /home/airflow/.local/lib/python3.7/site-packages/airflow/example_dags/example_sla_dag.py
[2022-09-05T09:02:22.771+0000] {logging_mixin.py:115} INFO - [2022-09-05T09:02:22.771+0000] {dag.py:2429} INFO - Sync 1 DAGs
[2022-09-05T09:02:22.858+0000] {logging_mixin.py:115} INFO - [2022-09-05T09:02:22.858+0000] {dag.py:2981} INFO - Setting next_dagrun for example_sla_dag to 2022-09-05T09:00:00+00:00, run_after=2022-09-05T09:02:00+00:00
[2022-09-05T09:02:23.024+0000] {processor.py:161} INFO - Processing /home/airflow/.local/lib/python3.7/site-packages/airflow/example_dags/example_sla_dag.py took 0.365 seconds
[2022-09-05T09:03:35.111+0000] {processor.py:153} INFO - Started process (PID=284) to work on /home/airflow/.local/lib/python3.7/site-packages/airflow/example_dags/example_sla_dag.py
[2022-09-05T09:03:35.115+0000] {processor.py:640} INFO - Processing file /home/airflow/.local/lib/python3.7/site-packages/airflow/example_dags/example_sla_dag.py for tasks to queue
[2022-09-05T09:03:35.118+0000] {logging_mixin.py:115} INFO - [2022-09-05T09:03:35.118+0000] {dagbag.py:508} INFO - Filling up the DagBag from /home/airflow/.local/lib/python3.7/site-packages/airflow/example_dags/example_sla_dag.py
[2022-09-05T09:03:35.224+0000] {processor.py:650} INFO - DAG(s) dict_keys(['example_sla_dag']) retrieved from /home/airflow/.local/lib/python3.7/site-packages/airflow/example_dags/example_sla_dag.py
[2022-09-05T09:03:35.379+0000] {logging_mixin.py:115} INFO - [2022-09-05T09:03:35.379+0000] {dag.py:2429} INFO - Sync 1 DAGs
[2022-09-05T09:03:35.546+0000] {logging_mixin.py:115} INFO - [2022-09-05T09:03:35.546+0000] {dag.py:2981} INFO - Setting next_dagrun for example_sla_dag to 2022-09-05T09:00:00+00:00, run_after=2022-09-05T09:02:00+00:00
[2022-09-05T09:03:35.646+0000] {processor.py:161} INFO - Processing /home/airflow/.local/lib/python3.7/site-packages/airflow/example_dags/example_sla_dag.py took 0.546 seconds
[2022-09-05T09:06:14.885+0000] {processor.py:153} INFO - Started process (PID=363) to work on /home/airflow/.local/lib/python3.7/site-packages/airflow/example_dags/example_sla_dag.py
[2022-09-05T09:06:14.896+0000] {processor.py:640} INFO - Processing file /home/airflow/.local/lib/python3.7/site-packages/airflow/example_dags/example_sla_dag.py for tasks to queue
[2022-09-05T09:06:14.903+0000] {logging_mixin.py:115} INFO - [2022-09-05T09:06:14.903+0000] {dagbag.py:508} INFO - Filling up the DagBag from /home/airflow/.local/lib/python3.7/site-packages/airflow/example_dags/example_sla_dag.py
[2022-09-05T09:06:15.075+0000] {processor.py:650} INFO - DAG(s) dict_keys(['example_sla_dag']) retrieved from /home/airflow/.local/lib/python3.7/site-packages/airflow/example_dags/example_sla_dag.py
[2022-09-05T09:06:15.270+0000] {logging_mixin.py:115} INFO - [2022-09-05T09:06:15.270+0000] {dag.py:2429} INFO - Sync 1 DAGs
[2022-09-05T09:06:15.479+0000] {logging_mixin.py:115} INFO - [2022-09-05T09:06:15.479+0000] {dag.py:2981} INFO - Setting next_dagrun for example_sla_dag to 2022-09-05T09:04:00+00:00, run_after=2022-09-05T09:06:00+00:00
[2022-09-05T09:06:15.654+0000] {processor.py:161} INFO - Processing /home/airflow/.local/lib/python3.7/site-packages/airflow/example_dags/example_sla_dag.py took 0.800 seconds
[2022-09-05T09:06:50.305+0000] {processor.py:153} INFO - Started process (PID=413) to work on /home/airflow/.local/lib/python3.7/site-packages/airflow/example_dags/example_sla_dag.py
[2022-09-05T09:06:50.322+0000] {processor.py:640} INFO - Processing file /home/airflow/.local/lib/python3.7/site-packages/airflow/example_dags/example_sla_dag.py for tasks to queue
[2022-09-05T09:06:50.326+0000] {logging_mixin.py:115} INFO - [2022-09-05T09:06:50.326+0000] {dagbag.py:508} INFO - Filling up the DagBag from /home/airflow/.local/lib/python3.7/site-packages/airflow/example_dags/example_sla_dag.py
[2022-09-05T09:06:50.595+0000] {processor.py:650} INFO - DAG(s) dict_keys(['example_sla_dag']) retrieved from /home/airflow/.local/lib/python3.7/site-packages/airflow/example_dags/example_sla_dag.py
[2022-09-05T09:06:50.844+0000] {logging_mixin.py:115} INFO - [2022-09-05T09:06:50.840+0000] {dag.py:2429} INFO - Sync 1 DAGs
[2022-09-05T09:06:51.182+0000] {logging_mixin.py:115} INFO - [2022-09-05T09:06:51.182+0000] {dag.py:2981} INFO - Setting next_dagrun for example_sla_dag to 2022-09-05T09:04:00+00:00, run_after=2022-09-05T09:06:00+00:00
[2022-09-05T09:06:51.266+0000] {processor.py:161} INFO - Processing /home/airflow/.local/lib/python3.7/site-packages/airflow/example_dags/example_sla_dag.py took 1.002 seconds
[2022-09-05T09:14:38.257+0000] {processor.py:153} INFO - Started process (PID=85) to work on /home/airflow/.local/lib/python3.7/site-packages/airflow/example_dags/example_sla_dag.py
[2022-09-05T09:14:38.258+0000] {processor.py:640} INFO - Processing file /home/airflow/.local/lib/python3.7/site-packages/airflow/example_dags/example_sla_dag.py for tasks to queue
[2022-09-05T09:14:38.259+0000] {logging_mixin.py:115} INFO - [2022-09-05T09:14:38.259+0000] {dagbag.py:508} INFO - Filling up the DagBag from /home/airflow/.local/lib/python3.7/site-packages/airflow/example_dags/example_sla_dag.py
[2022-09-05T09:14:38.448+0000] {processor.py:650} INFO - DAG(s) dict_keys(['example_sla_dag']) retrieved from /home/airflow/.local/lib/python3.7/site-packages/airflow/example_dags/example_sla_dag.py
[2022-09-05T09:14:38.524+0000] {logging_mixin.py:115} INFO - [2022-09-05T09:14:38.523+0000] {dag.py:2429} INFO - Sync 1 DAGs
[2022-09-05T09:14:39.887+0000] {logging_mixin.py:115} INFO - [2022-09-05T09:14:39.887+0000] {dag.py:2981} INFO - Setting next_dagrun for example_sla_dag to 2022-09-05T09:12:00+00:00, run_after=2022-09-05T09:14:00+00:00
[2022-09-05T09:14:40.150+0000] {processor.py:161} INFO - Processing /home/airflow/.local/lib/python3.7/site-packages/airflow/example_dags/example_sla_dag.py took 1.898 seconds
[2022-09-05T09:16:01.390+0000] {processor.py:153} INFO - Started process (PID=153) to work on /home/airflow/.local/lib/python3.7/site-packages/airflow/example_dags/example_sla_dag.py
[2022-09-05T09:16:01.474+0000] {processor.py:640} INFO - Processing file /home/airflow/.local/lib/python3.7/site-packages/airflow/example_dags/example_sla_dag.py for tasks to queue
[2022-09-05T09:16:01.571+0000] {logging_mixin.py:115} INFO - [2022-09-05T09:16:01.566+0000] {dagbag.py:508} INFO - Filling up the DagBag from /home/airflow/.local/lib/python3.7/site-packages/airflow/example_dags/example_sla_dag.py
[2022-09-05T09:16:02.208+0000] {processor.py:650} INFO - DAG(s) dict_keys(['example_sla_dag']) retrieved from /home/airflow/.local/lib/python3.7/site-packages/airflow/example_dags/example_sla_dag.py
[2022-09-05T09:16:02.679+0000] {logging_mixin.py:115} INFO - [2022-09-05T09:16:02.678+0000] {dag.py:2429} INFO - Sync 1 DAGs
[2022-09-05T09:16:16.197+0000] {logging_mixin.py:115} INFO - [2022-09-05T09:16:16.187+0000] {dag.py:2981} INFO - Setting next_dagrun for example_sla_dag to 2022-09-05T09:14:00+00:00, run_after=2022-09-05T09:16:00+00:00
[2022-09-05T09:16:25.820+0000] {processor.py:161} INFO - Processing /home/airflow/.local/lib/python3.7/site-packages/airflow/example_dags/example_sla_dag.py took 24.816 seconds
[2022-09-05T09:23:10.275+0000] {processor.py:153} INFO - Started process (PID=80) to work on /home/airflow/.local/lib/python3.7/site-packages/airflow/example_dags/example_sla_dag.py
[2022-09-05T09:23:10.309+0000] {processor.py:640} INFO - Processing file /home/airflow/.local/lib/python3.7/site-packages/airflow/example_dags/example_sla_dag.py for tasks to queue
[2022-09-05T09:23:10.328+0000] {logging_mixin.py:115} INFO - [2022-09-05T09:23:10.324+0000] {dagbag.py:508} INFO - Filling up the DagBag from /home/airflow/.local/lib/python3.7/site-packages/airflow/example_dags/example_sla_dag.py
[2022-09-05T09:23:10.676+0000] {processor.py:650} INFO - DAG(s) dict_keys(['example_sla_dag']) retrieved from /home/airflow/.local/lib/python3.7/site-packages/airflow/example_dags/example_sla_dag.py
[2022-09-05T09:23:10.839+0000] {logging_mixin.py:115} INFO - [2022-09-05T09:23:10.839+0000] {dag.py:2429} INFO - Sync 1 DAGs
[2022-09-05T09:23:12.918+0000] {logging_mixin.py:115} INFO - [2022-09-05T09:23:12.913+0000] {dag.py:2981} INFO - Setting next_dagrun for example_sla_dag to 2022-09-05T09:20:00+00:00, run_after=2022-09-05T09:22:00+00:00
[2022-09-05T09:23:13.538+0000] {processor.py:161} INFO - Processing /home/airflow/.local/lib/python3.7/site-packages/airflow/example_dags/example_sla_dag.py took 3.358 seconds
[2022-09-05T09:24:50.231+0000] {processor.py:153} INFO - Started process (PID=147) to work on /home/airflow/.local/lib/python3.7/site-packages/airflow/example_dags/example_sla_dag.py
[2022-09-05T09:24:50.253+0000] {processor.py:640} INFO - Processing file /home/airflow/.local/lib/python3.7/site-packages/airflow/example_dags/example_sla_dag.py for tasks to queue
[2022-09-05T09:24:50.271+0000] {logging_mixin.py:115} INFO - [2022-09-05T09:24:50.270+0000] {dagbag.py:508} INFO - Filling up the DagBag from /home/airflow/.local/lib/python3.7/site-packages/airflow/example_dags/example_sla_dag.py
[2022-09-05T09:24:50.725+0000] {processor.py:650} INFO - DAG(s) dict_keys(['example_sla_dag']) retrieved from /home/airflow/.local/lib/python3.7/site-packages/airflow/example_dags/example_sla_dag.py
[2022-09-05T09:24:51.209+0000] {logging_mixin.py:115} INFO - [2022-09-05T09:24:51.209+0000] {dag.py:2429} INFO - Sync 1 DAGs
[2022-09-05T09:25:09.360+0000] {logging_mixin.py:115} INFO - [2022-09-05T09:25:09.359+0000] {dag.py:2981} INFO - Setting next_dagrun for example_sla_dag to 2022-09-05T09:22:00+00:00, run_after=2022-09-05T09:24:00+00:00
[2022-09-05T09:25:10.474+0000] {processor.py:161} INFO - Processing /home/airflow/.local/lib/python3.7/site-packages/airflow/example_dags/example_sla_dag.py took 20.302 seconds
