[2022-09-05T09:00:31.774+0000] {processor.py:153} INFO - Started process (PID=82) to work on /home/airflow/.local/lib/python3.7/site-packages/airflow/example_dags/example_short_circuit_operator.py
[2022-09-05T09:00:31.778+0000] {processor.py:640} INFO - Processing file /home/airflow/.local/lib/python3.7/site-packages/airflow/example_dags/example_short_circuit_operator.py for tasks to queue
[2022-09-05T09:00:31.781+0000] {logging_mixin.py:115} INFO - [2022-09-05T09:00:31.780+0000] {dagbag.py:508} INFO - Filling up the DagBag from /home/airflow/.local/lib/python3.7/site-packages/airflow/example_dags/example_short_circuit_operator.py
[2022-09-05T09:00:31.801+0000] {processor.py:650} INFO - DAG(s) dict_keys(['example_short_circuit_operator']) retrieved from /home/airflow/.local/lib/python3.7/site-packages/airflow/example_dags/example_short_circuit_operator.py
[2022-09-05T09:00:32.228+0000] {logging_mixin.py:115} INFO - [2022-09-05T09:00:32.228+0000] {manager.py:508} INFO - Created Permission View: can read on DAG:example_short_circuit_operator
[2022-09-05T09:00:32.425+0000] {logging_mixin.py:115} INFO - [2022-09-05T09:00:32.425+0000] {manager.py:508} INFO - Created Permission View: can edit on DAG:example_short_circuit_operator
[2022-09-05T09:00:32.639+0000] {logging_mixin.py:115} INFO - [2022-09-05T09:00:32.639+0000] {manager.py:508} INFO - Created Permission View: can delete on DAG:example_short_circuit_operator
[2022-09-05T09:00:32.640+0000] {logging_mixin.py:115} INFO - [2022-09-05T09:00:32.640+0000] {dag.py:2429} INFO - Sync 1 DAGs
[2022-09-05T09:00:32.669+0000] {logging_mixin.py:115} INFO - [2022-09-05T09:00:32.669+0000] {dag.py:2448} INFO - Creating ORM DAG for example_short_circuit_operator
[2022-09-05T09:00:32.689+0000] {logging_mixin.py:115} INFO - [2022-09-05T09:00:32.688+0000] {dag.py:2981} INFO - Setting next_dagrun for example_short_circuit_operator to 2022-09-04T09:00:32.688040+00:00, run_after=2022-09-05T09:00:32.688040+00:00
[2022-09-05T09:00:33.091+0000] {processor.py:161} INFO - Processing /home/airflow/.local/lib/python3.7/site-packages/airflow/example_dags/example_short_circuit_operator.py took 1.330 seconds
[2022-09-05T09:01:03.337+0000] {processor.py:153} INFO - Started process (PID=134) to work on /home/airflow/.local/lib/python3.7/site-packages/airflow/example_dags/example_short_circuit_operator.py
[2022-09-05T09:01:03.339+0000] {processor.py:640} INFO - Processing file /home/airflow/.local/lib/python3.7/site-packages/airflow/example_dags/example_short_circuit_operator.py for tasks to queue
[2022-09-05T09:01:03.348+0000] {logging_mixin.py:115} INFO - [2022-09-05T09:01:03.340+0000] {dagbag.py:508} INFO - Filling up the DagBag from /home/airflow/.local/lib/python3.7/site-packages/airflow/example_dags/example_short_circuit_operator.py
[2022-09-05T09:01:03.405+0000] {processor.py:650} INFO - DAG(s) dict_keys(['example_short_circuit_operator']) retrieved from /home/airflow/.local/lib/python3.7/site-packages/airflow/example_dags/example_short_circuit_operator.py
[2022-09-05T09:01:03.476+0000] {logging_mixin.py:115} INFO - [2022-09-05T09:01:03.476+0000] {dag.py:2429} INFO - Sync 1 DAGs
[2022-09-05T09:01:03.551+0000] {logging_mixin.py:115} INFO - [2022-09-05T09:01:03.551+0000] {dag.py:2981} INFO - Setting next_dagrun for example_short_circuit_operator to 2022-09-04T09:01:03.551145+00:00, run_after=2022-09-05T09:01:03.551145+00:00
[2022-09-05T09:01:03.789+0000] {processor.py:161} INFO - Processing /home/airflow/.local/lib/python3.7/site-packages/airflow/example_dags/example_short_circuit_operator.py took 0.459 seconds
[2022-09-05T09:01:35.885+0000] {processor.py:153} INFO - Started process (PID=185) to work on /home/airflow/.local/lib/python3.7/site-packages/airflow/example_dags/example_short_circuit_operator.py
[2022-09-05T09:01:35.889+0000] {processor.py:640} INFO - Processing file /home/airflow/.local/lib/python3.7/site-packages/airflow/example_dags/example_short_circuit_operator.py for tasks to queue
[2022-09-05T09:01:35.891+0000] {logging_mixin.py:115} INFO - [2022-09-05T09:01:35.891+0000] {dagbag.py:508} INFO - Filling up the DagBag from /home/airflow/.local/lib/python3.7/site-packages/airflow/example_dags/example_short_circuit_operator.py
[2022-09-05T09:01:35.980+0000] {processor.py:650} INFO - DAG(s) dict_keys(['example_short_circuit_operator']) retrieved from /home/airflow/.local/lib/python3.7/site-packages/airflow/example_dags/example_short_circuit_operator.py
[2022-09-05T09:01:36.436+0000] {logging_mixin.py:115} INFO - [2022-09-05T09:01:36.435+0000] {dag.py:2429} INFO - Sync 1 DAGs
[2022-09-05T09:01:36.862+0000] {logging_mixin.py:115} INFO - [2022-09-05T09:01:36.862+0000] {dag.py:2981} INFO - Setting next_dagrun for example_short_circuit_operator to 2022-09-04T09:01:36.860782+00:00, run_after=2022-09-05T09:01:36.860782+00:00
[2022-09-05T09:02:01.270+0000] {processor.py:161} INFO - Processing /home/airflow/.local/lib/python3.7/site-packages/airflow/example_dags/example_short_circuit_operator.py took 25.387 seconds
[2022-09-05T09:02:31.478+0000] {processor.py:153} INFO - Started process (PID=237) to work on /home/airflow/.local/lib/python3.7/site-packages/airflow/example_dags/example_short_circuit_operator.py
[2022-09-05T09:02:31.482+0000] {processor.py:640} INFO - Processing file /home/airflow/.local/lib/python3.7/site-packages/airflow/example_dags/example_short_circuit_operator.py for tasks to queue
[2022-09-05T09:02:31.487+0000] {logging_mixin.py:115} INFO - [2022-09-05T09:02:31.487+0000] {dagbag.py:508} INFO - Filling up the DagBag from /home/airflow/.local/lib/python3.7/site-packages/airflow/example_dags/example_short_circuit_operator.py
[2022-09-05T09:02:31.528+0000] {processor.py:650} INFO - DAG(s) dict_keys(['example_short_circuit_operator']) retrieved from /home/airflow/.local/lib/python3.7/site-packages/airflow/example_dags/example_short_circuit_operator.py
[2022-09-05T09:02:31.604+0000] {logging_mixin.py:115} INFO - [2022-09-05T09:02:31.604+0000] {dag.py:2429} INFO - Sync 1 DAGs
[2022-09-05T09:02:31.676+0000] {logging_mixin.py:115} INFO - [2022-09-05T09:02:31.675+0000] {dag.py:2981} INFO - Setting next_dagrun for example_short_circuit_operator to 2022-09-04T09:02:31.675181+00:00, run_after=2022-09-05T09:02:31.675181+00:00
[2022-09-05T09:02:31.744+0000] {processor.py:161} INFO - Processing /home/airflow/.local/lib/python3.7/site-packages/airflow/example_dags/example_short_circuit_operator.py took 0.277 seconds
[2022-09-05T09:03:36.588+0000] {processor.py:153} INFO - Started process (PID=288) to work on /home/airflow/.local/lib/python3.7/site-packages/airflow/example_dags/example_short_circuit_operator.py
[2022-09-05T09:03:36.595+0000] {processor.py:640} INFO - Processing file /home/airflow/.local/lib/python3.7/site-packages/airflow/example_dags/example_short_circuit_operator.py for tasks to queue
[2022-09-05T09:03:36.603+0000] {logging_mixin.py:115} INFO - [2022-09-05T09:03:36.603+0000] {dagbag.py:508} INFO - Filling up the DagBag from /home/airflow/.local/lib/python3.7/site-packages/airflow/example_dags/example_short_circuit_operator.py
[2022-09-05T09:03:36.655+0000] {processor.py:650} INFO - DAG(s) dict_keys(['example_short_circuit_operator']) retrieved from /home/airflow/.local/lib/python3.7/site-packages/airflow/example_dags/example_short_circuit_operator.py
[2022-09-05T09:03:36.711+0000] {logging_mixin.py:115} INFO - [2022-09-05T09:03:36.711+0000] {dag.py:2429} INFO - Sync 1 DAGs
[2022-09-05T09:03:36.752+0000] {logging_mixin.py:115} INFO - [2022-09-05T09:03:36.752+0000] {dag.py:2981} INFO - Setting next_dagrun for example_short_circuit_operator to 2022-09-04T09:03:36.751580+00:00, run_after=2022-09-05T09:03:36.751580+00:00
[2022-09-05T09:03:36.905+0000] {processor.py:161} INFO - Processing /home/airflow/.local/lib/python3.7/site-packages/airflow/example_dags/example_short_circuit_operator.py took 0.330 seconds
[2022-09-05T09:06:16.687+0000] {processor.py:153} INFO - Started process (PID=367) to work on /home/airflow/.local/lib/python3.7/site-packages/airflow/example_dags/example_short_circuit_operator.py
[2022-09-05T09:06:16.692+0000] {processor.py:640} INFO - Processing file /home/airflow/.local/lib/python3.7/site-packages/airflow/example_dags/example_short_circuit_operator.py for tasks to queue
[2022-09-05T09:06:16.699+0000] {logging_mixin.py:115} INFO - [2022-09-05T09:06:16.696+0000] {dagbag.py:508} INFO - Filling up the DagBag from /home/airflow/.local/lib/python3.7/site-packages/airflow/example_dags/example_short_circuit_operator.py
[2022-09-05T09:06:16.816+0000] {processor.py:650} INFO - DAG(s) dict_keys(['example_short_circuit_operator']) retrieved from /home/airflow/.local/lib/python3.7/site-packages/airflow/example_dags/example_short_circuit_operator.py
[2022-09-05T09:06:17.067+0000] {logging_mixin.py:115} INFO - [2022-09-05T09:06:17.067+0000] {dag.py:2429} INFO - Sync 1 DAGs
[2022-09-05T09:06:17.190+0000] {logging_mixin.py:115} INFO - [2022-09-05T09:06:17.190+0000] {dag.py:2981} INFO - Setting next_dagrun for example_short_circuit_operator to 2022-09-04T09:06:17.186355+00:00, run_after=2022-09-05T09:06:17.186355+00:00
[2022-09-05T09:06:17.636+0000] {processor.py:161} INFO - Processing /home/airflow/.local/lib/python3.7/site-packages/airflow/example_dags/example_short_circuit_operator.py took 0.976 seconds
[2022-09-05T09:06:53.095+0000] {processor.py:153} INFO - Started process (PID=419) to work on /home/airflow/.local/lib/python3.7/site-packages/airflow/example_dags/example_short_circuit_operator.py
[2022-09-05T09:06:53.104+0000] {processor.py:640} INFO - Processing file /home/airflow/.local/lib/python3.7/site-packages/airflow/example_dags/example_short_circuit_operator.py for tasks to queue
[2022-09-05T09:06:53.108+0000] {logging_mixin.py:115} INFO - [2022-09-05T09:06:53.106+0000] {dagbag.py:508} INFO - Filling up the DagBag from /home/airflow/.local/lib/python3.7/site-packages/airflow/example_dags/example_short_circuit_operator.py
[2022-09-05T09:06:53.544+0000] {processor.py:650} INFO - DAG(s) dict_keys(['example_short_circuit_operator']) retrieved from /home/airflow/.local/lib/python3.7/site-packages/airflow/example_dags/example_short_circuit_operator.py
[2022-09-05T09:06:59.217+0000] {logging_mixin.py:115} INFO - [2022-09-05T09:06:59.190+0000] {dag.py:2429} INFO - Sync 1 DAGs
[2022-09-05T09:07:21.364+0000] {logging_mixin.py:115} INFO - [2022-09-05T09:07:21.361+0000] {dag.py:2981} INFO - Setting next_dagrun for example_short_circuit_operator to 2022-09-04T09:07:21.282304+00:00, run_after=2022-09-05T09:07:21.282304+00:00
[2022-09-05T09:07:28.235+0000] {processor.py:161} INFO - Processing /home/airflow/.local/lib/python3.7/site-packages/airflow/example_dags/example_short_circuit_operator.py took 35.196 seconds
[2022-09-05T09:14:40.244+0000] {processor.py:153} INFO - Started process (PID=89) to work on /home/airflow/.local/lib/python3.7/site-packages/airflow/example_dags/example_short_circuit_operator.py
[2022-09-05T09:14:40.247+0000] {processor.py:640} INFO - Processing file /home/airflow/.local/lib/python3.7/site-packages/airflow/example_dags/example_short_circuit_operator.py for tasks to queue
[2022-09-05T09:14:40.253+0000] {logging_mixin.py:115} INFO - [2022-09-05T09:14:40.251+0000] {dagbag.py:508} INFO - Filling up the DagBag from /home/airflow/.local/lib/python3.7/site-packages/airflow/example_dags/example_short_circuit_operator.py
[2022-09-05T09:14:40.310+0000] {processor.py:650} INFO - DAG(s) dict_keys(['example_short_circuit_operator']) retrieved from /home/airflow/.local/lib/python3.7/site-packages/airflow/example_dags/example_short_circuit_operator.py
[2022-09-05T09:14:40.463+0000] {logging_mixin.py:115} INFO - [2022-09-05T09:14:40.462+0000] {dag.py:2429} INFO - Sync 1 DAGs
[2022-09-05T09:14:40.511+0000] {logging_mixin.py:115} INFO - [2022-09-05T09:14:40.511+0000] {dag.py:2981} INFO - Setting next_dagrun for example_short_circuit_operator to 2022-09-04T09:14:40.510649+00:00, run_after=2022-09-05T09:14:40.510649+00:00
[2022-09-05T09:14:40.585+0000] {processor.py:161} INFO - Processing /home/airflow/.local/lib/python3.7/site-packages/airflow/example_dags/example_short_circuit_operator.py took 0.347 seconds
[2022-09-05T09:16:30.354+0000] {processor.py:153} INFO - Started process (PID=167) to work on /home/airflow/.local/lib/python3.7/site-packages/airflow/example_dags/example_short_circuit_operator.py
[2022-09-05T09:16:30.370+0000] {processor.py:640} INFO - Processing file /home/airflow/.local/lib/python3.7/site-packages/airflow/example_dags/example_short_circuit_operator.py for tasks to queue
[2022-09-05T09:16:30.385+0000] {logging_mixin.py:115} INFO - [2022-09-05T09:16:30.372+0000] {dagbag.py:508} INFO - Filling up the DagBag from /home/airflow/.local/lib/python3.7/site-packages/airflow/example_dags/example_short_circuit_operator.py
[2022-09-05T09:16:30.545+0000] {processor.py:650} INFO - DAG(s) dict_keys(['example_short_circuit_operator']) retrieved from /home/airflow/.local/lib/python3.7/site-packages/airflow/example_dags/example_short_circuit_operator.py
[2022-09-05T09:16:31.378+0000] {logging_mixin.py:115} INFO - [2022-09-05T09:16:31.375+0000] {dag.py:2429} INFO - Sync 1 DAGs
[2022-09-05T09:16:31.961+0000] {logging_mixin.py:115} INFO - [2022-09-05T09:16:31.961+0000] {dag.py:2981} INFO - Setting next_dagrun for example_short_circuit_operator to 2022-09-04T09:16:31.960743+00:00, run_after=2022-09-05T09:16:31.960743+00:00
[2022-09-05T09:16:32.167+0000] {processor.py:161} INFO - Processing /home/airflow/.local/lib/python3.7/site-packages/airflow/example_dags/example_short_circuit_operator.py took 1.867 seconds
[2022-09-05T09:23:17.839+0000] {processor.py:153} INFO - Started process (PID=84) to work on /home/airflow/.local/lib/python3.7/site-packages/airflow/example_dags/example_short_circuit_operator.py
[2022-09-05T09:23:17.851+0000] {processor.py:640} INFO - Processing file /home/airflow/.local/lib/python3.7/site-packages/airflow/example_dags/example_short_circuit_operator.py for tasks to queue
[2022-09-05T09:23:17.856+0000] {logging_mixin.py:115} INFO - [2022-09-05T09:23:17.855+0000] {dagbag.py:508} INFO - Filling up the DagBag from /home/airflow/.local/lib/python3.7/site-packages/airflow/example_dags/example_short_circuit_operator.py
[2022-09-05T09:23:18.022+0000] {processor.py:650} INFO - DAG(s) dict_keys(['example_short_circuit_operator']) retrieved from /home/airflow/.local/lib/python3.7/site-packages/airflow/example_dags/example_short_circuit_operator.py
[2022-09-05T09:23:18.481+0000] {logging_mixin.py:115} INFO - [2022-09-05T09:23:18.480+0000] {dag.py:2429} INFO - Sync 1 DAGs
[2022-09-05T09:23:18.863+0000] {logging_mixin.py:115} INFO - [2022-09-05T09:23:18.863+0000] {dag.py:2981} INFO - Setting next_dagrun for example_short_circuit_operator to 2022-09-04T09:23:18.862316+00:00, run_after=2022-09-05T09:23:18.862316+00:00
[2022-09-05T09:23:19.011+0000] {processor.py:161} INFO - Processing /home/airflow/.local/lib/python3.7/site-packages/airflow/example_dags/example_short_circuit_operator.py took 1.203 seconds
[2022-09-05T09:26:27.215+0000] {processor.py:153} INFO - Started process (PID=203) to work on /home/airflow/.local/lib/python3.7/site-packages/airflow/example_dags/example_short_circuit_operator.py
[2022-09-05T09:26:27.251+0000] {processor.py:640} INFO - Processing file /home/airflow/.local/lib/python3.7/site-packages/airflow/example_dags/example_short_circuit_operator.py for tasks to queue
[2022-09-05T09:26:27.266+0000] {logging_mixin.py:115} INFO - [2022-09-05T09:26:27.266+0000] {dagbag.py:508} INFO - Filling up the DagBag from /home/airflow/.local/lib/python3.7/site-packages/airflow/example_dags/example_short_circuit_operator.py
[2022-09-05T09:26:27.544+0000] {processor.py:650} INFO - DAG(s) dict_keys(['example_short_circuit_operator']) retrieved from /home/airflow/.local/lib/python3.7/site-packages/airflow/example_dags/example_short_circuit_operator.py
[2022-09-05T09:26:28.369+0000] {logging_mixin.py:115} INFO - [2022-09-05T09:26:28.369+0000] {dag.py:2429} INFO - Sync 1 DAGs
[2022-09-05T09:26:29.297+0000] {logging_mixin.py:115} INFO - [2022-09-05T09:26:29.297+0000] {dag.py:2981} INFO - Setting next_dagrun for example_short_circuit_operator to 2022-09-04T09:26:29.296729+00:00, run_after=2022-09-05T09:26:29.296729+00:00
[2022-09-05T09:26:31.070+0000] {processor.py:161} INFO - Processing /home/airflow/.local/lib/python3.7/site-packages/airflow/example_dags/example_short_circuit_operator.py took 4.146 seconds
