[2022-09-05T09:00:23.217+0000] {processor.py:153} INFO - Started process (PID=61) to work on /home/airflow/.local/lib/python3.7/site-packages/airflow/example_dags/example_trigger_controller_dag.py
[2022-09-05T09:00:23.218+0000] {processor.py:640} INFO - Processing file /home/airflow/.local/lib/python3.7/site-packages/airflow/example_dags/example_trigger_controller_dag.py for tasks to queue
[2022-09-05T09:00:23.220+0000] {logging_mixin.py:115} INFO - [2022-09-05T09:00:23.220+0000] {dagbag.py:508} INFO - Filling up the DagBag from /home/airflow/.local/lib/python3.7/site-packages/airflow/example_dags/example_trigger_controller_dag.py
[2022-09-05T09:00:23.230+0000] {processor.py:650} INFO - DAG(s) dict_keys(['example_trigger_controller_dag']) retrieved from /home/airflow/.local/lib/python3.7/site-packages/airflow/example_dags/example_trigger_controller_dag.py
[2022-09-05T09:00:24.356+0000] {logging_mixin.py:115} INFO - [2022-09-05T09:00:24.355+0000] {manager.py:508} INFO - Created Permission View: can read on DAG:example_trigger_controller_dag
[2022-09-05T09:00:24.664+0000] {logging_mixin.py:115} INFO - [2022-09-05T09:00:24.664+0000] {manager.py:508} INFO - Created Permission View: can edit on DAG:example_trigger_controller_dag
[2022-09-05T09:00:24.946+0000] {logging_mixin.py:115} INFO - [2022-09-05T09:00:24.946+0000] {manager.py:508} INFO - Created Permission View: can delete on DAG:example_trigger_controller_dag
[2022-09-05T09:00:24.948+0000] {logging_mixin.py:115} INFO - [2022-09-05T09:00:24.948+0000] {dag.py:2429} INFO - Sync 1 DAGs
[2022-09-05T09:00:24.991+0000] {logging_mixin.py:115} INFO - [2022-09-05T09:00:24.990+0000] {dag.py:2448} INFO - Creating ORM DAG for example_trigger_controller_dag
[2022-09-05T09:00:25.031+0000] {logging_mixin.py:115} INFO - [2022-09-05T09:00:25.031+0000] {dag.py:2981} INFO - Setting next_dagrun for example_trigger_controller_dag to 2021-01-01T00:00:00+00:00, run_after=2021-01-01T00:00:00+00:00
[2022-09-05T09:00:25.091+0000] {processor.py:161} INFO - Processing /home/airflow/.local/lib/python3.7/site-packages/airflow/example_dags/example_trigger_controller_dag.py took 1.881 seconds
[2022-09-05T09:00:55.647+0000] {processor.py:153} INFO - Started process (PID=113) to work on /home/airflow/.local/lib/python3.7/site-packages/airflow/example_dags/example_trigger_controller_dag.py
[2022-09-05T09:00:55.661+0000] {processor.py:640} INFO - Processing file /home/airflow/.local/lib/python3.7/site-packages/airflow/example_dags/example_trigger_controller_dag.py for tasks to queue
[2022-09-05T09:00:55.667+0000] {logging_mixin.py:115} INFO - [2022-09-05T09:00:55.667+0000] {dagbag.py:508} INFO - Filling up the DagBag from /home/airflow/.local/lib/python3.7/site-packages/airflow/example_dags/example_trigger_controller_dag.py
[2022-09-05T09:00:55.684+0000] {processor.py:650} INFO - DAG(s) dict_keys(['example_trigger_controller_dag']) retrieved from /home/airflow/.local/lib/python3.7/site-packages/airflow/example_dags/example_trigger_controller_dag.py
[2022-09-05T09:00:55.749+0000] {logging_mixin.py:115} INFO - [2022-09-05T09:00:55.749+0000] {dag.py:2429} INFO - Sync 1 DAGs
[2022-09-05T09:00:55.799+0000] {logging_mixin.py:115} INFO - [2022-09-05T09:00:55.798+0000] {dag.py:2981} INFO - Setting next_dagrun for example_trigger_controller_dag to 2021-01-01T00:00:00+00:00, run_after=2021-01-01T00:00:00+00:00
[2022-09-05T09:00:55.953+0000] {processor.py:161} INFO - Processing /home/airflow/.local/lib/python3.7/site-packages/airflow/example_dags/example_trigger_controller_dag.py took 0.313 seconds
[2022-09-05T09:01:26.058+0000] {processor.py:153} INFO - Started process (PID=164) to work on /home/airflow/.local/lib/python3.7/site-packages/airflow/example_dags/example_trigger_controller_dag.py
[2022-09-05T09:01:26.060+0000] {processor.py:640} INFO - Processing file /home/airflow/.local/lib/python3.7/site-packages/airflow/example_dags/example_trigger_controller_dag.py for tasks to queue
[2022-09-05T09:01:26.061+0000] {logging_mixin.py:115} INFO - [2022-09-05T09:01:26.061+0000] {dagbag.py:508} INFO - Filling up the DagBag from /home/airflow/.local/lib/python3.7/site-packages/airflow/example_dags/example_trigger_controller_dag.py
[2022-09-05T09:01:26.068+0000] {processor.py:650} INFO - DAG(s) dict_keys(['example_trigger_controller_dag']) retrieved from /home/airflow/.local/lib/python3.7/site-packages/airflow/example_dags/example_trigger_controller_dag.py
[2022-09-05T09:01:26.126+0000] {logging_mixin.py:115} INFO - [2022-09-05T09:01:26.126+0000] {dag.py:2429} INFO - Sync 1 DAGs
[2022-09-05T09:01:26.168+0000] {logging_mixin.py:115} INFO - [2022-09-05T09:01:26.168+0000] {dag.py:2981} INFO - Setting next_dagrun for example_trigger_controller_dag to 2021-01-01T00:00:00+00:00, run_after=2021-01-01T00:00:00+00:00
[2022-09-05T09:01:26.240+0000] {processor.py:161} INFO - Processing /home/airflow/.local/lib/python3.7/site-packages/airflow/example_dags/example_trigger_controller_dag.py took 0.188 seconds
[2022-09-05T09:02:20.544+0000] {processor.py:153} INFO - Started process (PID=207) to work on /home/airflow/.local/lib/python3.7/site-packages/airflow/example_dags/example_trigger_controller_dag.py
[2022-09-05T09:02:20.546+0000] {processor.py:640} INFO - Processing file /home/airflow/.local/lib/python3.7/site-packages/airflow/example_dags/example_trigger_controller_dag.py for tasks to queue
[2022-09-05T09:02:20.548+0000] {logging_mixin.py:115} INFO - [2022-09-05T09:02:20.547+0000] {dagbag.py:508} INFO - Filling up the DagBag from /home/airflow/.local/lib/python3.7/site-packages/airflow/example_dags/example_trigger_controller_dag.py
[2022-09-05T09:02:20.559+0000] {processor.py:650} INFO - DAG(s) dict_keys(['example_trigger_controller_dag']) retrieved from /home/airflow/.local/lib/python3.7/site-packages/airflow/example_dags/example_trigger_controller_dag.py
[2022-09-05T09:02:20.610+0000] {logging_mixin.py:115} INFO - [2022-09-05T09:02:20.610+0000] {dag.py:2429} INFO - Sync 1 DAGs
[2022-09-05T09:02:20.669+0000] {logging_mixin.py:115} INFO - [2022-09-05T09:02:20.669+0000] {dag.py:2981} INFO - Setting next_dagrun for example_trigger_controller_dag to 2021-01-01T00:00:00+00:00, run_after=2021-01-01T00:00:00+00:00
[2022-09-05T09:02:20.763+0000] {processor.py:161} INFO - Processing /home/airflow/.local/lib/python3.7/site-packages/airflow/example_dags/example_trigger_controller_dag.py took 0.226 seconds
[2022-09-05T09:03:31.206+0000] {processor.py:153} INFO - Started process (PID=276) to work on /home/airflow/.local/lib/python3.7/site-packages/airflow/example_dags/example_trigger_controller_dag.py
[2022-09-05T09:03:31.211+0000] {processor.py:640} INFO - Processing file /home/airflow/.local/lib/python3.7/site-packages/airflow/example_dags/example_trigger_controller_dag.py for tasks to queue
[2022-09-05T09:03:31.223+0000] {logging_mixin.py:115} INFO - [2022-09-05T09:03:31.223+0000] {dagbag.py:508} INFO - Filling up the DagBag from /home/airflow/.local/lib/python3.7/site-packages/airflow/example_dags/example_trigger_controller_dag.py
[2022-09-05T09:03:31.251+0000] {processor.py:650} INFO - DAG(s) dict_keys(['example_trigger_controller_dag']) retrieved from /home/airflow/.local/lib/python3.7/site-packages/airflow/example_dags/example_trigger_controller_dag.py
[2022-09-05T09:03:31.595+0000] {logging_mixin.py:115} INFO - [2022-09-05T09:03:31.595+0000] {dag.py:2429} INFO - Sync 1 DAGs
[2022-09-05T09:03:31.819+0000] {logging_mixin.py:115} INFO - [2022-09-05T09:03:31.819+0000] {dag.py:2981} INFO - Setting next_dagrun for example_trigger_controller_dag to 2021-01-01T00:00:00+00:00, run_after=2021-01-01T00:00:00+00:00
[2022-09-05T09:03:31.897+0000] {processor.py:161} INFO - Processing /home/airflow/.local/lib/python3.7/site-packages/airflow/example_dags/example_trigger_controller_dag.py took 0.720 seconds
[2022-09-05T09:05:58.867+0000] {processor.py:153} INFO - Started process (PID=344) to work on /home/airflow/.local/lib/python3.7/site-packages/airflow/example_dags/example_trigger_controller_dag.py
[2022-09-05T09:05:58.936+0000] {processor.py:640} INFO - Processing file /home/airflow/.local/lib/python3.7/site-packages/airflow/example_dags/example_trigger_controller_dag.py for tasks to queue
[2022-09-05T09:06:00.255+0000] {logging_mixin.py:115} INFO - [2022-09-05T09:05:59.198+0000] {dagbag.py:508} INFO - Filling up the DagBag from /home/airflow/.local/lib/python3.7/site-packages/airflow/example_dags/example_trigger_controller_dag.py
[2022-09-05T09:06:01.912+0000] {processor.py:650} INFO - DAG(s) dict_keys(['example_trigger_controller_dag']) retrieved from /home/airflow/.local/lib/python3.7/site-packages/airflow/example_dags/example_trigger_controller_dag.py
[2022-09-05T09:06:02.518+0000] {logging_mixin.py:115} INFO - [2022-09-05T09:06:02.517+0000] {dag.py:2429} INFO - Sync 1 DAGs
[2022-09-05T09:06:03.859+0000] {logging_mixin.py:115} INFO - [2022-09-05T09:06:03.859+0000] {dag.py:2981} INFO - Setting next_dagrun for example_trigger_controller_dag to 2021-01-01T00:00:00+00:00, run_after=2021-01-01T00:00:00+00:00
[2022-09-05T09:06:07.345+0000] {processor.py:161} INFO - Processing /home/airflow/.local/lib/python3.7/site-packages/airflow/example_dags/example_trigger_controller_dag.py took 8.892 seconds
[2022-09-05T09:06:43.359+0000] {processor.py:153} INFO - Started process (PID=398) to work on /home/airflow/.local/lib/python3.7/site-packages/airflow/example_dags/example_trigger_controller_dag.py
[2022-09-05T09:06:43.374+0000] {processor.py:640} INFO - Processing file /home/airflow/.local/lib/python3.7/site-packages/airflow/example_dags/example_trigger_controller_dag.py for tasks to queue
[2022-09-05T09:06:43.378+0000] {logging_mixin.py:115} INFO - [2022-09-05T09:06:43.378+0000] {dagbag.py:508} INFO - Filling up the DagBag from /home/airflow/.local/lib/python3.7/site-packages/airflow/example_dags/example_trigger_controller_dag.py
[2022-09-05T09:06:43.495+0000] {processor.py:650} INFO - DAG(s) dict_keys(['example_trigger_controller_dag']) retrieved from /home/airflow/.local/lib/python3.7/site-packages/airflow/example_dags/example_trigger_controller_dag.py
[2022-09-05T09:06:44.032+0000] {logging_mixin.py:115} INFO - [2022-09-05T09:06:44.032+0000] {dag.py:2429} INFO - Sync 1 DAGs
[2022-09-05T09:06:44.323+0000] {logging_mixin.py:115} INFO - [2022-09-05T09:06:44.322+0000] {dag.py:2981} INFO - Setting next_dagrun for example_trigger_controller_dag to 2021-01-01T00:00:00+00:00, run_after=2021-01-01T00:00:00+00:00
[2022-09-05T09:06:44.567+0000] {processor.py:161} INFO - Processing /home/airflow/.local/lib/python3.7/site-packages/airflow/example_dags/example_trigger_controller_dag.py took 1.569 seconds
[2022-09-05T09:09:13.755+0000] {processor.py:153} INFO - Started process (PID=470) to work on /home/airflow/.local/lib/python3.7/site-packages/airflow/example_dags/example_trigger_controller_dag.py
[2022-09-05T09:09:13.785+0000] {processor.py:640} INFO - Processing file /home/airflow/.local/lib/python3.7/site-packages/airflow/example_dags/example_trigger_controller_dag.py for tasks to queue
[2022-09-05T09:09:13.864+0000] {logging_mixin.py:115} INFO - [2022-09-05T09:09:13.856+0000] {dagbag.py:508} INFO - Filling up the DagBag from /home/airflow/.local/lib/python3.7/site-packages/airflow/example_dags/example_trigger_controller_dag.py
[2022-09-05T09:09:14.275+0000] {processor.py:650} INFO - DAG(s) dict_keys(['example_trigger_controller_dag']) retrieved from /home/airflow/.local/lib/python3.7/site-packages/airflow/example_dags/example_trigger_controller_dag.py
[2022-09-05T09:09:30.289+0000] {logging_mixin.py:115} INFO - [2022-09-05T09:09:30.250+0000] {dag.py:2429} INFO - Sync 1 DAGs
[2022-09-05T09:14:26.179+0000] {processor.py:153} INFO - Started process (PID=77) to work on /home/airflow/.local/lib/python3.7/site-packages/airflow/example_dags/example_trigger_controller_dag.py
[2022-09-05T09:14:26.181+0000] {processor.py:640} INFO - Processing file /home/airflow/.local/lib/python3.7/site-packages/airflow/example_dags/example_trigger_controller_dag.py for tasks to queue
[2022-09-05T09:14:26.185+0000] {logging_mixin.py:115} INFO - [2022-09-05T09:14:26.185+0000] {dagbag.py:508} INFO - Filling up the DagBag from /home/airflow/.local/lib/python3.7/site-packages/airflow/example_dags/example_trigger_controller_dag.py
[2022-09-05T09:14:26.222+0000] {processor.py:650} INFO - DAG(s) dict_keys(['example_trigger_controller_dag']) retrieved from /home/airflow/.local/lib/python3.7/site-packages/airflow/example_dags/example_trigger_controller_dag.py
[2022-09-05T09:14:26.377+0000] {logging_mixin.py:115} INFO - [2022-09-05T09:14:26.376+0000] {dag.py:2429} INFO - Sync 1 DAGs
[2022-09-05T09:14:26.465+0000] {logging_mixin.py:115} INFO - [2022-09-05T09:14:26.465+0000] {dag.py:2981} INFO - Setting next_dagrun for example_trigger_controller_dag to 2021-01-01T00:00:00+00:00, run_after=2021-01-01T00:00:00+00:00
[2022-09-05T09:14:30.988+0000] {processor.py:161} INFO - Processing /home/airflow/.local/lib/python3.7/site-packages/airflow/example_dags/example_trigger_controller_dag.py took 4.823 seconds
[2022-09-05T09:15:31.932+0000] {processor.py:153} INFO - Started process (PID=138) to work on /home/airflow/.local/lib/python3.7/site-packages/airflow/example_dags/example_trigger_controller_dag.py
[2022-09-05T09:15:31.961+0000] {processor.py:640} INFO - Processing file /home/airflow/.local/lib/python3.7/site-packages/airflow/example_dags/example_trigger_controller_dag.py for tasks to queue
[2022-09-05T09:15:31.965+0000] {logging_mixin.py:115} INFO - [2022-09-05T09:15:31.965+0000] {dagbag.py:508} INFO - Filling up the DagBag from /home/airflow/.local/lib/python3.7/site-packages/airflow/example_dags/example_trigger_controller_dag.py
[2022-09-05T09:15:32.075+0000] {processor.py:650} INFO - DAG(s) dict_keys(['example_trigger_controller_dag']) retrieved from /home/airflow/.local/lib/python3.7/site-packages/airflow/example_dags/example_trigger_controller_dag.py
[2022-09-05T09:15:32.516+0000] {logging_mixin.py:115} INFO - [2022-09-05T09:15:32.516+0000] {dag.py:2429} INFO - Sync 1 DAGs
[2022-09-05T09:15:32.821+0000] {logging_mixin.py:115} INFO - [2022-09-05T09:15:32.819+0000] {dag.py:2981} INFO - Setting next_dagrun for example_trigger_controller_dag to 2021-01-01T00:00:00+00:00, run_after=2021-01-01T00:00:00+00:00
[2022-09-05T09:15:34.697+0000] {processor.py:161} INFO - Processing /home/airflow/.local/lib/python3.7/site-packages/airflow/example_dags/example_trigger_controller_dag.py took 2.918 seconds
[2022-09-05T09:18:00.936+0000] {processor.py:153} INFO - Started process (PID=203) to work on /home/airflow/.local/lib/python3.7/site-packages/airflow/example_dags/example_trigger_controller_dag.py
[2022-09-05T09:18:00.978+0000] {processor.py:640} INFO - Processing file /home/airflow/.local/lib/python3.7/site-packages/airflow/example_dags/example_trigger_controller_dag.py for tasks to queue
[2022-09-05T09:18:00.987+0000] {logging_mixin.py:115} INFO - [2022-09-05T09:18:00.986+0000] {dagbag.py:508} INFO - Filling up the DagBag from /home/airflow/.local/lib/python3.7/site-packages/airflow/example_dags/example_trigger_controller_dag.py
[2022-09-05T09:18:01.134+0000] {processor.py:650} INFO - DAG(s) dict_keys(['example_trigger_controller_dag']) retrieved from /home/airflow/.local/lib/python3.7/site-packages/airflow/example_dags/example_trigger_controller_dag.py
[2022-09-05T09:18:06.277+0000] {logging_mixin.py:115} INFO - [2022-09-05T09:18:06.260+0000] {dag.py:2429} INFO - Sync 1 DAGs
[2022-09-05T09:18:22.970+0000] {logging_mixin.py:115} INFO - [2022-09-05T09:18:22.301+0000] {dag.py:2981} INFO - Setting next_dagrun for example_trigger_controller_dag to 2021-01-01T00:00:00+00:00, run_after=2021-01-01T00:00:00+00:00
[2022-09-05T09:22:56.211+0000] {processor.py:153} INFO - Started process (PID=64) to work on /home/airflow/.local/lib/python3.7/site-packages/airflow/example_dags/example_trigger_controller_dag.py
[2022-09-05T09:22:56.230+0000] {processor.py:640} INFO - Processing file /home/airflow/.local/lib/python3.7/site-packages/airflow/example_dags/example_trigger_controller_dag.py for tasks to queue
[2022-09-05T09:22:56.241+0000] {logging_mixin.py:115} INFO - [2022-09-05T09:22:56.233+0000] {dagbag.py:508} INFO - Filling up the DagBag from /home/airflow/.local/lib/python3.7/site-packages/airflow/example_dags/example_trigger_controller_dag.py
[2022-09-05T09:22:56.309+0000] {processor.py:650} INFO - DAG(s) dict_keys(['example_trigger_controller_dag']) retrieved from /home/airflow/.local/lib/python3.7/site-packages/airflow/example_dags/example_trigger_controller_dag.py
[2022-09-05T09:22:56.729+0000] {logging_mixin.py:115} INFO - [2022-09-05T09:22:56.729+0000] {dag.py:2429} INFO - Sync 1 DAGs
[2022-09-05T09:22:57.014+0000] {logging_mixin.py:115} INFO - [2022-09-05T09:22:57.014+0000] {dag.py:2981} INFO - Setting next_dagrun for example_trigger_controller_dag to 2021-01-01T00:00:00+00:00, run_after=2021-01-01T00:00:00+00:00
[2022-09-05T09:22:57.359+0000] {processor.py:161} INFO - Processing /home/airflow/.local/lib/python3.7/site-packages/airflow/example_dags/example_trigger_controller_dag.py took 1.212 seconds
[2022-09-05T09:23:49.524+0000] {processor.py:153} INFO - Started process (PID=115) to work on /home/airflow/.local/lib/python3.7/site-packages/airflow/example_dags/example_trigger_controller_dag.py
[2022-09-05T09:23:49.533+0000] {processor.py:640} INFO - Processing file /home/airflow/.local/lib/python3.7/site-packages/airflow/example_dags/example_trigger_controller_dag.py for tasks to queue
[2022-09-05T09:23:49.539+0000] {logging_mixin.py:115} INFO - [2022-09-05T09:23:49.539+0000] {dagbag.py:508} INFO - Filling up the DagBag from /home/airflow/.local/lib/python3.7/site-packages/airflow/example_dags/example_trigger_controller_dag.py
[2022-09-05T09:23:49.584+0000] {processor.py:650} INFO - DAG(s) dict_keys(['example_trigger_controller_dag']) retrieved from /home/airflow/.local/lib/python3.7/site-packages/airflow/example_dags/example_trigger_controller_dag.py
[2022-09-05T09:23:49.895+0000] {logging_mixin.py:115} INFO - [2022-09-05T09:23:49.894+0000] {dag.py:2429} INFO - Sync 1 DAGs
[2022-09-05T09:23:50.265+0000] {logging_mixin.py:115} INFO - [2022-09-05T09:23:50.265+0000] {dag.py:2981} INFO - Setting next_dagrun for example_trigger_controller_dag to 2021-01-01T00:00:00+00:00, run_after=2021-01-01T00:00:00+00:00
[2022-09-05T09:23:51.911+0000] {processor.py:161} INFO - Processing /home/airflow/.local/lib/python3.7/site-packages/airflow/example_dags/example_trigger_controller_dag.py took 2.407 seconds
[2022-09-05T09:25:58.383+0000] {processor.py:153} INFO - Started process (PID=188) to work on /home/airflow/.local/lib/python3.7/site-packages/airflow/example_dags/example_trigger_controller_dag.py
[2022-09-05T09:25:58.662+0000] {processor.py:640} INFO - Processing file /home/airflow/.local/lib/python3.7/site-packages/airflow/example_dags/example_trigger_controller_dag.py for tasks to queue
[2022-09-05T09:25:59.863+0000] {logging_mixin.py:115} INFO - [2022-09-05T09:25:59.053+0000] {dagbag.py:508} INFO - Filling up the DagBag from /home/airflow/.local/lib/python3.7/site-packages/airflow/example_dags/example_trigger_controller_dag.py
[2022-09-05T09:26:01.111+0000] {processor.py:650} INFO - DAG(s) dict_keys(['example_trigger_controller_dag']) retrieved from /home/airflow/.local/lib/python3.7/site-packages/airflow/example_dags/example_trigger_controller_dag.py
[2022-09-05T09:26:03.356+0000] {logging_mixin.py:115} INFO - [2022-09-05T09:26:03.349+0000] {dag.py:2429} INFO - Sync 1 DAGs
[2022-09-05T09:26:04.088+0000] {logging_mixin.py:115} INFO - [2022-09-05T09:26:04.081+0000] {dag.py:2981} INFO - Setting next_dagrun for example_trigger_controller_dag to 2021-01-01T00:00:00+00:00, run_after=2021-01-01T00:00:00+00:00
[2022-09-05T09:26:04.910+0000] {processor.py:161} INFO - Processing /home/airflow/.local/lib/python3.7/site-packages/airflow/example_dags/example_trigger_controller_dag.py took 6.902 seconds
[2022-09-05T09:38:44.502+0000] {processor.py:153} INFO - Started process (PID=81) to work on /home/airflow/.local/lib/python3.7/site-packages/airflow/example_dags/example_trigger_controller_dag.py
[2022-09-05T09:38:44.504+0000] {processor.py:640} INFO - Processing file /home/airflow/.local/lib/python3.7/site-packages/airflow/example_dags/example_trigger_controller_dag.py for tasks to queue
[2022-09-05T09:38:44.505+0000] {logging_mixin.py:115} INFO - [2022-09-05T09:38:44.504+0000] {dagbag.py:508} INFO - Filling up the DagBag from /home/airflow/.local/lib/python3.7/site-packages/airflow/example_dags/example_trigger_controller_dag.py
[2022-09-05T09:38:44.511+0000] {processor.py:650} INFO - DAG(s) dict_keys(['example_trigger_controller_dag']) retrieved from /home/airflow/.local/lib/python3.7/site-packages/airflow/example_dags/example_trigger_controller_dag.py
[2022-09-05T09:38:44.555+0000] {logging_mixin.py:115} INFO - [2022-09-05T09:38:44.554+0000] {dag.py:2429} INFO - Sync 1 DAGs
[2022-09-05T09:38:44.592+0000] {logging_mixin.py:115} INFO - [2022-09-05T09:38:44.592+0000] {dag.py:2981} INFO - Setting next_dagrun for example_trigger_controller_dag to 2021-01-01T00:00:00+00:00, run_after=2021-01-01T00:00:00+00:00
[2022-09-05T09:38:44.647+0000] {processor.py:161} INFO - Processing /home/airflow/.local/lib/python3.7/site-packages/airflow/example_dags/example_trigger_controller_dag.py took 0.150 seconds
