[2022-09-05T08:59:30.149+0000] {processor.py:153} INFO - Started process (PID=57) to work on /home/airflow/.local/lib/python3.7/site-packages/airflow/example_dags/example_external_task_marker_dag.py
[2022-09-05T08:59:30.157+0000] {processor.py:640} INFO - Processing file /home/airflow/.local/lib/python3.7/site-packages/airflow/example_dags/example_external_task_marker_dag.py for tasks to queue
[2022-09-05T08:59:30.165+0000] {logging_mixin.py:115} INFO - [2022-09-05T08:59:30.164+0000] {dagbag.py:508} INFO - Filling up the DagBag from /home/airflow/.local/lib/python3.7/site-packages/airflow/example_dags/example_external_task_marker_dag.py
[2022-09-05T08:59:30.416+0000] {processor.py:650} INFO - DAG(s) dict_keys(['example_external_task_marker_parent', 'example_external_task_marker_child']) retrieved from /home/airflow/.local/lib/python3.7/site-packages/airflow/example_dags/example_external_task_marker_dag.py
[2022-09-05T09:00:17.825+0000] {logging_mixin.py:115} INFO - [2022-09-05T09:00:17.813+0000] {manager.py:508} INFO - Created Permission View: can read on DAG:example_external_task_marker_parent
[2022-09-05T09:00:17.978+0000] {logging_mixin.py:115} INFO - [2022-09-05T09:00:17.978+0000] {manager.py:508} INFO - Created Permission View: can edit on DAG:example_external_task_marker_parent
[2022-09-05T09:00:18.383+0000] {logging_mixin.py:115} INFO - [2022-09-05T09:00:18.382+0000] {manager.py:508} INFO - Created Permission View: can delete on DAG:example_external_task_marker_parent
[2022-09-05T09:00:20.192+0000] {logging_mixin.py:115} INFO - [2022-09-05T09:00:20.191+0000] {manager.py:508} INFO - Created Permission View: can read on DAG:example_external_task_marker_child
[2022-09-05T09:00:20.337+0000] {logging_mixin.py:115} INFO - [2022-09-05T09:00:20.336+0000] {manager.py:508} INFO - Created Permission View: can edit on DAG:example_external_task_marker_child
[2022-09-05T09:00:49.081+0000] {processor.py:153} INFO - Started process (PID=108) to work on /home/airflow/.local/lib/python3.7/site-packages/airflow/example_dags/example_external_task_marker_dag.py
[2022-09-05T09:00:49.085+0000] {processor.py:640} INFO - Processing file /home/airflow/.local/lib/python3.7/site-packages/airflow/example_dags/example_external_task_marker_dag.py for tasks to queue
[2022-09-05T09:00:49.087+0000] {logging_mixin.py:115} INFO - [2022-09-05T09:00:49.087+0000] {dagbag.py:508} INFO - Filling up the DagBag from /home/airflow/.local/lib/python3.7/site-packages/airflow/example_dags/example_external_task_marker_dag.py
[2022-09-05T09:00:49.113+0000] {processor.py:650} INFO - DAG(s) dict_keys(['example_external_task_marker_parent', 'example_external_task_marker_child']) retrieved from /home/airflow/.local/lib/python3.7/site-packages/airflow/example_dags/example_external_task_marker_dag.py
[2022-09-05T09:00:49.692+0000] {logging_mixin.py:115} INFO - [2022-09-05T09:00:49.691+0000] {dag.py:2429} INFO - Sync 2 DAGs
[2022-09-05T09:00:49.710+0000] {logging_mixin.py:115} INFO - [2022-09-05T09:00:49.710+0000] {dag.py:2448} INFO - Creating ORM DAG for example_external_task_marker_parent
[2022-09-05T09:00:49.711+0000] {logging_mixin.py:115} INFO - [2022-09-05T09:00:49.711+0000] {dag.py:2448} INFO - Creating ORM DAG for example_external_task_marker_child
[2022-09-05T09:00:49.729+0000] {logging_mixin.py:115} INFO - [2022-09-05T09:00:49.729+0000] {dag.py:2981} INFO - Setting next_dagrun for example_external_task_marker_child to None, run_after=None
[2022-09-05T09:00:49.731+0000] {logging_mixin.py:115} INFO - [2022-09-05T09:00:49.730+0000] {dag.py:2981} INFO - Setting next_dagrun for example_external_task_marker_parent to None, run_after=None
[2022-09-05T09:00:50.172+0000] {processor.py:161} INFO - Processing /home/airflow/.local/lib/python3.7/site-packages/airflow/example_dags/example_external_task_marker_dag.py took 1.121 seconds
[2022-09-05T09:01:21.173+0000] {processor.py:153} INFO - Started process (PID=158) to work on /home/airflow/.local/lib/python3.7/site-packages/airflow/example_dags/example_external_task_marker_dag.py
[2022-09-05T09:01:21.183+0000] {processor.py:640} INFO - Processing file /home/airflow/.local/lib/python3.7/site-packages/airflow/example_dags/example_external_task_marker_dag.py for tasks to queue
[2022-09-05T09:01:21.185+0000] {logging_mixin.py:115} INFO - [2022-09-05T09:01:21.184+0000] {dagbag.py:508} INFO - Filling up the DagBag from /home/airflow/.local/lib/python3.7/site-packages/airflow/example_dags/example_external_task_marker_dag.py
[2022-09-05T09:01:21.202+0000] {processor.py:650} INFO - DAG(s) dict_keys(['example_external_task_marker_parent', 'example_external_task_marker_child']) retrieved from /home/airflow/.local/lib/python3.7/site-packages/airflow/example_dags/example_external_task_marker_dag.py
[2022-09-05T09:01:21.539+0000] {logging_mixin.py:115} INFO - [2022-09-05T09:01:21.539+0000] {dag.py:2429} INFO - Sync 2 DAGs
[2022-09-05T09:01:21.587+0000] {logging_mixin.py:115} INFO - [2022-09-05T09:01:21.587+0000] {dag.py:2981} INFO - Setting next_dagrun for example_external_task_marker_child to None, run_after=None
[2022-09-05T09:01:21.588+0000] {logging_mixin.py:115} INFO - [2022-09-05T09:01:21.588+0000] {dag.py:2981} INFO - Setting next_dagrun for example_external_task_marker_parent to None, run_after=None
[2022-09-05T09:01:21.760+0000] {processor.py:161} INFO - Processing /home/airflow/.local/lib/python3.7/site-packages/airflow/example_dags/example_external_task_marker_dag.py took 0.594 seconds
[2022-09-05T09:02:19.602+0000] {processor.py:153} INFO - Started process (PID=203) to work on /home/airflow/.local/lib/python3.7/site-packages/airflow/example_dags/example_external_task_marker_dag.py
[2022-09-05T09:02:19.604+0000] {processor.py:640} INFO - Processing file /home/airflow/.local/lib/python3.7/site-packages/airflow/example_dags/example_external_task_marker_dag.py for tasks to queue
[2022-09-05T09:02:19.606+0000] {logging_mixin.py:115} INFO - [2022-09-05T09:02:19.606+0000] {dagbag.py:508} INFO - Filling up the DagBag from /home/airflow/.local/lib/python3.7/site-packages/airflow/example_dags/example_external_task_marker_dag.py
[2022-09-05T09:02:19.621+0000] {processor.py:650} INFO - DAG(s) dict_keys(['example_external_task_marker_parent', 'example_external_task_marker_child']) retrieved from /home/airflow/.local/lib/python3.7/site-packages/airflow/example_dags/example_external_task_marker_dag.py
[2022-09-05T09:02:20.083+0000] {logging_mixin.py:115} INFO - [2022-09-05T09:02:20.083+0000] {dag.py:2429} INFO - Sync 2 DAGs
[2022-09-05T09:02:20.119+0000] {logging_mixin.py:115} INFO - [2022-09-05T09:02:20.119+0000] {dag.py:2981} INFO - Setting next_dagrun for example_external_task_marker_child to None, run_after=None
[2022-09-05T09:02:20.120+0000] {logging_mixin.py:115} INFO - [2022-09-05T09:02:20.120+0000] {dag.py:2981} INFO - Setting next_dagrun for example_external_task_marker_parent to None, run_after=None
[2022-09-05T09:02:20.218+0000] {processor.py:161} INFO - Processing /home/airflow/.local/lib/python3.7/site-packages/airflow/example_dags/example_external_task_marker_dag.py took 0.624 seconds
[2022-09-05T09:03:26.949+0000] {processor.py:153} INFO - Started process (PID=270) to work on /home/airflow/.local/lib/python3.7/site-packages/airflow/example_dags/example_external_task_marker_dag.py
[2022-09-05T09:03:26.966+0000] {processor.py:640} INFO - Processing file /home/airflow/.local/lib/python3.7/site-packages/airflow/example_dags/example_external_task_marker_dag.py for tasks to queue
[2022-09-05T09:03:26.977+0000] {logging_mixin.py:115} INFO - [2022-09-05T09:03:26.972+0000] {dagbag.py:508} INFO - Filling up the DagBag from /home/airflow/.local/lib/python3.7/site-packages/airflow/example_dags/example_external_task_marker_dag.py
[2022-09-05T09:03:27.114+0000] {processor.py:650} INFO - DAG(s) dict_keys(['example_external_task_marker_parent', 'example_external_task_marker_child']) retrieved from /home/airflow/.local/lib/python3.7/site-packages/airflow/example_dags/example_external_task_marker_dag.py
[2022-09-05T09:03:30.511+0000] {logging_mixin.py:115} INFO - [2022-09-05T09:03:30.511+0000] {dag.py:2429} INFO - Sync 2 DAGs
[2022-09-05T09:03:30.674+0000] {logging_mixin.py:115} INFO - [2022-09-05T09:03:30.670+0000] {dag.py:2981} INFO - Setting next_dagrun for example_external_task_marker_child to None, run_after=None
[2022-09-05T09:03:30.677+0000] {logging_mixin.py:115} INFO - [2022-09-05T09:03:30.677+0000] {dag.py:2981} INFO - Setting next_dagrun for example_external_task_marker_parent to None, run_after=None
[2022-09-05T09:03:30.925+0000] {processor.py:161} INFO - Processing /home/airflow/.local/lib/python3.7/site-packages/airflow/example_dags/example_external_task_marker_dag.py took 3.999 seconds
[2022-09-05T09:04:21.274+0000] {processor.py:153} INFO - Started process (PID=331) to work on /home/airflow/.local/lib/python3.7/site-packages/airflow/example_dags/example_external_task_marker_dag.py
[2022-09-05T09:04:21.311+0000] {processor.py:640} INFO - Processing file /home/airflow/.local/lib/python3.7/site-packages/airflow/example_dags/example_external_task_marker_dag.py for tasks to queue
[2022-09-05T09:04:21.327+0000] {logging_mixin.py:115} INFO - [2022-09-05T09:04:21.321+0000] {dagbag.py:508} INFO - Filling up the DagBag from /home/airflow/.local/lib/python3.7/site-packages/airflow/example_dags/example_external_task_marker_dag.py
[2022-09-05T09:04:21.811+0000] {processor.py:650} INFO - DAG(s) dict_keys(['example_external_task_marker_parent', 'example_external_task_marker_child']) retrieved from /home/airflow/.local/lib/python3.7/site-packages/airflow/example_dags/example_external_task_marker_dag.py
[2022-09-05T09:06:25.129+0000] {processor.py:153} INFO - Started process (PID=383) to work on /home/airflow/.local/lib/python3.7/site-packages/airflow/example_dags/example_external_task_marker_dag.py
[2022-09-05T09:06:25.136+0000] {processor.py:640} INFO - Processing file /home/airflow/.local/lib/python3.7/site-packages/airflow/example_dags/example_external_task_marker_dag.py for tasks to queue
[2022-09-05T09:06:25.140+0000] {logging_mixin.py:115} INFO - [2022-09-05T09:06:25.138+0000] {dagbag.py:508} INFO - Filling up the DagBag from /home/airflow/.local/lib/python3.7/site-packages/airflow/example_dags/example_external_task_marker_dag.py
[2022-09-05T09:06:25.173+0000] {processor.py:650} INFO - DAG(s) dict_keys(['example_external_task_marker_parent', 'example_external_task_marker_child']) retrieved from /home/airflow/.local/lib/python3.7/site-packages/airflow/example_dags/example_external_task_marker_dag.py
[2022-09-05T09:06:26.196+0000] {logging_mixin.py:115} INFO - [2022-09-05T09:06:26.195+0000] {dag.py:2429} INFO - Sync 2 DAGs
[2022-09-05T09:06:26.429+0000] {logging_mixin.py:115} INFO - [2022-09-05T09:06:26.429+0000] {dag.py:2981} INFO - Setting next_dagrun for example_external_task_marker_child to None, run_after=None
[2022-09-05T09:06:26.434+0000] {logging_mixin.py:115} INFO - [2022-09-05T09:06:26.433+0000] {dag.py:2981} INFO - Setting next_dagrun for example_external_task_marker_parent to None, run_after=None
[2022-09-05T09:06:26.543+0000] {processor.py:161} INFO - Processing /home/airflow/.local/lib/python3.7/site-packages/airflow/example_dags/example_external_task_marker_dag.py took 1.434 seconds
[2022-09-05T09:08:13.025+0000] {processor.py:153} INFO - Started process (PID=441) to work on /home/airflow/.local/lib/python3.7/site-packages/airflow/example_dags/example_external_task_marker_dag.py
[2022-09-05T09:08:13.175+0000] {processor.py:640} INFO - Processing file /home/airflow/.local/lib/python3.7/site-packages/airflow/example_dags/example_external_task_marker_dag.py for tasks to queue
[2022-09-05T09:08:13.425+0000] {logging_mixin.py:115} INFO - [2022-09-05T09:08:13.335+0000] {dagbag.py:508} INFO - Filling up the DagBag from /home/airflow/.local/lib/python3.7/site-packages/airflow/example_dags/example_external_task_marker_dag.py
[2022-09-05T09:08:21.710+0000] {processor.py:650} INFO - DAG(s) dict_keys(['example_external_task_marker_parent', 'example_external_task_marker_child']) retrieved from /home/airflow/.local/lib/python3.7/site-packages/airflow/example_dags/example_external_task_marker_dag.py
[2022-09-05T09:08:46.610+0000] {logging_mixin.py:115} INFO - [2022-09-05T09:08:46.609+0000] {dag.py:2429} INFO - Sync 2 DAGs
[2022-09-05T09:08:58.251+0000] {logging_mixin.py:115} INFO - [2022-09-05T09:08:58.251+0000] {dag.py:2981} INFO - Setting next_dagrun for example_external_task_marker_child to None, run_after=None
[2022-09-05T09:08:58.272+0000] {logging_mixin.py:115} INFO - [2022-09-05T09:08:58.271+0000] {dag.py:2981} INFO - Setting next_dagrun for example_external_task_marker_parent to None, run_after=None
[2022-09-05T09:08:58.654+0000] {processor.py:161} INFO - Processing /home/airflow/.local/lib/python3.7/site-packages/airflow/example_dags/example_external_task_marker_dag.py took 46.206 seconds
[2022-09-05T09:13:22.489+0000] {processor.py:153} INFO - Started process (PID=56) to work on /home/airflow/.local/lib/python3.7/site-packages/airflow/example_dags/example_external_task_marker_dag.py
[2022-09-05T09:13:22.495+0000] {processor.py:640} INFO - Processing file /home/airflow/.local/lib/python3.7/site-packages/airflow/example_dags/example_external_task_marker_dag.py for tasks to queue
[2022-09-05T09:13:22.498+0000] {logging_mixin.py:115} INFO - [2022-09-05T09:13:22.498+0000] {dagbag.py:508} INFO - Filling up the DagBag from /home/airflow/.local/lib/python3.7/site-packages/airflow/example_dags/example_external_task_marker_dag.py
[2022-09-05T09:13:24.076+0000] {processor.py:650} INFO - DAG(s) dict_keys(['example_external_task_marker_parent', 'example_external_task_marker_child']) retrieved from /home/airflow/.local/lib/python3.7/site-packages/airflow/example_dags/example_external_task_marker_dag.py
[2022-09-05T09:13:33.767+0000] {logging_mixin.py:115} INFO - [2022-09-05T09:13:33.760+0000] {dag.py:2429} INFO - Sync 2 DAGs
[2022-09-05T09:13:57.780+0000] {logging_mixin.py:115} INFO - [2022-09-05T09:13:57.756+0000] {dag.py:2981} INFO - Setting next_dagrun for example_external_task_marker_child to None, run_after=None
[2022-09-05T09:13:57.815+0000] {logging_mixin.py:115} INFO - [2022-09-05T09:13:57.815+0000] {dag.py:2981} INFO - Setting next_dagrun for example_external_task_marker_parent to None, run_after=None
[2022-09-05T09:15:16.847+0000] {processor.py:153} INFO - Started process (PID=125) to work on /home/airflow/.local/lib/python3.7/site-packages/airflow/example_dags/example_external_task_marker_dag.py
[2022-09-05T09:15:16.856+0000] {processor.py:640} INFO - Processing file /home/airflow/.local/lib/python3.7/site-packages/airflow/example_dags/example_external_task_marker_dag.py for tasks to queue
[2022-09-05T09:15:16.858+0000] {logging_mixin.py:115} INFO - [2022-09-05T09:15:16.858+0000] {dagbag.py:508} INFO - Filling up the DagBag from /home/airflow/.local/lib/python3.7/site-packages/airflow/example_dags/example_external_task_marker_dag.py
[2022-09-05T09:15:16.894+0000] {processor.py:650} INFO - DAG(s) dict_keys(['example_external_task_marker_parent', 'example_external_task_marker_child']) retrieved from /home/airflow/.local/lib/python3.7/site-packages/airflow/example_dags/example_external_task_marker_dag.py
[2022-09-05T09:15:23.196+0000] {logging_mixin.py:115} INFO - [2022-09-05T09:15:23.179+0000] {dag.py:2429} INFO - Sync 2 DAGs
[2022-09-05T09:15:30.380+0000] {logging_mixin.py:115} INFO - [2022-09-05T09:15:30.380+0000] {dag.py:2981} INFO - Setting next_dagrun for example_external_task_marker_child to None, run_after=None
[2022-09-05T09:15:30.382+0000] {logging_mixin.py:115} INFO - [2022-09-05T09:15:30.381+0000] {dag.py:2981} INFO - Setting next_dagrun for example_external_task_marker_parent to None, run_after=None
[2022-09-05T09:15:30.596+0000] {processor.py:161} INFO - Processing /home/airflow/.local/lib/python3.7/site-packages/airflow/example_dags/example_external_task_marker_dag.py took 13.761 seconds
[2022-09-05T09:17:07.411+0000] {processor.py:153} INFO - Started process (PID=181) to work on /home/airflow/.local/lib/python3.7/site-packages/airflow/example_dags/example_external_task_marker_dag.py
[2022-09-05T09:17:07.429+0000] {processor.py:640} INFO - Processing file /home/airflow/.local/lib/python3.7/site-packages/airflow/example_dags/example_external_task_marker_dag.py for tasks to queue
[2022-09-05T09:17:07.452+0000] {logging_mixin.py:115} INFO - [2022-09-05T09:17:07.452+0000] {dagbag.py:508} INFO - Filling up the DagBag from /home/airflow/.local/lib/python3.7/site-packages/airflow/example_dags/example_external_task_marker_dag.py
[2022-09-05T09:17:07.591+0000] {processor.py:650} INFO - DAG(s) dict_keys(['example_external_task_marker_parent', 'example_external_task_marker_child']) retrieved from /home/airflow/.local/lib/python3.7/site-packages/airflow/example_dags/example_external_task_marker_dag.py
[2022-09-05T09:17:29.491+0000] {logging_mixin.py:115} INFO - [2022-09-05T09:17:29.490+0000] {dag.py:2429} INFO - Sync 2 DAGs
[2022-09-05T09:22:28.442+0000] {processor.py:153} INFO - Started process (PID=49) to work on /home/airflow/.local/lib/python3.7/site-packages/airflow/example_dags/example_external_task_marker_dag.py
[2022-09-05T09:22:28.557+0000] {processor.py:640} INFO - Processing file /home/airflow/.local/lib/python3.7/site-packages/airflow/example_dags/example_external_task_marker_dag.py for tasks to queue
[2022-09-05T09:22:30.101+0000] {logging_mixin.py:115} INFO - [2022-09-05T09:22:30.065+0000] {dagbag.py:508} INFO - Filling up the DagBag from /home/airflow/.local/lib/python3.7/site-packages/airflow/example_dags/example_external_task_marker_dag.py
[2022-09-05T09:22:30.202+0000] {processor.py:650} INFO - DAG(s) dict_keys(['example_external_task_marker_parent', 'example_external_task_marker_child']) retrieved from /home/airflow/.local/lib/python3.7/site-packages/airflow/example_dags/example_external_task_marker_dag.py
[2022-09-05T09:22:41.798+0000] {logging_mixin.py:115} INFO - [2022-09-05T09:22:41.789+0000] {dag.py:2429} INFO - Sync 2 DAGs
[2022-09-05T09:22:49.896+0000] {logging_mixin.py:115} INFO - [2022-09-05T09:22:49.880+0000] {dag.py:2981} INFO - Setting next_dagrun for example_external_task_marker_child to None, run_after=None
[2022-09-05T09:22:49.900+0000] {logging_mixin.py:115} INFO - [2022-09-05T09:22:49.900+0000] {dag.py:2981} INFO - Setting next_dagrun for example_external_task_marker_parent to None, run_after=None
[2022-09-05T09:22:53.359+0000] {processor.py:161} INFO - Processing /home/airflow/.local/lib/python3.7/site-packages/airflow/example_dags/example_external_task_marker_dag.py took 24.988 seconds
[2022-09-05T09:23:46.758+0000] {processor.py:153} INFO - Started process (PID=111) to work on /home/airflow/.local/lib/python3.7/site-packages/airflow/example_dags/example_external_task_marker_dag.py
[2022-09-05T09:23:46.768+0000] {processor.py:640} INFO - Processing file /home/airflow/.local/lib/python3.7/site-packages/airflow/example_dags/example_external_task_marker_dag.py for tasks to queue
[2022-09-05T09:23:46.776+0000] {logging_mixin.py:115} INFO - [2022-09-05T09:23:46.776+0000] {dagbag.py:508} INFO - Filling up the DagBag from /home/airflow/.local/lib/python3.7/site-packages/airflow/example_dags/example_external_task_marker_dag.py
[2022-09-05T09:23:46.799+0000] {processor.py:650} INFO - DAG(s) dict_keys(['example_external_task_marker_parent', 'example_external_task_marker_child']) retrieved from /home/airflow/.local/lib/python3.7/site-packages/airflow/example_dags/example_external_task_marker_dag.py
[2022-09-05T09:23:47.839+0000] {logging_mixin.py:115} INFO - [2022-09-05T09:23:47.835+0000] {dag.py:2429} INFO - Sync 2 DAGs
[2022-09-05T09:23:48.968+0000] {logging_mixin.py:115} INFO - [2022-09-05T09:23:48.945+0000] {dag.py:2981} INFO - Setting next_dagrun for example_external_task_marker_child to None, run_after=None
[2022-09-05T09:23:48.977+0000] {logging_mixin.py:115} INFO - [2022-09-05T09:23:48.977+0000] {dag.py:2981} INFO - Setting next_dagrun for example_external_task_marker_parent to None, run_after=None
[2022-09-05T09:23:49.351+0000] {processor.py:161} INFO - Processing /home/airflow/.local/lib/python3.7/site-packages/airflow/example_dags/example_external_task_marker_dag.py took 2.607 seconds
[2022-09-05T09:25:11.299+0000] {processor.py:153} INFO - Started process (PID=159) to work on /home/airflow/.local/lib/python3.7/site-packages/airflow/example_dags/example_external_task_marker_dag.py
[2022-09-05T09:25:11.308+0000] {processor.py:640} INFO - Processing file /home/airflow/.local/lib/python3.7/site-packages/airflow/example_dags/example_external_task_marker_dag.py for tasks to queue
[2022-09-05T09:25:11.316+0000] {logging_mixin.py:115} INFO - [2022-09-05T09:25:11.316+0000] {dagbag.py:508} INFO - Filling up the DagBag from /home/airflow/.local/lib/python3.7/site-packages/airflow/example_dags/example_external_task_marker_dag.py
[2022-09-05T09:25:11.555+0000] {processor.py:650} INFO - DAG(s) dict_keys(['example_external_task_marker_parent', 'example_external_task_marker_child']) retrieved from /home/airflow/.local/lib/python3.7/site-packages/airflow/example_dags/example_external_task_marker_dag.py
[2022-09-05T09:25:43.903+0000] {logging_mixin.py:115} INFO - [2022-09-05T09:25:43.902+0000] {dag.py:2429} INFO - Sync 2 DAGs
[2022-09-05T09:38:41.022+0000] {processor.py:153} INFO - Started process (PID=77) to work on /home/airflow/.local/lib/python3.7/site-packages/airflow/example_dags/example_external_task_marker_dag.py
[2022-09-05T09:38:41.041+0000] {processor.py:640} INFO - Processing file /home/airflow/.local/lib/python3.7/site-packages/airflow/example_dags/example_external_task_marker_dag.py for tasks to queue
[2022-09-05T09:38:41.049+0000] {logging_mixin.py:115} INFO - [2022-09-05T09:38:41.049+0000] {dagbag.py:508} INFO - Filling up the DagBag from /home/airflow/.local/lib/python3.7/site-packages/airflow/example_dags/example_external_task_marker_dag.py
[2022-09-05T09:38:41.105+0000] {processor.py:650} INFO - DAG(s) dict_keys(['example_external_task_marker_parent', 'example_external_task_marker_child']) retrieved from /home/airflow/.local/lib/python3.7/site-packages/airflow/example_dags/example_external_task_marker_dag.py
