[2022-09-05T09:00:29.889+0000] {processor.py:153} INFO - Started process (PID=80) to work on /home/airflow/.local/lib/python3.7/site-packages/airflow/example_dags/example_local_kubernetes_executor.py
[2022-09-05T09:00:29.894+0000] {processor.py:640} INFO - Processing file /home/airflow/.local/lib/python3.7/site-packages/airflow/example_dags/example_local_kubernetes_executor.py for tasks to queue
[2022-09-05T09:00:29.896+0000] {logging_mixin.py:115} INFO - [2022-09-05T09:00:29.895+0000] {dagbag.py:508} INFO - Filling up the DagBag from /home/airflow/.local/lib/python3.7/site-packages/airflow/example_dags/example_local_kubernetes_executor.py
[2022-09-05T09:00:29.941+0000] {processor.py:650} INFO - DAG(s) dict_keys(['example_local_kubernetes_executor']) retrieved from /home/airflow/.local/lib/python3.7/site-packages/airflow/example_dags/example_local_kubernetes_executor.py
[2022-09-05T09:00:31.065+0000] {logging_mixin.py:115} INFO - [2022-09-05T09:00:31.064+0000] {manager.py:508} INFO - Created Permission View: can read on DAG:example_local_kubernetes_executor
[2022-09-05T09:00:31.275+0000] {logging_mixin.py:115} INFO - [2022-09-05T09:00:31.275+0000] {manager.py:508} INFO - Created Permission View: can edit on DAG:example_local_kubernetes_executor
[2022-09-05T09:00:31.407+0000] {logging_mixin.py:115} INFO - [2022-09-05T09:00:31.406+0000] {manager.py:508} INFO - Created Permission View: can delete on DAG:example_local_kubernetes_executor
[2022-09-05T09:00:31.408+0000] {logging_mixin.py:115} INFO - [2022-09-05T09:00:31.407+0000] {dag.py:2429} INFO - Sync 1 DAGs
[2022-09-05T09:00:31.439+0000] {logging_mixin.py:115} INFO - [2022-09-05T09:00:31.439+0000] {dag.py:2448} INFO - Creating ORM DAG for example_local_kubernetes_executor
[2022-09-05T09:00:31.484+0000] {logging_mixin.py:115} INFO - [2022-09-05T09:00:31.483+0000] {dag.py:2981} INFO - Setting next_dagrun for example_local_kubernetes_executor to None, run_after=None
[2022-09-05T09:00:31.691+0000] {processor.py:161} INFO - Processing /home/airflow/.local/lib/python3.7/site-packages/airflow/example_dags/example_local_kubernetes_executor.py took 1.812 seconds
[2022-09-05T09:01:02.153+0000] {processor.py:153} INFO - Started process (PID=130) to work on /home/airflow/.local/lib/python3.7/site-packages/airflow/example_dags/example_local_kubernetes_executor.py
[2022-09-05T09:01:02.159+0000] {processor.py:640} INFO - Processing file /home/airflow/.local/lib/python3.7/site-packages/airflow/example_dags/example_local_kubernetes_executor.py for tasks to queue
[2022-09-05T09:01:02.161+0000] {logging_mixin.py:115} INFO - [2022-09-05T09:01:02.160+0000] {dagbag.py:508} INFO - Filling up the DagBag from /home/airflow/.local/lib/python3.7/site-packages/airflow/example_dags/example_local_kubernetes_executor.py
[2022-09-05T09:01:02.310+0000] {processor.py:650} INFO - DAG(s) dict_keys(['example_local_kubernetes_executor']) retrieved from /home/airflow/.local/lib/python3.7/site-packages/airflow/example_dags/example_local_kubernetes_executor.py
[2022-09-05T09:01:02.553+0000] {logging_mixin.py:115} INFO - [2022-09-05T09:01:02.550+0000] {dag.py:2429} INFO - Sync 1 DAGs
[2022-09-05T09:01:02.793+0000] {logging_mixin.py:115} INFO - [2022-09-05T09:01:02.793+0000] {dag.py:2981} INFO - Setting next_dagrun for example_local_kubernetes_executor to None, run_after=None
[2022-09-05T09:01:03.270+0000] {processor.py:161} INFO - Processing /home/airflow/.local/lib/python3.7/site-packages/airflow/example_dags/example_local_kubernetes_executor.py took 1.134 seconds
[2022-09-05T09:01:35.202+0000] {processor.py:153} INFO - Started process (PID=183) to work on /home/airflow/.local/lib/python3.7/site-packages/airflow/example_dags/example_local_kubernetes_executor.py
[2022-09-05T09:01:35.204+0000] {processor.py:640} INFO - Processing file /home/airflow/.local/lib/python3.7/site-packages/airflow/example_dags/example_local_kubernetes_executor.py for tasks to queue
[2022-09-05T09:01:35.205+0000] {logging_mixin.py:115} INFO - [2022-09-05T09:01:35.205+0000] {dagbag.py:508} INFO - Filling up the DagBag from /home/airflow/.local/lib/python3.7/site-packages/airflow/example_dags/example_local_kubernetes_executor.py
[2022-09-05T09:01:35.273+0000] {processor.py:650} INFO - DAG(s) dict_keys(['example_local_kubernetes_executor']) retrieved from /home/airflow/.local/lib/python3.7/site-packages/airflow/example_dags/example_local_kubernetes_executor.py
[2022-09-05T09:01:35.386+0000] {logging_mixin.py:115} INFO - [2022-09-05T09:01:35.386+0000] {dag.py:2429} INFO - Sync 1 DAGs
[2022-09-05T09:01:35.507+0000] {logging_mixin.py:115} INFO - [2022-09-05T09:01:35.507+0000] {dag.py:2981} INFO - Setting next_dagrun for example_local_kubernetes_executor to None, run_after=None
[2022-09-05T09:01:35.561+0000] {processor.py:161} INFO - Processing /home/airflow/.local/lib/python3.7/site-packages/airflow/example_dags/example_local_kubernetes_executor.py took 0.368 seconds
[2022-09-05T09:02:23.063+0000] {processor.py:153} INFO - Started process (PID=217) to work on /home/airflow/.local/lib/python3.7/site-packages/airflow/example_dags/example_local_kubernetes_executor.py
[2022-09-05T09:02:23.064+0000] {processor.py:640} INFO - Processing file /home/airflow/.local/lib/python3.7/site-packages/airflow/example_dags/example_local_kubernetes_executor.py for tasks to queue
[2022-09-05T09:02:23.066+0000] {logging_mixin.py:115} INFO - [2022-09-05T09:02:23.065+0000] {dagbag.py:508} INFO - Filling up the DagBag from /home/airflow/.local/lib/python3.7/site-packages/airflow/example_dags/example_local_kubernetes_executor.py
[2022-09-05T09:02:23.126+0000] {processor.py:650} INFO - DAG(s) dict_keys(['example_local_kubernetes_executor']) retrieved from /home/airflow/.local/lib/python3.7/site-packages/airflow/example_dags/example_local_kubernetes_executor.py
[2022-09-05T09:02:23.255+0000] {logging_mixin.py:115} INFO - [2022-09-05T09:02:23.254+0000] {dag.py:2429} INFO - Sync 1 DAGs
[2022-09-05T09:02:23.303+0000] {logging_mixin.py:115} INFO - [2022-09-05T09:02:23.303+0000] {dag.py:2981} INFO - Setting next_dagrun for example_local_kubernetes_executor to None, run_after=None
[2022-09-05T09:02:23.461+0000] {processor.py:161} INFO - Processing /home/airflow/.local/lib/python3.7/site-packages/airflow/example_dags/example_local_kubernetes_executor.py took 0.405 seconds
[2022-09-05T09:03:35.744+0000] {processor.py:153} INFO - Started process (PID=286) to work on /home/airflow/.local/lib/python3.7/site-packages/airflow/example_dags/example_local_kubernetes_executor.py
[2022-09-05T09:03:35.750+0000] {processor.py:640} INFO - Processing file /home/airflow/.local/lib/python3.7/site-packages/airflow/example_dags/example_local_kubernetes_executor.py for tasks to queue
[2022-09-05T09:03:35.753+0000] {logging_mixin.py:115} INFO - [2022-09-05T09:03:35.753+0000] {dagbag.py:508} INFO - Filling up the DagBag from /home/airflow/.local/lib/python3.7/site-packages/airflow/example_dags/example_local_kubernetes_executor.py
[2022-09-05T09:03:35.916+0000] {processor.py:650} INFO - DAG(s) dict_keys(['example_local_kubernetes_executor']) retrieved from /home/airflow/.local/lib/python3.7/site-packages/airflow/example_dags/example_local_kubernetes_executor.py
[2022-09-05T09:03:36.164+0000] {logging_mixin.py:115} INFO - [2022-09-05T09:03:36.164+0000] {dag.py:2429} INFO - Sync 1 DAGs
[2022-09-05T09:03:36.313+0000] {logging_mixin.py:115} INFO - [2022-09-05T09:03:36.313+0000] {dag.py:2981} INFO - Setting next_dagrun for example_local_kubernetes_executor to None, run_after=None
[2022-09-05T09:03:36.464+0000] {processor.py:161} INFO - Processing /home/airflow/.local/lib/python3.7/site-packages/airflow/example_dags/example_local_kubernetes_executor.py took 0.732 seconds
[2022-09-05T09:06:15.806+0000] {processor.py:153} INFO - Started process (PID=365) to work on /home/airflow/.local/lib/python3.7/site-packages/airflow/example_dags/example_local_kubernetes_executor.py
[2022-09-05T09:06:15.815+0000] {processor.py:640} INFO - Processing file /home/airflow/.local/lib/python3.7/site-packages/airflow/example_dags/example_local_kubernetes_executor.py for tasks to queue
[2022-09-05T09:06:15.817+0000] {logging_mixin.py:115} INFO - [2022-09-05T09:06:15.817+0000] {dagbag.py:508} INFO - Filling up the DagBag from /home/airflow/.local/lib/python3.7/site-packages/airflow/example_dags/example_local_kubernetes_executor.py
[2022-09-05T09:06:16.035+0000] {processor.py:650} INFO - DAG(s) dict_keys(['example_local_kubernetes_executor']) retrieved from /home/airflow/.local/lib/python3.7/site-packages/airflow/example_dags/example_local_kubernetes_executor.py
[2022-09-05T09:06:16.269+0000] {logging_mixin.py:115} INFO - [2022-09-05T09:06:16.269+0000] {dag.py:2429} INFO - Sync 1 DAGs
[2022-09-05T09:06:16.425+0000] {logging_mixin.py:115} INFO - [2022-09-05T09:06:16.425+0000] {dag.py:2981} INFO - Setting next_dagrun for example_local_kubernetes_executor to None, run_after=None
[2022-09-05T09:06:16.524+0000] {processor.py:161} INFO - Processing /home/airflow/.local/lib/python3.7/site-packages/airflow/example_dags/example_local_kubernetes_executor.py took 0.746 seconds
[2022-09-05T09:06:51.435+0000] {processor.py:153} INFO - Started process (PID=415) to work on /home/airflow/.local/lib/python3.7/site-packages/airflow/example_dags/example_local_kubernetes_executor.py
[2022-09-05T09:06:51.448+0000] {processor.py:640} INFO - Processing file /home/airflow/.local/lib/python3.7/site-packages/airflow/example_dags/example_local_kubernetes_executor.py for tasks to queue
[2022-09-05T09:06:51.452+0000] {logging_mixin.py:115} INFO - [2022-09-05T09:06:51.451+0000] {dagbag.py:508} INFO - Filling up the DagBag from /home/airflow/.local/lib/python3.7/site-packages/airflow/example_dags/example_local_kubernetes_executor.py
[2022-09-05T09:06:51.717+0000] {processor.py:650} INFO - DAG(s) dict_keys(['example_local_kubernetes_executor']) retrieved from /home/airflow/.local/lib/python3.7/site-packages/airflow/example_dags/example_local_kubernetes_executor.py
[2022-09-05T09:06:52.013+0000] {logging_mixin.py:115} INFO - [2022-09-05T09:06:52.013+0000] {dag.py:2429} INFO - Sync 1 DAGs
[2022-09-05T09:06:52.362+0000] {logging_mixin.py:115} INFO - [2022-09-05T09:06:52.350+0000] {dag.py:2981} INFO - Setting next_dagrun for example_local_kubernetes_executor to None, run_after=None
[2022-09-05T09:06:52.901+0000] {processor.py:161} INFO - Processing /home/airflow/.local/lib/python3.7/site-packages/airflow/example_dags/example_local_kubernetes_executor.py took 1.509 seconds
[2022-09-05T09:14:38.703+0000] {processor.py:153} INFO - Started process (PID=87) to work on /home/airflow/.local/lib/python3.7/site-packages/airflow/example_dags/example_local_kubernetes_executor.py
[2022-09-05T09:14:38.704+0000] {processor.py:640} INFO - Processing file /home/airflow/.local/lib/python3.7/site-packages/airflow/example_dags/example_local_kubernetes_executor.py for tasks to queue
[2022-09-05T09:14:38.706+0000] {logging_mixin.py:115} INFO - [2022-09-05T09:14:38.706+0000] {dagbag.py:508} INFO - Filling up the DagBag from /home/airflow/.local/lib/python3.7/site-packages/airflow/example_dags/example_local_kubernetes_executor.py
[2022-09-05T09:14:38.753+0000] {processor.py:650} INFO - DAG(s) dict_keys(['example_local_kubernetes_executor']) retrieved from /home/airflow/.local/lib/python3.7/site-packages/airflow/example_dags/example_local_kubernetes_executor.py
[2022-09-05T09:14:38.801+0000] {logging_mixin.py:115} INFO - [2022-09-05T09:14:38.801+0000] {dag.py:2429} INFO - Sync 1 DAGs
[2022-09-05T09:14:38.851+0000] {logging_mixin.py:115} INFO - [2022-09-05T09:14:38.850+0000] {dag.py:2981} INFO - Setting next_dagrun for example_local_kubernetes_executor to None, run_after=None
[2022-09-05T09:14:40.150+0000] {processor.py:161} INFO - Processing /home/airflow/.local/lib/python3.7/site-packages/airflow/example_dags/example_local_kubernetes_executor.py took 1.454 seconds
[2022-09-05T09:16:05.063+0000] {processor.py:153} INFO - Started process (PID=157) to work on /home/airflow/.local/lib/python3.7/site-packages/airflow/example_dags/example_local_kubernetes_executor.py
[2022-09-05T09:16:05.110+0000] {processor.py:640} INFO - Processing file /home/airflow/.local/lib/python3.7/site-packages/airflow/example_dags/example_local_kubernetes_executor.py for tasks to queue
[2022-09-05T09:16:05.186+0000] {logging_mixin.py:115} INFO - [2022-09-05T09:16:05.186+0000] {dagbag.py:508} INFO - Filling up the DagBag from /home/airflow/.local/lib/python3.7/site-packages/airflow/example_dags/example_local_kubernetes_executor.py
[2022-09-05T09:16:05.576+0000] {processor.py:650} INFO - DAG(s) dict_keys(['example_local_kubernetes_executor']) retrieved from /home/airflow/.local/lib/python3.7/site-packages/airflow/example_dags/example_local_kubernetes_executor.py
[2022-09-05T09:16:06.293+0000] {logging_mixin.py:115} INFO - [2022-09-05T09:16:06.284+0000] {dag.py:2429} INFO - Sync 1 DAGs
[2022-09-05T09:16:25.218+0000] {logging_mixin.py:115} INFO - [2022-09-05T09:16:25.217+0000] {dag.py:2981} INFO - Setting next_dagrun for example_local_kubernetes_executor to None, run_after=None
[2022-09-05T09:16:30.026+0000] {processor.py:161} INFO - Processing /home/airflow/.local/lib/python3.7/site-packages/airflow/example_dags/example_local_kubernetes_executor.py took 25.088 seconds
[2022-09-05T09:23:13.729+0000] {processor.py:153} INFO - Started process (PID=82) to work on /home/airflow/.local/lib/python3.7/site-packages/airflow/example_dags/example_local_kubernetes_executor.py
[2022-09-05T09:23:13.737+0000] {processor.py:640} INFO - Processing file /home/airflow/.local/lib/python3.7/site-packages/airflow/example_dags/example_local_kubernetes_executor.py for tasks to queue
[2022-09-05T09:23:13.753+0000] {logging_mixin.py:115} INFO - [2022-09-05T09:23:13.753+0000] {dagbag.py:508} INFO - Filling up the DagBag from /home/airflow/.local/lib/python3.7/site-packages/airflow/example_dags/example_local_kubernetes_executor.py
[2022-09-05T09:23:13.972+0000] {processor.py:650} INFO - DAG(s) dict_keys(['example_local_kubernetes_executor']) retrieved from /home/airflow/.local/lib/python3.7/site-packages/airflow/example_dags/example_local_kubernetes_executor.py
[2022-09-05T09:23:14.264+0000] {logging_mixin.py:115} INFO - [2022-09-05T09:23:14.233+0000] {dag.py:2429} INFO - Sync 1 DAGs
[2022-09-05T09:23:14.541+0000] {logging_mixin.py:115} INFO - [2022-09-05T09:23:14.540+0000] {dag.py:2981} INFO - Setting next_dagrun for example_local_kubernetes_executor to None, run_after=None
[2022-09-05T09:23:17.657+0000] {processor.py:161} INFO - Processing /home/airflow/.local/lib/python3.7/site-packages/airflow/example_dags/example_local_kubernetes_executor.py took 3.991 seconds
[2022-09-05T09:26:05.635+0000] {processor.py:153} INFO - Started process (PID=190) to work on /home/airflow/.local/lib/python3.7/site-packages/airflow/example_dags/example_local_kubernetes_executor.py
[2022-09-05T09:26:05.693+0000] {processor.py:640} INFO - Processing file /home/airflow/.local/lib/python3.7/site-packages/airflow/example_dags/example_local_kubernetes_executor.py for tasks to queue
[2022-09-05T09:26:05.712+0000] {logging_mixin.py:115} INFO - [2022-09-05T09:26:05.711+0000] {dagbag.py:508} INFO - Filling up the DagBag from /home/airflow/.local/lib/python3.7/site-packages/airflow/example_dags/example_local_kubernetes_executor.py
[2022-09-05T09:26:08.267+0000] {processor.py:650} INFO - DAG(s) dict_keys(['example_local_kubernetes_executor']) retrieved from /home/airflow/.local/lib/python3.7/site-packages/airflow/example_dags/example_local_kubernetes_executor.py
[2022-09-05T09:26:11.441+0000] {logging_mixin.py:115} INFO - [2022-09-05T09:26:11.429+0000] {dag.py:2429} INFO - Sync 1 DAGs
[2022-09-05T09:26:15.758+0000] {logging_mixin.py:115} INFO - [2022-09-05T09:26:15.699+0000] {dag.py:2981} INFO - Setting next_dagrun for example_local_kubernetes_executor to None, run_after=None
[2022-09-05T09:26:26.298+0000] {processor.py:161} INFO - Processing /home/airflow/.local/lib/python3.7/site-packages/airflow/example_dags/example_local_kubernetes_executor.py took 20.861 seconds
