[2022-09-05T09:00:25.237+0000] {processor.py:153} INFO - Started process (PID=63) to work on /home/airflow/.local/lib/python3.7/site-packages/airflow/example_dags/example_time_delta_sensor_async.py
[2022-09-05T09:00:25.239+0000] {processor.py:640} INFO - Processing file /home/airflow/.local/lib/python3.7/site-packages/airflow/example_dags/example_time_delta_sensor_async.py for tasks to queue
[2022-09-05T09:00:25.240+0000] {logging_mixin.py:115} INFO - [2022-09-05T09:00:25.240+0000] {dagbag.py:508} INFO - Filling up the DagBag from /home/airflow/.local/lib/python3.7/site-packages/airflow/example_dags/example_time_delta_sensor_async.py
[2022-09-05T09:00:25.343+0000] {processor.py:650} INFO - DAG(s) dict_keys(['example_time_delta_sensor_async']) retrieved from /home/airflow/.local/lib/python3.7/site-packages/airflow/example_dags/example_time_delta_sensor_async.py
[2022-09-05T09:00:25.860+0000] {logging_mixin.py:115} INFO - [2022-09-05T09:00:25.859+0000] {manager.py:508} INFO - Created Permission View: can read on DAG:example_time_delta_sensor_async
[2022-09-05T09:00:25.960+0000] {logging_mixin.py:115} INFO - [2022-09-05T09:00:25.959+0000] {manager.py:508} INFO - Created Permission View: can edit on DAG:example_time_delta_sensor_async
[2022-09-05T09:00:26.048+0000] {logging_mixin.py:115} INFO - [2022-09-05T09:00:26.048+0000] {manager.py:508} INFO - Created Permission View: can delete on DAG:example_time_delta_sensor_async
[2022-09-05T09:00:26.049+0000] {logging_mixin.py:115} INFO - [2022-09-05T09:00:26.049+0000] {dag.py:2429} INFO - Sync 1 DAGs
[2022-09-05T09:00:26.064+0000] {logging_mixin.py:115} INFO - [2022-09-05T09:00:26.064+0000] {dag.py:2448} INFO - Creating ORM DAG for example_time_delta_sensor_async
[2022-09-05T09:00:26.080+0000] {logging_mixin.py:115} INFO - [2022-09-05T09:00:26.080+0000] {dag.py:2981} INFO - Setting next_dagrun for example_time_delta_sensor_async to None, run_after=None
[2022-09-05T09:00:26.188+0000] {processor.py:161} INFO - Processing /home/airflow/.local/lib/python3.7/site-packages/airflow/example_dags/example_time_delta_sensor_async.py took 0.961 seconds
[2022-09-05T09:00:56.342+0000] {processor.py:153} INFO - Started process (PID=115) to work on /home/airflow/.local/lib/python3.7/site-packages/airflow/example_dags/example_time_delta_sensor_async.py
[2022-09-05T09:00:56.345+0000] {processor.py:640} INFO - Processing file /home/airflow/.local/lib/python3.7/site-packages/airflow/example_dags/example_time_delta_sensor_async.py for tasks to queue
[2022-09-05T09:00:56.348+0000] {logging_mixin.py:115} INFO - [2022-09-05T09:00:56.347+0000] {dagbag.py:508} INFO - Filling up the DagBag from /home/airflow/.local/lib/python3.7/site-packages/airflow/example_dags/example_time_delta_sensor_async.py
[2022-09-05T09:00:56.361+0000] {processor.py:650} INFO - DAG(s) dict_keys(['example_time_delta_sensor_async']) retrieved from /home/airflow/.local/lib/python3.7/site-packages/airflow/example_dags/example_time_delta_sensor_async.py
[2022-09-05T09:00:56.816+0000] {logging_mixin.py:115} INFO - [2022-09-05T09:00:56.816+0000] {dag.py:2429} INFO - Sync 1 DAGs
[2022-09-05T09:00:56.873+0000] {logging_mixin.py:115} INFO - [2022-09-05T09:00:56.873+0000] {dag.py:2981} INFO - Setting next_dagrun for example_time_delta_sensor_async to None, run_after=None
[2022-09-05T09:00:57.071+0000] {processor.py:161} INFO - Processing /home/airflow/.local/lib/python3.7/site-packages/airflow/example_dags/example_time_delta_sensor_async.py took 0.741 seconds
[2022-09-05T09:01:27.300+0000] {processor.py:153} INFO - Started process (PID=166) to work on /home/airflow/.local/lib/python3.7/site-packages/airflow/example_dags/example_time_delta_sensor_async.py
[2022-09-05T09:01:27.303+0000] {processor.py:640} INFO - Processing file /home/airflow/.local/lib/python3.7/site-packages/airflow/example_dags/example_time_delta_sensor_async.py for tasks to queue
[2022-09-05T09:01:27.304+0000] {logging_mixin.py:115} INFO - [2022-09-05T09:01:27.304+0000] {dagbag.py:508} INFO - Filling up the DagBag from /home/airflow/.local/lib/python3.7/site-packages/airflow/example_dags/example_time_delta_sensor_async.py
[2022-09-05T09:01:27.318+0000] {processor.py:650} INFO - DAG(s) dict_keys(['example_time_delta_sensor_async']) retrieved from /home/airflow/.local/lib/python3.7/site-packages/airflow/example_dags/example_time_delta_sensor_async.py
[2022-09-05T09:01:27.909+0000] {logging_mixin.py:115} INFO - [2022-09-05T09:01:27.909+0000] {dag.py:2429} INFO - Sync 1 DAGs
[2022-09-05T09:01:27.954+0000] {logging_mixin.py:115} INFO - [2022-09-05T09:01:27.954+0000] {dag.py:2981} INFO - Setting next_dagrun for example_time_delta_sensor_async to None, run_after=None
[2022-09-05T09:01:28.184+0000] {processor.py:161} INFO - Processing /home/airflow/.local/lib/python3.7/site-packages/airflow/example_dags/example_time_delta_sensor_async.py took 0.893 seconds
[2022-09-05T09:02:20.826+0000] {processor.py:153} INFO - Started process (PID=209) to work on /home/airflow/.local/lib/python3.7/site-packages/airflow/example_dags/example_time_delta_sensor_async.py
[2022-09-05T09:02:20.828+0000] {processor.py:640} INFO - Processing file /home/airflow/.local/lib/python3.7/site-packages/airflow/example_dags/example_time_delta_sensor_async.py for tasks to queue
[2022-09-05T09:02:20.830+0000] {logging_mixin.py:115} INFO - [2022-09-05T09:02:20.830+0000] {dagbag.py:508} INFO - Filling up the DagBag from /home/airflow/.local/lib/python3.7/site-packages/airflow/example_dags/example_time_delta_sensor_async.py
[2022-09-05T09:02:20.959+0000] {processor.py:650} INFO - DAG(s) dict_keys(['example_time_delta_sensor_async']) retrieved from /home/airflow/.local/lib/python3.7/site-packages/airflow/example_dags/example_time_delta_sensor_async.py
[2022-09-05T09:02:21.455+0000] {logging_mixin.py:115} INFO - [2022-09-05T09:02:21.455+0000] {dag.py:2429} INFO - Sync 1 DAGs
[2022-09-05T09:02:21.492+0000] {logging_mixin.py:115} INFO - [2022-09-05T09:02:21.491+0000] {dag.py:2981} INFO - Setting next_dagrun for example_time_delta_sensor_async to None, run_after=None
[2022-09-05T09:02:22.065+0000] {processor.py:161} INFO - Processing /home/airflow/.local/lib/python3.7/site-packages/airflow/example_dags/example_time_delta_sensor_async.py took 1.248 seconds
[2022-09-05T09:03:32.250+0000] {processor.py:153} INFO - Started process (PID=278) to work on /home/airflow/.local/lib/python3.7/site-packages/airflow/example_dags/example_time_delta_sensor_async.py
[2022-09-05T09:03:32.261+0000] {processor.py:640} INFO - Processing file /home/airflow/.local/lib/python3.7/site-packages/airflow/example_dags/example_time_delta_sensor_async.py for tasks to queue
[2022-09-05T09:03:32.275+0000] {logging_mixin.py:115} INFO - [2022-09-05T09:03:32.275+0000] {dagbag.py:508} INFO - Filling up the DagBag from /home/airflow/.local/lib/python3.7/site-packages/airflow/example_dags/example_time_delta_sensor_async.py
[2022-09-05T09:03:32.435+0000] {processor.py:650} INFO - DAG(s) dict_keys(['example_time_delta_sensor_async']) retrieved from /home/airflow/.local/lib/python3.7/site-packages/airflow/example_dags/example_time_delta_sensor_async.py
[2022-09-05T09:03:33.771+0000] {logging_mixin.py:115} INFO - [2022-09-05T09:03:33.771+0000] {dag.py:2429} INFO - Sync 1 DAGs
[2022-09-05T09:03:33.962+0000] {logging_mixin.py:115} INFO - [2022-09-05T09:03:33.962+0000] {dag.py:2981} INFO - Setting next_dagrun for example_time_delta_sensor_async to None, run_after=None
[2022-09-05T09:03:34.020+0000] {processor.py:161} INFO - Processing /home/airflow/.local/lib/python3.7/site-packages/airflow/example_dags/example_time_delta_sensor_async.py took 1.819 seconds
[2022-09-05T09:06:07.657+0000] {processor.py:153} INFO - Started process (PID=348) to work on /home/airflow/.local/lib/python3.7/site-packages/airflow/example_dags/example_time_delta_sensor_async.py
[2022-09-05T09:06:07.666+0000] {processor.py:640} INFO - Processing file /home/airflow/.local/lib/python3.7/site-packages/airflow/example_dags/example_time_delta_sensor_async.py for tasks to queue
[2022-09-05T09:06:07.859+0000] {logging_mixin.py:115} INFO - [2022-09-05T09:06:07.859+0000] {dagbag.py:508} INFO - Filling up the DagBag from /home/airflow/.local/lib/python3.7/site-packages/airflow/example_dags/example_time_delta_sensor_async.py
[2022-09-05T09:06:08.082+0000] {processor.py:650} INFO - DAG(s) dict_keys(['example_time_delta_sensor_async']) retrieved from /home/airflow/.local/lib/python3.7/site-packages/airflow/example_dags/example_time_delta_sensor_async.py
[2022-09-05T09:06:11.679+0000] {logging_mixin.py:115} INFO - [2022-09-05T09:06:11.667+0000] {dag.py:2429} INFO - Sync 1 DAGs
[2022-09-05T09:06:12.360+0000] {logging_mixin.py:115} INFO - [2022-09-05T09:06:12.348+0000] {dag.py:2981} INFO - Setting next_dagrun for example_time_delta_sensor_async to None, run_after=None
[2022-09-05T09:06:12.845+0000] {processor.py:161} INFO - Processing /home/airflow/.local/lib/python3.7/site-packages/airflow/example_dags/example_time_delta_sensor_async.py took 5.285 seconds
[2022-09-05T09:06:46.353+0000] {processor.py:153} INFO - Started process (PID=402) to work on /home/airflow/.local/lib/python3.7/site-packages/airflow/example_dags/example_time_delta_sensor_async.py
[2022-09-05T09:06:46.359+0000] {processor.py:640} INFO - Processing file /home/airflow/.local/lib/python3.7/site-packages/airflow/example_dags/example_time_delta_sensor_async.py for tasks to queue
[2022-09-05T09:06:46.371+0000] {logging_mixin.py:115} INFO - [2022-09-05T09:06:46.361+0000] {dagbag.py:508} INFO - Filling up the DagBag from /home/airflow/.local/lib/python3.7/site-packages/airflow/example_dags/example_time_delta_sensor_async.py
[2022-09-05T09:06:46.491+0000] {processor.py:650} INFO - DAG(s) dict_keys(['example_time_delta_sensor_async']) retrieved from /home/airflow/.local/lib/python3.7/site-packages/airflow/example_dags/example_time_delta_sensor_async.py
[2022-09-05T09:06:49.830+0000] {logging_mixin.py:115} INFO - [2022-09-05T09:06:49.826+0000] {dag.py:2429} INFO - Sync 1 DAGs
[2022-09-05T09:06:49.999+0000] {logging_mixin.py:115} INFO - [2022-09-05T09:06:49.999+0000] {dag.py:2981} INFO - Setting next_dagrun for example_time_delta_sensor_async to None, run_after=None
[2022-09-05T09:06:50.088+0000] {processor.py:161} INFO - Processing /home/airflow/.local/lib/python3.7/site-packages/airflow/example_dags/example_time_delta_sensor_async.py took 3.791 seconds
[2022-09-05T09:14:31.120+0000] {processor.py:153} INFO - Started process (PID=79) to work on /home/airflow/.local/lib/python3.7/site-packages/airflow/example_dags/example_time_delta_sensor_async.py
[2022-09-05T09:14:31.125+0000] {processor.py:640} INFO - Processing file /home/airflow/.local/lib/python3.7/site-packages/airflow/example_dags/example_time_delta_sensor_async.py for tasks to queue
[2022-09-05T09:14:31.126+0000] {logging_mixin.py:115} INFO - [2022-09-05T09:14:31.126+0000] {dagbag.py:508} INFO - Filling up the DagBag from /home/airflow/.local/lib/python3.7/site-packages/airflow/example_dags/example_time_delta_sensor_async.py
[2022-09-05T09:14:31.172+0000] {processor.py:650} INFO - DAG(s) dict_keys(['example_time_delta_sensor_async']) retrieved from /home/airflow/.local/lib/python3.7/site-packages/airflow/example_dags/example_time_delta_sensor_async.py
[2022-09-05T09:14:31.830+0000] {logging_mixin.py:115} INFO - [2022-09-05T09:14:31.830+0000] {dag.py:2429} INFO - Sync 1 DAGs
[2022-09-05T09:14:32.247+0000] {logging_mixin.py:115} INFO - [2022-09-05T09:14:32.244+0000] {dag.py:2981} INFO - Setting next_dagrun for example_time_delta_sensor_async to None, run_after=None
[2022-09-05T09:14:33.212+0000] {processor.py:161} INFO - Processing /home/airflow/.local/lib/python3.7/site-packages/airflow/example_dags/example_time_delta_sensor_async.py took 2.108 seconds
[2022-09-05T09:15:34.927+0000] {processor.py:153} INFO - Started process (PID=140) to work on /home/airflow/.local/lib/python3.7/site-packages/airflow/example_dags/example_time_delta_sensor_async.py
[2022-09-05T09:15:34.934+0000] {processor.py:640} INFO - Processing file /home/airflow/.local/lib/python3.7/site-packages/airflow/example_dags/example_time_delta_sensor_async.py for tasks to queue
[2022-09-05T09:15:34.936+0000] {logging_mixin.py:115} INFO - [2022-09-05T09:15:34.935+0000] {dagbag.py:508} INFO - Filling up the DagBag from /home/airflow/.local/lib/python3.7/site-packages/airflow/example_dags/example_time_delta_sensor_async.py
[2022-09-05T09:15:35.035+0000] {processor.py:650} INFO - DAG(s) dict_keys(['example_time_delta_sensor_async']) retrieved from /home/airflow/.local/lib/python3.7/site-packages/airflow/example_dags/example_time_delta_sensor_async.py
[2022-09-05T09:15:39.430+0000] {logging_mixin.py:115} INFO - [2022-09-05T09:15:39.417+0000] {dag.py:2429} INFO - Sync 1 DAGs
[2022-09-05T09:15:55.324+0000] {logging_mixin.py:115} INFO - [2022-09-05T09:15:55.324+0000] {dag.py:2981} INFO - Setting next_dagrun for example_time_delta_sensor_async to None, run_after=None
[2022-09-05T09:15:55.651+0000] {processor.py:161} INFO - Processing /home/airflow/.local/lib/python3.7/site-packages/airflow/example_dags/example_time_delta_sensor_async.py took 20.540 seconds
[2022-09-05T09:19:03.200+0000] {processor.py:153} INFO - Started process (PID=220) to work on /home/airflow/.local/lib/python3.7/site-packages/airflow/example_dags/example_time_delta_sensor_async.py
[2022-09-05T09:19:03.305+0000] {processor.py:640} INFO - Processing file /home/airflow/.local/lib/python3.7/site-packages/airflow/example_dags/example_time_delta_sensor_async.py for tasks to queue
[2022-09-05T09:19:03.686+0000] {logging_mixin.py:115} INFO - [2022-09-05T09:19:03.601+0000] {dagbag.py:508} INFO - Filling up the DagBag from /home/airflow/.local/lib/python3.7/site-packages/airflow/example_dags/example_time_delta_sensor_async.py
[2022-09-05T09:19:13.838+0000] {processor.py:650} INFO - DAG(s) dict_keys(['example_time_delta_sensor_async']) retrieved from /home/airflow/.local/lib/python3.7/site-packages/airflow/example_dags/example_time_delta_sensor_async.py
[2022-09-05T09:22:57.598+0000] {processor.py:153} INFO - Started process (PID=66) to work on /home/airflow/.local/lib/python3.7/site-packages/airflow/example_dags/example_time_delta_sensor_async.py
[2022-09-05T09:22:57.600+0000] {processor.py:640} INFO - Processing file /home/airflow/.local/lib/python3.7/site-packages/airflow/example_dags/example_time_delta_sensor_async.py for tasks to queue
[2022-09-05T09:22:57.607+0000] {logging_mixin.py:115} INFO - [2022-09-05T09:22:57.607+0000] {dagbag.py:508} INFO - Filling up the DagBag from /home/airflow/.local/lib/python3.7/site-packages/airflow/example_dags/example_time_delta_sensor_async.py
[2022-09-05T09:22:57.651+0000] {processor.py:650} INFO - DAG(s) dict_keys(['example_time_delta_sensor_async']) retrieved from /home/airflow/.local/lib/python3.7/site-packages/airflow/example_dags/example_time_delta_sensor_async.py
[2022-09-05T09:23:00.257+0000] {logging_mixin.py:115} INFO - [2022-09-05T09:23:00.253+0000] {dag.py:2429} INFO - Sync 1 DAGs
[2022-09-05T09:23:02.810+0000] {logging_mixin.py:115} INFO - [2022-09-05T09:23:02.799+0000] {dag.py:2981} INFO - Setting next_dagrun for example_time_delta_sensor_async to None, run_after=None
[2022-09-05T09:23:06.711+0000] {processor.py:161} INFO - Processing /home/airflow/.local/lib/python3.7/site-packages/airflow/example_dags/example_time_delta_sensor_async.py took 9.166 seconds
[2022-09-05T09:23:52.310+0000] {processor.py:153} INFO - Started process (PID=123) to work on /home/airflow/.local/lib/python3.7/site-packages/airflow/example_dags/example_time_delta_sensor_async.py
[2022-09-05T09:23:52.317+0000] {processor.py:640} INFO - Processing file /home/airflow/.local/lib/python3.7/site-packages/airflow/example_dags/example_time_delta_sensor_async.py for tasks to queue
[2022-09-05T09:23:52.318+0000] {logging_mixin.py:115} INFO - [2022-09-05T09:23:52.318+0000] {dagbag.py:508} INFO - Filling up the DagBag from /home/airflow/.local/lib/python3.7/site-packages/airflow/example_dags/example_time_delta_sensor_async.py
[2022-09-05T09:23:52.378+0000] {processor.py:650} INFO - DAG(s) dict_keys(['example_time_delta_sensor_async']) retrieved from /home/airflow/.local/lib/python3.7/site-packages/airflow/example_dags/example_time_delta_sensor_async.py
[2022-09-05T09:24:13.250+0000] {logging_mixin.py:115} INFO - [2022-09-05T09:24:13.241+0000] {dag.py:2429} INFO - Sync 1 DAGs
[2022-09-05T09:24:23.115+0000] {logging_mixin.py:115} INFO - [2022-09-05T09:24:23.114+0000] {dag.py:2981} INFO - Setting next_dagrun for example_time_delta_sensor_async to None, run_after=None
[2022-09-05T09:24:23.603+0000] {processor.py:161} INFO - Processing /home/airflow/.local/lib/python3.7/site-packages/airflow/example_dags/example_time_delta_sensor_async.py took 31.349 seconds
[2022-09-05T09:38:45.510+0000] {processor.py:153} INFO - Started process (PID=83) to work on /home/airflow/.local/lib/python3.7/site-packages/airflow/example_dags/example_time_delta_sensor_async.py
[2022-09-05T09:38:45.513+0000] {processor.py:640} INFO - Processing file /home/airflow/.local/lib/python3.7/site-packages/airflow/example_dags/example_time_delta_sensor_async.py for tasks to queue
[2022-09-05T09:38:45.514+0000] {logging_mixin.py:115} INFO - [2022-09-05T09:38:45.514+0000] {dagbag.py:508} INFO - Filling up the DagBag from /home/airflow/.local/lib/python3.7/site-packages/airflow/example_dags/example_time_delta_sensor_async.py
[2022-09-05T09:38:45.524+0000] {processor.py:650} INFO - DAG(s) dict_keys(['example_time_delta_sensor_async']) retrieved from /home/airflow/.local/lib/python3.7/site-packages/airflow/example_dags/example_time_delta_sensor_async.py
