[2022-09-05T09:00:42.020+0000] {processor.py:153} INFO - Started process (PID=90) to work on /home/airflow/.local/lib/python3.7/site-packages/airflow/example_dags/example_branch_operator_decorator.py
[2022-09-05T09:00:42.021+0000] {processor.py:640} INFO - Processing file /home/airflow/.local/lib/python3.7/site-packages/airflow/example_dags/example_branch_operator_decorator.py for tasks to queue
[2022-09-05T09:00:42.022+0000] {logging_mixin.py:115} INFO - [2022-09-05T09:00:42.022+0000] {dagbag.py:508} INFO - Filling up the DagBag from /home/airflow/.local/lib/python3.7/site-packages/airflow/example_dags/example_branch_operator_decorator.py
[2022-09-05T09:00:42.058+0000] {processor.py:650} INFO - DAG(s) dict_keys(['example_branch_python_operator_decorator']) retrieved from /home/airflow/.local/lib/python3.7/site-packages/airflow/example_dags/example_branch_operator_decorator.py
[2022-09-05T09:00:42.870+0000] {logging_mixin.py:115} INFO - [2022-09-05T09:00:42.870+0000] {manager.py:508} INFO - Created Permission View: can read on DAG:example_branch_python_operator_decorator
[2022-09-05T09:00:43.454+0000] {logging_mixin.py:115} INFO - [2022-09-05T09:00:43.453+0000] {manager.py:508} INFO - Created Permission View: can edit on DAG:example_branch_python_operator_decorator
[2022-09-05T09:00:43.719+0000] {logging_mixin.py:115} INFO - [2022-09-05T09:00:43.718+0000] {manager.py:508} INFO - Created Permission View: can delete on DAG:example_branch_python_operator_decorator
[2022-09-05T09:00:43.721+0000] {logging_mixin.py:115} INFO - [2022-09-05T09:00:43.720+0000] {dag.py:2429} INFO - Sync 1 DAGs
[2022-09-05T09:00:43.754+0000] {logging_mixin.py:115} INFO - [2022-09-05T09:00:43.754+0000] {dag.py:2448} INFO - Creating ORM DAG for example_branch_python_operator_decorator
[2022-09-05T09:00:43.798+0000] {logging_mixin.py:115} INFO - [2022-09-05T09:00:43.797+0000] {dag.py:2981} INFO - Setting next_dagrun for example_branch_python_operator_decorator to 2022-09-04T00:00:00+00:00, run_after=2022-09-05T00:00:00+00:00
[2022-09-05T09:00:44.097+0000] {processor.py:161} INFO - Processing /home/airflow/.local/lib/python3.7/site-packages/airflow/example_dags/example_branch_operator_decorator.py took 2.084 seconds
[2022-09-05T09:01:14.311+0000] {processor.py:153} INFO - Started process (PID=142) to work on /home/airflow/.local/lib/python3.7/site-packages/airflow/example_dags/example_branch_operator_decorator.py
[2022-09-05T09:01:14.318+0000] {processor.py:640} INFO - Processing file /home/airflow/.local/lib/python3.7/site-packages/airflow/example_dags/example_branch_operator_decorator.py for tasks to queue
[2022-09-05T09:01:14.321+0000] {logging_mixin.py:115} INFO - [2022-09-05T09:01:14.320+0000] {dagbag.py:508} INFO - Filling up the DagBag from /home/airflow/.local/lib/python3.7/site-packages/airflow/example_dags/example_branch_operator_decorator.py
[2022-09-05T09:01:14.393+0000] {processor.py:650} INFO - DAG(s) dict_keys(['example_branch_python_operator_decorator']) retrieved from /home/airflow/.local/lib/python3.7/site-packages/airflow/example_dags/example_branch_operator_decorator.py
[2022-09-05T09:01:14.495+0000] {logging_mixin.py:115} INFO - [2022-09-05T09:01:14.495+0000] {dag.py:2429} INFO - Sync 1 DAGs
[2022-09-05T09:01:14.578+0000] {logging_mixin.py:115} INFO - [2022-09-05T09:01:14.578+0000] {dag.py:2981} INFO - Setting next_dagrun for example_branch_python_operator_decorator to 2022-09-04T00:00:00+00:00, run_after=2022-09-05T00:00:00+00:00
[2022-09-05T09:01:14.676+0000] {processor.py:161} INFO - Processing /home/airflow/.local/lib/python3.7/site-packages/airflow/example_dags/example_branch_operator_decorator.py took 0.381 seconds
[2022-09-05T09:02:23.450+0000] {processor.py:153} INFO - Started process (PID=219) to work on /home/airflow/.local/lib/python3.7/site-packages/airflow/example_dags/example_branch_operator_decorator.py
[2022-09-05T09:02:23.452+0000] {processor.py:640} INFO - Processing file /home/airflow/.local/lib/python3.7/site-packages/airflow/example_dags/example_branch_operator_decorator.py for tasks to queue
[2022-09-05T09:02:23.455+0000] {logging_mixin.py:115} INFO - [2022-09-05T09:02:23.453+0000] {dagbag.py:508} INFO - Filling up the DagBag from /home/airflow/.local/lib/python3.7/site-packages/airflow/example_dags/example_branch_operator_decorator.py
[2022-09-05T09:02:23.517+0000] {processor.py:650} INFO - DAG(s) dict_keys(['example_branch_python_operator_decorator']) retrieved from /home/airflow/.local/lib/python3.7/site-packages/airflow/example_dags/example_branch_operator_decorator.py
[2022-09-05T09:02:23.611+0000] {logging_mixin.py:115} INFO - [2022-09-05T09:02:23.610+0000] {dag.py:2429} INFO - Sync 1 DAGs
[2022-09-05T09:02:23.672+0000] {logging_mixin.py:115} INFO - [2022-09-05T09:02:23.672+0000] {dag.py:2981} INFO - Setting next_dagrun for example_branch_python_operator_decorator to 2022-09-04T00:00:00+00:00, run_after=2022-09-05T00:00:00+00:00
[2022-09-05T09:02:23.887+0000] {processor.py:161} INFO - Processing /home/airflow/.local/lib/python3.7/site-packages/airflow/example_dags/example_branch_operator_decorator.py took 0.443 seconds
[2022-09-05T09:03:37.446+0000] {processor.py:153} INFO - Started process (PID=292) to work on /home/airflow/.local/lib/python3.7/site-packages/airflow/example_dags/example_branch_operator_decorator.py
[2022-09-05T09:03:37.449+0000] {processor.py:640} INFO - Processing file /home/airflow/.local/lib/python3.7/site-packages/airflow/example_dags/example_branch_operator_decorator.py for tasks to queue
[2022-09-05T09:03:37.451+0000] {logging_mixin.py:115} INFO - [2022-09-05T09:03:37.450+0000] {dagbag.py:508} INFO - Filling up the DagBag from /home/airflow/.local/lib/python3.7/site-packages/airflow/example_dags/example_branch_operator_decorator.py
[2022-09-05T09:03:37.564+0000] {processor.py:650} INFO - DAG(s) dict_keys(['example_branch_python_operator_decorator']) retrieved from /home/airflow/.local/lib/python3.7/site-packages/airflow/example_dags/example_branch_operator_decorator.py
[2022-09-05T09:03:37.707+0000] {logging_mixin.py:115} INFO - [2022-09-05T09:03:37.707+0000] {dag.py:2429} INFO - Sync 1 DAGs
[2022-09-05T09:03:37.839+0000] {logging_mixin.py:115} INFO - [2022-09-05T09:03:37.836+0000] {dag.py:2981} INFO - Setting next_dagrun for example_branch_python_operator_decorator to 2022-09-04T00:00:00+00:00, run_after=2022-09-05T00:00:00+00:00
[2022-09-05T09:03:37.927+0000] {processor.py:161} INFO - Processing /home/airflow/.local/lib/python3.7/site-packages/airflow/example_dags/example_branch_operator_decorator.py took 0.492 seconds
[2022-09-05T09:06:21.953+0000] {processor.py:153} INFO - Started process (PID=373) to work on /home/airflow/.local/lib/python3.7/site-packages/airflow/example_dags/example_branch_operator_decorator.py
[2022-09-05T09:06:21.975+0000] {processor.py:640} INFO - Processing file /home/airflow/.local/lib/python3.7/site-packages/airflow/example_dags/example_branch_operator_decorator.py for tasks to queue
[2022-09-05T09:06:21.981+0000] {logging_mixin.py:115} INFO - [2022-09-05T09:06:21.980+0000] {dagbag.py:508} INFO - Filling up the DagBag from /home/airflow/.local/lib/python3.7/site-packages/airflow/example_dags/example_branch_operator_decorator.py
[2022-09-05T09:06:22.116+0000] {processor.py:650} INFO - DAG(s) dict_keys(['example_branch_python_operator_decorator']) retrieved from /home/airflow/.local/lib/python3.7/site-packages/airflow/example_dags/example_branch_operator_decorator.py
[2022-09-05T09:06:22.350+0000] {logging_mixin.py:115} INFO - [2022-09-05T09:06:22.349+0000] {dag.py:2429} INFO - Sync 1 DAGs
[2022-09-05T09:06:22.525+0000] {logging_mixin.py:115} INFO - [2022-09-05T09:06:22.524+0000] {dag.py:2981} INFO - Setting next_dagrun for example_branch_python_operator_decorator to 2022-09-04T00:00:00+00:00, run_after=2022-09-05T00:00:00+00:00
[2022-09-05T09:06:22.575+0000] {processor.py:161} INFO - Processing /home/airflow/.local/lib/python3.7/site-packages/airflow/example_dags/example_branch_operator_decorator.py took 0.638 seconds
[2022-09-05T09:15:01.624+0000] {processor.py:153} INFO - Started process (PID=106) to work on /home/airflow/.local/lib/python3.7/site-packages/airflow/example_dags/example_branch_operator_decorator.py
[2022-09-05T09:15:01.633+0000] {processor.py:640} INFO - Processing file /home/airflow/.local/lib/python3.7/site-packages/airflow/example_dags/example_branch_operator_decorator.py for tasks to queue
[2022-09-05T09:15:01.643+0000] {logging_mixin.py:115} INFO - [2022-09-05T09:15:01.642+0000] {dagbag.py:508} INFO - Filling up the DagBag from /home/airflow/.local/lib/python3.7/site-packages/airflow/example_dags/example_branch_operator_decorator.py
[2022-09-05T09:15:01.972+0000] {processor.py:650} INFO - DAG(s) dict_keys(['example_branch_python_operator_decorator']) retrieved from /home/airflow/.local/lib/python3.7/site-packages/airflow/example_dags/example_branch_operator_decorator.py
[2022-09-05T09:15:02.295+0000] {logging_mixin.py:115} INFO - [2022-09-05T09:15:02.295+0000] {dag.py:2429} INFO - Sync 1 DAGs
[2022-09-05T09:15:07.031+0000] {logging_mixin.py:115} INFO - [2022-09-05T09:15:07.021+0000] {dag.py:2981} INFO - Setting next_dagrun for example_branch_python_operator_decorator to 2022-09-04T00:00:00+00:00, run_after=2022-09-05T00:00:00+00:00
[2022-09-05T09:15:09.811+0000] {processor.py:161} INFO - Processing /home/airflow/.local/lib/python3.7/site-packages/airflow/example_dags/example_branch_operator_decorator.py took 8.232 seconds
[2022-09-05T09:23:35.612+0000] {processor.py:153} INFO - Started process (PID=101) to work on /home/airflow/.local/lib/python3.7/site-packages/airflow/example_dags/example_branch_operator_decorator.py
[2022-09-05T09:23:35.636+0000] {processor.py:640} INFO - Processing file /home/airflow/.local/lib/python3.7/site-packages/airflow/example_dags/example_branch_operator_decorator.py for tasks to queue
[2022-09-05T09:23:35.640+0000] {logging_mixin.py:115} INFO - [2022-09-05T09:23:35.640+0000] {dagbag.py:508} INFO - Filling up the DagBag from /home/airflow/.local/lib/python3.7/site-packages/airflow/example_dags/example_branch_operator_decorator.py
[2022-09-05T09:23:35.838+0000] {processor.py:650} INFO - DAG(s) dict_keys(['example_branch_python_operator_decorator']) retrieved from /home/airflow/.local/lib/python3.7/site-packages/airflow/example_dags/example_branch_operator_decorator.py
[2022-09-05T09:23:36.016+0000] {logging_mixin.py:115} INFO - [2022-09-05T09:23:36.016+0000] {dag.py:2429} INFO - Sync 1 DAGs
[2022-09-05T09:23:39.058+0000] {logging_mixin.py:115} INFO - [2022-09-05T09:23:39.050+0000] {dag.py:2981} INFO - Setting next_dagrun for example_branch_python_operator_decorator to 2022-09-04T00:00:00+00:00, run_after=2022-09-05T00:00:00+00:00
[2022-09-05T09:23:39.881+0000] {processor.py:161} INFO - Processing /home/airflow/.local/lib/python3.7/site-packages/airflow/example_dags/example_branch_operator_decorator.py took 4.291 seconds
[2022-09-05T09:28:32.657+0000] {processor.py:153} INFO - Started process (PID=261) to work on /home/airflow/.local/lib/python3.7/site-packages/airflow/example_dags/example_branch_operator_decorator.py
[2022-09-05T09:28:32.669+0000] {processor.py:640} INFO - Processing file /home/airflow/.local/lib/python3.7/site-packages/airflow/example_dags/example_branch_operator_decorator.py for tasks to queue
[2022-09-05T09:28:32.687+0000] {logging_mixin.py:115} INFO - [2022-09-05T09:28:32.686+0000] {dagbag.py:508} INFO - Filling up the DagBag from /home/airflow/.local/lib/python3.7/site-packages/airflow/example_dags/example_branch_operator_decorator.py
[2022-09-05T09:28:34.746+0000] {processor.py:650} INFO - DAG(s) dict_keys(['example_branch_python_operator_decorator']) retrieved from /home/airflow/.local/lib/python3.7/site-packages/airflow/example_dags/example_branch_operator_decorator.py
[2022-09-05T09:28:46.642+0000] {logging_mixin.py:115} INFO - [2022-09-05T09:28:46.458+0000] {dag.py:2429} INFO - Sync 1 DAGs
