[2022-09-05T09:00:30.576+0000] {processor.py:153} INFO - Started process (PID=81) to work on /home/airflow/.local/lib/python3.7/site-packages/airflow/example_dags/example_trigger_target_dag.py
[2022-09-05T09:00:30.580+0000] {processor.py:640} INFO - Processing file /home/airflow/.local/lib/python3.7/site-packages/airflow/example_dags/example_trigger_target_dag.py for tasks to queue
[2022-09-05T09:00:30.582+0000] {logging_mixin.py:115} INFO - [2022-09-05T09:00:30.582+0000] {dagbag.py:508} INFO - Filling up the DagBag from /home/airflow/.local/lib/python3.7/site-packages/airflow/example_dags/example_trigger_target_dag.py
[2022-09-05T09:00:30.619+0000] {processor.py:650} INFO - DAG(s) dict_keys(['example_trigger_target_dag']) retrieved from /home/airflow/.local/lib/python3.7/site-packages/airflow/example_dags/example_trigger_target_dag.py
[2022-09-05T09:00:31.355+0000] {logging_mixin.py:115} INFO - [2022-09-05T09:00:31.354+0000] {manager.py:508} INFO - Created Permission View: can read on DAG:example_trigger_target_dag
[2022-09-05T09:00:31.551+0000] {logging_mixin.py:115} INFO - [2022-09-05T09:00:31.551+0000] {manager.py:508} INFO - Created Permission View: can edit on DAG:example_trigger_target_dag
[2022-09-05T09:00:31.805+0000] {logging_mixin.py:115} INFO - [2022-09-05T09:00:31.805+0000] {manager.py:508} INFO - Created Permission View: can delete on DAG:example_trigger_target_dag
[2022-09-05T09:00:31.806+0000] {logging_mixin.py:115} INFO - [2022-09-05T09:00:31.806+0000] {dag.py:2429} INFO - Sync 1 DAGs
[2022-09-05T09:00:31.857+0000] {logging_mixin.py:115} INFO - [2022-09-05T09:00:31.857+0000] {dag.py:2448} INFO - Creating ORM DAG for example_trigger_target_dag
[2022-09-05T09:00:31.910+0000] {logging_mixin.py:115} INFO - [2022-09-05T09:00:31.910+0000] {dag.py:2981} INFO - Setting next_dagrun for example_trigger_target_dag to None, run_after=None
[2022-09-05T09:00:32.057+0000] {processor.py:161} INFO - Processing /home/airflow/.local/lib/python3.7/site-packages/airflow/example_dags/example_trigger_target_dag.py took 1.491 seconds
[2022-09-05T09:01:02.206+0000] {processor.py:153} INFO - Started process (PID=131) to work on /home/airflow/.local/lib/python3.7/site-packages/airflow/example_dags/example_trigger_target_dag.py
[2022-09-05T09:01:02.214+0000] {processor.py:640} INFO - Processing file /home/airflow/.local/lib/python3.7/site-packages/airflow/example_dags/example_trigger_target_dag.py for tasks to queue
[2022-09-05T09:01:02.222+0000] {logging_mixin.py:115} INFO - [2022-09-05T09:01:02.222+0000] {dagbag.py:508} INFO - Filling up the DagBag from /home/airflow/.local/lib/python3.7/site-packages/airflow/example_dags/example_trigger_target_dag.py
[2022-09-05T09:01:02.374+0000] {processor.py:650} INFO - DAG(s) dict_keys(['example_trigger_target_dag']) retrieved from /home/airflow/.local/lib/python3.7/site-packages/airflow/example_dags/example_trigger_target_dag.py
[2022-09-05T09:01:02.696+0000] {logging_mixin.py:115} INFO - [2022-09-05T09:01:02.692+0000] {dag.py:2429} INFO - Sync 1 DAGs
[2022-09-05T09:01:02.843+0000] {logging_mixin.py:115} INFO - [2022-09-05T09:01:02.842+0000] {dag.py:2981} INFO - Setting next_dagrun for example_trigger_target_dag to None, run_after=None
[2022-09-05T09:01:03.271+0000] {processor.py:161} INFO - Processing /home/airflow/.local/lib/python3.7/site-packages/airflow/example_dags/example_trigger_target_dag.py took 1.099 seconds
[2022-09-05T09:01:35.631+0000] {processor.py:153} INFO - Started process (PID=184) to work on /home/airflow/.local/lib/python3.7/site-packages/airflow/example_dags/example_trigger_target_dag.py
[2022-09-05T09:01:35.633+0000] {processor.py:640} INFO - Processing file /home/airflow/.local/lib/python3.7/site-packages/airflow/example_dags/example_trigger_target_dag.py for tasks to queue
[2022-09-05T09:01:35.634+0000] {logging_mixin.py:115} INFO - [2022-09-05T09:01:35.634+0000] {dagbag.py:508} INFO - Filling up the DagBag from /home/airflow/.local/lib/python3.7/site-packages/airflow/example_dags/example_trigger_target_dag.py
[2022-09-05T09:01:35.705+0000] {processor.py:650} INFO - DAG(s) dict_keys(['example_trigger_target_dag']) retrieved from /home/airflow/.local/lib/python3.7/site-packages/airflow/example_dags/example_trigger_target_dag.py
[2022-09-05T09:01:35.861+0000] {logging_mixin.py:115} INFO - [2022-09-05T09:01:35.861+0000] {dag.py:2429} INFO - Sync 1 DAGs
[2022-09-05T09:01:36.041+0000] {logging_mixin.py:115} INFO - [2022-09-05T09:01:36.040+0000] {dag.py:2981} INFO - Setting next_dagrun for example_trigger_target_dag to None, run_after=None
[2022-09-05T09:01:41.915+0000] {processor.py:161} INFO - Processing /home/airflow/.local/lib/python3.7/site-packages/airflow/example_dags/example_trigger_target_dag.py took 6.275 seconds
[2022-09-05T09:02:23.144+0000] {processor.py:153} INFO - Started process (PID=218) to work on /home/airflow/.local/lib/python3.7/site-packages/airflow/example_dags/example_trigger_target_dag.py
[2022-09-05T09:02:23.146+0000] {processor.py:640} INFO - Processing file /home/airflow/.local/lib/python3.7/site-packages/airflow/example_dags/example_trigger_target_dag.py for tasks to queue
[2022-09-05T09:02:23.148+0000] {logging_mixin.py:115} INFO - [2022-09-05T09:02:23.148+0000] {dagbag.py:508} INFO - Filling up the DagBag from /home/airflow/.local/lib/python3.7/site-packages/airflow/example_dags/example_trigger_target_dag.py
[2022-09-05T09:02:23.178+0000] {processor.py:650} INFO - DAG(s) dict_keys(['example_trigger_target_dag']) retrieved from /home/airflow/.local/lib/python3.7/site-packages/airflow/example_dags/example_trigger_target_dag.py
[2022-09-05T09:02:23.224+0000] {logging_mixin.py:115} INFO - [2022-09-05T09:02:23.223+0000] {dag.py:2429} INFO - Sync 1 DAGs
[2022-09-05T09:02:23.268+0000] {logging_mixin.py:115} INFO - [2022-09-05T09:02:23.268+0000] {dag.py:2981} INFO - Setting next_dagrun for example_trigger_target_dag to None, run_after=None
[2022-09-05T09:02:23.405+0000] {processor.py:161} INFO - Processing /home/airflow/.local/lib/python3.7/site-packages/airflow/example_dags/example_trigger_target_dag.py took 0.274 seconds
[2022-09-05T09:03:36.379+0000] {processor.py:153} INFO - Started process (PID=287) to work on /home/airflow/.local/lib/python3.7/site-packages/airflow/example_dags/example_trigger_target_dag.py
[2022-09-05T09:03:36.405+0000] {processor.py:640} INFO - Processing file /home/airflow/.local/lib/python3.7/site-packages/airflow/example_dags/example_trigger_target_dag.py for tasks to queue
[2022-09-05T09:03:36.411+0000] {logging_mixin.py:115} INFO - [2022-09-05T09:03:36.408+0000] {dagbag.py:508} INFO - Filling up the DagBag from /home/airflow/.local/lib/python3.7/site-packages/airflow/example_dags/example_trigger_target_dag.py
[2022-09-05T09:03:36.513+0000] {processor.py:650} INFO - DAG(s) dict_keys(['example_trigger_target_dag']) retrieved from /home/airflow/.local/lib/python3.7/site-packages/airflow/example_dags/example_trigger_target_dag.py
[2022-09-05T09:03:36.601+0000] {logging_mixin.py:115} INFO - [2022-09-05T09:03:36.601+0000] {dag.py:2429} INFO - Sync 1 DAGs
[2022-09-05T09:03:36.639+0000] {logging_mixin.py:115} INFO - [2022-09-05T09:03:36.639+0000] {dag.py:2981} INFO - Setting next_dagrun for example_trigger_target_dag to None, run_after=None
[2022-09-05T09:03:36.757+0000] {processor.py:161} INFO - Processing /home/airflow/.local/lib/python3.7/site-packages/airflow/example_dags/example_trigger_target_dag.py took 0.397 seconds
[2022-09-05T09:06:16.522+0000] {processor.py:153} INFO - Started process (PID=366) to work on /home/airflow/.local/lib/python3.7/site-packages/airflow/example_dags/example_trigger_target_dag.py
[2022-09-05T09:06:16.536+0000] {processor.py:640} INFO - Processing file /home/airflow/.local/lib/python3.7/site-packages/airflow/example_dags/example_trigger_target_dag.py for tasks to queue
[2022-09-05T09:06:16.543+0000] {logging_mixin.py:115} INFO - [2022-09-05T09:06:16.543+0000] {dagbag.py:508} INFO - Filling up the DagBag from /home/airflow/.local/lib/python3.7/site-packages/airflow/example_dags/example_trigger_target_dag.py
[2022-09-05T09:06:16.736+0000] {processor.py:650} INFO - DAG(s) dict_keys(['example_trigger_target_dag']) retrieved from /home/airflow/.local/lib/python3.7/site-packages/airflow/example_dags/example_trigger_target_dag.py
[2022-09-05T09:06:17.036+0000] {logging_mixin.py:115} INFO - [2022-09-05T09:06:17.035+0000] {dag.py:2429} INFO - Sync 1 DAGs
[2022-09-05T09:06:17.210+0000] {logging_mixin.py:115} INFO - [2022-09-05T09:06:17.210+0000] {dag.py:2981} INFO - Setting next_dagrun for example_trigger_target_dag to None, run_after=None
[2022-09-05T09:06:17.747+0000] {processor.py:161} INFO - Processing /home/airflow/.local/lib/python3.7/site-packages/airflow/example_dags/example_trigger_target_dag.py took 1.248 seconds
[2022-09-05T09:06:52.470+0000] {processor.py:153} INFO - Started process (PID=418) to work on /home/airflow/.local/lib/python3.7/site-packages/airflow/example_dags/example_trigger_target_dag.py
[2022-09-05T09:06:52.479+0000] {processor.py:640} INFO - Processing file /home/airflow/.local/lib/python3.7/site-packages/airflow/example_dags/example_trigger_target_dag.py for tasks to queue
[2022-09-05T09:06:52.481+0000] {logging_mixin.py:115} INFO - [2022-09-05T09:06:52.481+0000] {dagbag.py:508} INFO - Filling up the DagBag from /home/airflow/.local/lib/python3.7/site-packages/airflow/example_dags/example_trigger_target_dag.py
[2022-09-05T09:06:52.886+0000] {processor.py:650} INFO - DAG(s) dict_keys(['example_trigger_target_dag']) retrieved from /home/airflow/.local/lib/python3.7/site-packages/airflow/example_dags/example_trigger_target_dag.py
[2022-09-05T09:06:53.535+0000] {logging_mixin.py:115} INFO - [2022-09-05T09:06:53.534+0000] {dag.py:2429} INFO - Sync 1 DAGs
[2022-09-05T09:06:55.125+0000] {logging_mixin.py:115} INFO - [2022-09-05T09:06:55.113+0000] {dag.py:2981} INFO - Setting next_dagrun for example_trigger_target_dag to None, run_after=None
[2022-09-05T09:07:20.855+0000] {processor.py:161} INFO - Processing /home/airflow/.local/lib/python3.7/site-packages/airflow/example_dags/example_trigger_target_dag.py took 28.435 seconds
[2022-09-05T09:14:40.228+0000] {processor.py:153} INFO - Started process (PID=88) to work on /home/airflow/.local/lib/python3.7/site-packages/airflow/example_dags/example_trigger_target_dag.py
[2022-09-05T09:14:40.233+0000] {processor.py:640} INFO - Processing file /home/airflow/.local/lib/python3.7/site-packages/airflow/example_dags/example_trigger_target_dag.py for tasks to queue
[2022-09-05T09:14:40.234+0000] {logging_mixin.py:115} INFO - [2022-09-05T09:14:40.234+0000] {dagbag.py:508} INFO - Filling up the DagBag from /home/airflow/.local/lib/python3.7/site-packages/airflow/example_dags/example_trigger_target_dag.py
[2022-09-05T09:14:40.330+0000] {processor.py:650} INFO - DAG(s) dict_keys(['example_trigger_target_dag']) retrieved from /home/airflow/.local/lib/python3.7/site-packages/airflow/example_dags/example_trigger_target_dag.py
[2022-09-05T09:14:40.479+0000] {logging_mixin.py:115} INFO - [2022-09-05T09:14:40.478+0000] {dag.py:2429} INFO - Sync 1 DAGs
[2022-09-05T09:14:40.517+0000] {logging_mixin.py:115} INFO - [2022-09-05T09:14:40.517+0000] {dag.py:2981} INFO - Setting next_dagrun for example_trigger_target_dag to None, run_after=None
[2022-09-05T09:14:40.893+0000] {processor.py:161} INFO - Processing /home/airflow/.local/lib/python3.7/site-packages/airflow/example_dags/example_trigger_target_dag.py took 0.673 seconds
[2022-09-05T09:16:26.227+0000] {processor.py:153} INFO - Started process (PID=158) to work on /home/airflow/.local/lib/python3.7/site-packages/airflow/example_dags/example_trigger_target_dag.py
[2022-09-05T09:16:26.234+0000] {processor.py:640} INFO - Processing file /home/airflow/.local/lib/python3.7/site-packages/airflow/example_dags/example_trigger_target_dag.py for tasks to queue
[2022-09-05T09:16:26.242+0000] {logging_mixin.py:115} INFO - [2022-09-05T09:16:26.242+0000] {dagbag.py:508} INFO - Filling up the DagBag from /home/airflow/.local/lib/python3.7/site-packages/airflow/example_dags/example_trigger_target_dag.py
[2022-09-05T09:16:26.424+0000] {processor.py:650} INFO - DAG(s) dict_keys(['example_trigger_target_dag']) retrieved from /home/airflow/.local/lib/python3.7/site-packages/airflow/example_dags/example_trigger_target_dag.py
[2022-09-05T09:16:26.890+0000] {logging_mixin.py:115} INFO - [2022-09-05T09:16:26.889+0000] {dag.py:2429} INFO - Sync 1 DAGs
[2022-09-05T09:16:27.640+0000] {logging_mixin.py:115} INFO - [2022-09-05T09:16:27.626+0000] {dag.py:2981} INFO - Setting next_dagrun for example_trigger_target_dag to None, run_after=None
[2022-09-05T09:16:31.609+0000] {processor.py:161} INFO - Processing /home/airflow/.local/lib/python3.7/site-packages/airflow/example_dags/example_trigger_target_dag.py took 5.410 seconds
[2022-09-05T09:23:13.906+0000] {processor.py:153} INFO - Started process (PID=83) to work on /home/airflow/.local/lib/python3.7/site-packages/airflow/example_dags/example_trigger_target_dag.py
[2022-09-05T09:23:13.912+0000] {processor.py:640} INFO - Processing file /home/airflow/.local/lib/python3.7/site-packages/airflow/example_dags/example_trigger_target_dag.py for tasks to queue
[2022-09-05T09:23:13.914+0000] {logging_mixin.py:115} INFO - [2022-09-05T09:23:13.914+0000] {dagbag.py:508} INFO - Filling up the DagBag from /home/airflow/.local/lib/python3.7/site-packages/airflow/example_dags/example_trigger_target_dag.py
[2022-09-05T09:23:14.129+0000] {processor.py:650} INFO - DAG(s) dict_keys(['example_trigger_target_dag']) retrieved from /home/airflow/.local/lib/python3.7/site-packages/airflow/example_dags/example_trigger_target_dag.py
[2022-09-05T09:23:14.365+0000] {logging_mixin.py:115} INFO - [2022-09-05T09:23:14.364+0000] {dag.py:2429} INFO - Sync 1 DAGs
[2022-09-05T09:23:14.636+0000] {logging_mixin.py:115} INFO - [2022-09-05T09:23:14.636+0000] {dag.py:2981} INFO - Setting next_dagrun for example_trigger_target_dag to None, run_after=None
[2022-09-05T09:23:17.537+0000] {processor.py:161} INFO - Processing /home/airflow/.local/lib/python3.7/site-packages/airflow/example_dags/example_trigger_target_dag.py took 3.647 seconds
[2022-09-05T09:26:25.962+0000] {processor.py:153} INFO - Started process (PID=202) to work on /home/airflow/.local/lib/python3.7/site-packages/airflow/example_dags/example_trigger_target_dag.py
[2022-09-05T09:26:25.979+0000] {processor.py:640} INFO - Processing file /home/airflow/.local/lib/python3.7/site-packages/airflow/example_dags/example_trigger_target_dag.py for tasks to queue
[2022-09-05T09:26:26.002+0000] {logging_mixin.py:115} INFO - [2022-09-05T09:26:26.002+0000] {dagbag.py:508} INFO - Filling up the DagBag from /home/airflow/.local/lib/python3.7/site-packages/airflow/example_dags/example_trigger_target_dag.py
[2022-09-05T09:26:26.868+0000] {processor.py:650} INFO - DAG(s) dict_keys(['example_trigger_target_dag']) retrieved from /home/airflow/.local/lib/python3.7/site-packages/airflow/example_dags/example_trigger_target_dag.py
[2022-09-05T09:26:27.840+0000] {logging_mixin.py:115} INFO - [2022-09-05T09:26:27.839+0000] {dag.py:2429} INFO - Sync 1 DAGs
[2022-09-05T09:26:28.873+0000] {logging_mixin.py:115} INFO - [2022-09-05T09:26:28.865+0000] {dag.py:2981} INFO - Setting next_dagrun for example_trigger_target_dag to None, run_after=None
[2022-09-05T09:26:33.763+0000] {processor.py:161} INFO - Processing /home/airflow/.local/lib/python3.7/site-packages/airflow/example_dags/example_trigger_target_dag.py took 7.915 seconds
