[2022-09-05T09:00:27.040+0000] {processor.py:153} INFO - Started process (PID=67) to work on /home/airflow/.local/lib/python3.7/site-packages/airflow/example_dags/example_branch_datetime_operator.py
[2022-09-05T09:00:27.042+0000] {processor.py:640} INFO - Processing file /home/airflow/.local/lib/python3.7/site-packages/airflow/example_dags/example_branch_datetime_operator.py for tasks to queue
[2022-09-05T09:00:27.044+0000] {logging_mixin.py:115} INFO - [2022-09-05T09:00:27.044+0000] {dagbag.py:508} INFO - Filling up the DagBag from /home/airflow/.local/lib/python3.7/site-packages/airflow/example_dags/example_branch_datetime_operator.py
[2022-09-05T09:00:27.071+0000] {processor.py:650} INFO - DAG(s) dict_keys(['example_branch_datetime_operator', 'example_branch_datetime_operator_2']) retrieved from /home/airflow/.local/lib/python3.7/site-packages/airflow/example_dags/example_branch_datetime_operator.py
[2022-09-05T09:00:27.354+0000] {logging_mixin.py:115} INFO - [2022-09-05T09:00:27.354+0000] {manager.py:508} INFO - Created Permission View: can read on DAG:example_branch_datetime_operator
[2022-09-05T09:00:27.465+0000] {logging_mixin.py:115} INFO - [2022-09-05T09:00:27.465+0000] {manager.py:508} INFO - Created Permission View: can edit on DAG:example_branch_datetime_operator
[2022-09-05T09:00:27.543+0000] {logging_mixin.py:115} INFO - [2022-09-05T09:00:27.542+0000] {manager.py:508} INFO - Created Permission View: can delete on DAG:example_branch_datetime_operator
[2022-09-05T09:00:27.731+0000] {logging_mixin.py:115} INFO - [2022-09-05T09:00:27.731+0000] {manager.py:508} INFO - Created Permission View: can read on DAG:example_branch_datetime_operator_2
[2022-09-05T09:00:27.820+0000] {logging_mixin.py:115} INFO - [2022-09-05T09:00:27.820+0000] {manager.py:508} INFO - Created Permission View: can edit on DAG:example_branch_datetime_operator_2
[2022-09-05T09:00:27.930+0000] {logging_mixin.py:115} INFO - [2022-09-05T09:00:27.930+0000] {manager.py:508} INFO - Created Permission View: can delete on DAG:example_branch_datetime_operator_2
[2022-09-05T09:00:27.931+0000] {logging_mixin.py:115} INFO - [2022-09-05T09:00:27.931+0000] {dag.py:2429} INFO - Sync 2 DAGs
[2022-09-05T09:00:27.949+0000] {logging_mixin.py:115} INFO - [2022-09-05T09:00:27.948+0000] {dag.py:2448} INFO - Creating ORM DAG for example_branch_datetime_operator
[2022-09-05T09:00:27.950+0000] {logging_mixin.py:115} INFO - [2022-09-05T09:00:27.950+0000] {dag.py:2448} INFO - Creating ORM DAG for example_branch_datetime_operator_2
[2022-09-05T09:00:27.976+0000] {logging_mixin.py:115} INFO - [2022-09-05T09:00:27.976+0000] {dag.py:2981} INFO - Setting next_dagrun for example_branch_datetime_operator to 2022-09-04T00:00:00+00:00, run_after=2022-09-05T00:00:00+00:00
[2022-09-05T09:00:27.979+0000] {logging_mixin.py:115} INFO - [2022-09-05T09:00:27.979+0000] {dag.py:2981} INFO - Setting next_dagrun for example_branch_datetime_operator_2 to 2022-09-04T00:00:00+00:00, run_after=2022-09-05T00:00:00+00:00
[2022-09-05T09:00:28.093+0000] {processor.py:161} INFO - Processing /home/airflow/.local/lib/python3.7/site-packages/airflow/example_dags/example_branch_datetime_operator.py took 1.059 seconds
[2022-09-05T09:00:58.542+0000] {processor.py:153} INFO - Started process (PID=119) to work on /home/airflow/.local/lib/python3.7/site-packages/airflow/example_dags/example_branch_datetime_operator.py
[2022-09-05T09:00:58.543+0000] {processor.py:640} INFO - Processing file /home/airflow/.local/lib/python3.7/site-packages/airflow/example_dags/example_branch_datetime_operator.py for tasks to queue
[2022-09-05T09:00:58.545+0000] {logging_mixin.py:115} INFO - [2022-09-05T09:00:58.545+0000] {dagbag.py:508} INFO - Filling up the DagBag from /home/airflow/.local/lib/python3.7/site-packages/airflow/example_dags/example_branch_datetime_operator.py
[2022-09-05T09:00:58.564+0000] {processor.py:650} INFO - DAG(s) dict_keys(['example_branch_datetime_operator', 'example_branch_datetime_operator_2']) retrieved from /home/airflow/.local/lib/python3.7/site-packages/airflow/example_dags/example_branch_datetime_operator.py
[2022-09-05T09:00:58.643+0000] {logging_mixin.py:115} INFO - [2022-09-05T09:00:58.642+0000] {dag.py:2429} INFO - Sync 2 DAGs
[2022-09-05T09:00:58.694+0000] {logging_mixin.py:115} INFO - [2022-09-05T09:00:58.694+0000] {dag.py:2981} INFO - Setting next_dagrun for example_branch_datetime_operator to 2022-09-04T00:00:00+00:00, run_after=2022-09-05T00:00:00+00:00
[2022-09-05T09:00:58.697+0000] {logging_mixin.py:115} INFO - [2022-09-05T09:00:58.696+0000] {dag.py:2981} INFO - Setting next_dagrun for example_branch_datetime_operator_2 to 2022-09-04T00:00:00+00:00, run_after=2022-09-05T00:00:00+00:00
[2022-09-05T09:00:58.752+0000] {processor.py:161} INFO - Processing /home/airflow/.local/lib/python3.7/site-packages/airflow/example_dags/example_branch_datetime_operator.py took 0.216 seconds
[2022-09-05T09:01:29.393+0000] {processor.py:153} INFO - Started process (PID=170) to work on /home/airflow/.local/lib/python3.7/site-packages/airflow/example_dags/example_branch_datetime_operator.py
[2022-09-05T09:01:29.401+0000] {processor.py:640} INFO - Processing file /home/airflow/.local/lib/python3.7/site-packages/airflow/example_dags/example_branch_datetime_operator.py for tasks to queue
[2022-09-05T09:01:29.403+0000] {logging_mixin.py:115} INFO - [2022-09-05T09:01:29.403+0000] {dagbag.py:508} INFO - Filling up the DagBag from /home/airflow/.local/lib/python3.7/site-packages/airflow/example_dags/example_branch_datetime_operator.py
[2022-09-05T09:01:29.480+0000] {processor.py:650} INFO - DAG(s) dict_keys(['example_branch_datetime_operator', 'example_branch_datetime_operator_2']) retrieved from /home/airflow/.local/lib/python3.7/site-packages/airflow/example_dags/example_branch_datetime_operator.py
[2022-09-05T09:01:29.751+0000] {logging_mixin.py:115} INFO - [2022-09-05T09:01:29.750+0000] {dag.py:2429} INFO - Sync 2 DAGs
[2022-09-05T09:01:29.937+0000] {logging_mixin.py:115} INFO - [2022-09-05T09:01:29.937+0000] {dag.py:2981} INFO - Setting next_dagrun for example_branch_datetime_operator to 2022-09-04T00:00:00+00:00, run_after=2022-09-05T00:00:00+00:00
[2022-09-05T09:01:29.942+0000] {logging_mixin.py:115} INFO - [2022-09-05T09:01:29.942+0000] {dag.py:2981} INFO - Setting next_dagrun for example_branch_datetime_operator_2 to 2022-09-04T00:00:00+00:00, run_after=2022-09-05T00:00:00+00:00
[2022-09-05T09:01:34.915+0000] {processor.py:161} INFO - Processing /home/airflow/.local/lib/python3.7/site-packages/airflow/example_dags/example_branch_datetime_operator.py took 5.574 seconds
[2022-09-05T09:02:22.209+0000] {processor.py:153} INFO - Started process (PID=213) to work on /home/airflow/.local/lib/python3.7/site-packages/airflow/example_dags/example_branch_datetime_operator.py
[2022-09-05T09:02:22.212+0000] {processor.py:640} INFO - Processing file /home/airflow/.local/lib/python3.7/site-packages/airflow/example_dags/example_branch_datetime_operator.py for tasks to queue
[2022-09-05T09:02:22.214+0000] {logging_mixin.py:115} INFO - [2022-09-05T09:02:22.214+0000] {dagbag.py:508} INFO - Filling up the DagBag from /home/airflow/.local/lib/python3.7/site-packages/airflow/example_dags/example_branch_datetime_operator.py
[2022-09-05T09:02:22.247+0000] {processor.py:650} INFO - DAG(s) dict_keys(['example_branch_datetime_operator', 'example_branch_datetime_operator_2']) retrieved from /home/airflow/.local/lib/python3.7/site-packages/airflow/example_dags/example_branch_datetime_operator.py
[2022-09-05T09:02:22.359+0000] {logging_mixin.py:115} INFO - [2022-09-05T09:02:22.358+0000] {dag.py:2429} INFO - Sync 2 DAGs
[2022-09-05T09:02:22.423+0000] {logging_mixin.py:115} INFO - [2022-09-05T09:02:22.422+0000] {dag.py:2981} INFO - Setting next_dagrun for example_branch_datetime_operator to 2022-09-04T00:00:00+00:00, run_after=2022-09-05T00:00:00+00:00
[2022-09-05T09:02:22.428+0000] {logging_mixin.py:115} INFO - [2022-09-05T09:02:22.428+0000] {dag.py:2981} INFO - Setting next_dagrun for example_branch_datetime_operator_2 to 2022-09-04T00:00:00+00:00, run_after=2022-09-05T00:00:00+00:00
[2022-09-05T09:02:22.555+0000] {processor.py:161} INFO - Processing /home/airflow/.local/lib/python3.7/site-packages/airflow/example_dags/example_branch_datetime_operator.py took 0.358 seconds
[2022-09-05T09:03:34.576+0000] {processor.py:153} INFO - Started process (PID=282) to work on /home/airflow/.local/lib/python3.7/site-packages/airflow/example_dags/example_branch_datetime_operator.py
[2022-09-05T09:03:34.581+0000] {processor.py:640} INFO - Processing file /home/airflow/.local/lib/python3.7/site-packages/airflow/example_dags/example_branch_datetime_operator.py for tasks to queue
[2022-09-05T09:03:34.585+0000] {logging_mixin.py:115} INFO - [2022-09-05T09:03:34.585+0000] {dagbag.py:508} INFO - Filling up the DagBag from /home/airflow/.local/lib/python3.7/site-packages/airflow/example_dags/example_branch_datetime_operator.py
[2022-09-05T09:03:34.664+0000] {processor.py:650} INFO - DAG(s) dict_keys(['example_branch_datetime_operator', 'example_branch_datetime_operator_2']) retrieved from /home/airflow/.local/lib/python3.7/site-packages/airflow/example_dags/example_branch_datetime_operator.py
[2022-09-05T09:03:34.828+0000] {logging_mixin.py:115} INFO - [2022-09-05T09:03:34.827+0000] {dag.py:2429} INFO - Sync 2 DAGs
[2022-09-05T09:03:34.933+0000] {logging_mixin.py:115} INFO - [2022-09-05T09:03:34.933+0000] {dag.py:2981} INFO - Setting next_dagrun for example_branch_datetime_operator to 2022-09-04T00:00:00+00:00, run_after=2022-09-05T00:00:00+00:00
[2022-09-05T09:03:34.937+0000] {logging_mixin.py:115} INFO - [2022-09-05T09:03:34.936+0000] {dag.py:2981} INFO - Setting next_dagrun for example_branch_datetime_operator_2 to 2022-09-04T00:00:00+00:00, run_after=2022-09-05T00:00:00+00:00
[2022-09-05T09:03:35.022+0000] {processor.py:161} INFO - Processing /home/airflow/.local/lib/python3.7/site-packages/airflow/example_dags/example_branch_datetime_operator.py took 0.476 seconds
[2022-09-05T09:06:13.066+0000] {processor.py:153} INFO - Started process (PID=361) to work on /home/airflow/.local/lib/python3.7/site-packages/airflow/example_dags/example_branch_datetime_operator.py
[2022-09-05T09:06:13.075+0000] {processor.py:640} INFO - Processing file /home/airflow/.local/lib/python3.7/site-packages/airflow/example_dags/example_branch_datetime_operator.py for tasks to queue
[2022-09-05T09:06:13.079+0000] {logging_mixin.py:115} INFO - [2022-09-05T09:06:13.078+0000] {dagbag.py:508} INFO - Filling up the DagBag from /home/airflow/.local/lib/python3.7/site-packages/airflow/example_dags/example_branch_datetime_operator.py
[2022-09-05T09:06:13.617+0000] {processor.py:650} INFO - DAG(s) dict_keys(['example_branch_datetime_operator', 'example_branch_datetime_operator_2']) retrieved from /home/airflow/.local/lib/python3.7/site-packages/airflow/example_dags/example_branch_datetime_operator.py
[2022-09-05T09:06:14.206+0000] {logging_mixin.py:115} INFO - [2022-09-05T09:06:14.205+0000] {dag.py:2429} INFO - Sync 2 DAGs
[2022-09-05T09:06:14.434+0000] {logging_mixin.py:115} INFO - [2022-09-05T09:06:14.433+0000] {dag.py:2981} INFO - Setting next_dagrun for example_branch_datetime_operator to 2022-09-04T00:00:00+00:00, run_after=2022-09-05T00:00:00+00:00
[2022-09-05T09:06:14.454+0000] {logging_mixin.py:115} INFO - [2022-09-05T09:06:14.454+0000] {dag.py:2981} INFO - Setting next_dagrun for example_branch_datetime_operator_2 to 2022-09-04T00:00:00+00:00, run_after=2022-09-05T00:00:00+00:00
[2022-09-05T09:06:14.575+0000] {processor.py:161} INFO - Processing /home/airflow/.local/lib/python3.7/site-packages/airflow/example_dags/example_branch_datetime_operator.py took 1.527 seconds
[2022-09-05T09:06:48.540+0000] {processor.py:153} INFO - Started process (PID=411) to work on /home/airflow/.local/lib/python3.7/site-packages/airflow/example_dags/example_branch_datetime_operator.py
[2022-09-05T09:06:48.550+0000] {processor.py:640} INFO - Processing file /home/airflow/.local/lib/python3.7/site-packages/airflow/example_dags/example_branch_datetime_operator.py for tasks to queue
[2022-09-05T09:06:48.554+0000] {logging_mixin.py:115} INFO - [2022-09-05T09:06:48.553+0000] {dagbag.py:508} INFO - Filling up the DagBag from /home/airflow/.local/lib/python3.7/site-packages/airflow/example_dags/example_branch_datetime_operator.py
[2022-09-05T09:06:48.728+0000] {processor.py:650} INFO - DAG(s) dict_keys(['example_branch_datetime_operator', 'example_branch_datetime_operator_2']) retrieved from /home/airflow/.local/lib/python3.7/site-packages/airflow/example_dags/example_branch_datetime_operator.py
[2022-09-05T09:06:49.221+0000] {logging_mixin.py:115} INFO - [2022-09-05T09:06:49.221+0000] {dag.py:2429} INFO - Sync 2 DAGs
[2022-09-05T09:06:49.547+0000] {logging_mixin.py:115} INFO - [2022-09-05T09:06:49.547+0000] {dag.py:2981} INFO - Setting next_dagrun for example_branch_datetime_operator to 2022-09-04T00:00:00+00:00, run_after=2022-09-05T00:00:00+00:00
[2022-09-05T09:06:49.585+0000] {logging_mixin.py:115} INFO - [2022-09-05T09:06:49.576+0000] {dag.py:2981} INFO - Setting next_dagrun for example_branch_datetime_operator_2 to 2022-09-04T00:00:00+00:00, run_after=2022-09-05T00:00:00+00:00
[2022-09-05T09:06:49.874+0000] {processor.py:161} INFO - Processing /home/airflow/.local/lib/python3.7/site-packages/airflow/example_dags/example_branch_datetime_operator.py took 1.400 seconds
[2022-09-05T09:14:33.627+0000] {processor.py:153} INFO - Started process (PID=83) to work on /home/airflow/.local/lib/python3.7/site-packages/airflow/example_dags/example_branch_datetime_operator.py
[2022-09-05T09:14:33.642+0000] {processor.py:640} INFO - Processing file /home/airflow/.local/lib/python3.7/site-packages/airflow/example_dags/example_branch_datetime_operator.py for tasks to queue
[2022-09-05T09:14:33.644+0000] {logging_mixin.py:115} INFO - [2022-09-05T09:14:33.644+0000] {dagbag.py:508} INFO - Filling up the DagBag from /home/airflow/.local/lib/python3.7/site-packages/airflow/example_dags/example_branch_datetime_operator.py
[2022-09-05T09:14:33.701+0000] {processor.py:650} INFO - DAG(s) dict_keys(['example_branch_datetime_operator', 'example_branch_datetime_operator_2']) retrieved from /home/airflow/.local/lib/python3.7/site-packages/airflow/example_dags/example_branch_datetime_operator.py
[2022-09-05T09:14:33.838+0000] {logging_mixin.py:115} INFO - [2022-09-05T09:14:33.837+0000] {dag.py:2429} INFO - Sync 2 DAGs
[2022-09-05T09:14:33.948+0000] {logging_mixin.py:115} INFO - [2022-09-05T09:14:33.943+0000] {dag.py:2981} INFO - Setting next_dagrun for example_branch_datetime_operator to 2022-09-04T00:00:00+00:00, run_after=2022-09-05T00:00:00+00:00
[2022-09-05T09:14:33.995+0000] {logging_mixin.py:115} INFO - [2022-09-05T09:14:33.990+0000] {dag.py:2981} INFO - Setting next_dagrun for example_branch_datetime_operator_2 to 2022-09-04T00:00:00+00:00, run_after=2022-09-05T00:00:00+00:00
[2022-09-05T09:14:36.678+0000] {processor.py:161} INFO - Processing /home/airflow/.local/lib/python3.7/site-packages/airflow/example_dags/example_branch_datetime_operator.py took 3.066 seconds
[2022-09-05T09:15:55.977+0000] {processor.py:153} INFO - Started process (PID=151) to work on /home/airflow/.local/lib/python3.7/site-packages/airflow/example_dags/example_branch_datetime_operator.py
[2022-09-05T09:15:55.979+0000] {processor.py:640} INFO - Processing file /home/airflow/.local/lib/python3.7/site-packages/airflow/example_dags/example_branch_datetime_operator.py for tasks to queue
[2022-09-05T09:15:55.985+0000] {logging_mixin.py:115} INFO - [2022-09-05T09:15:55.985+0000] {dagbag.py:508} INFO - Filling up the DagBag from /home/airflow/.local/lib/python3.7/site-packages/airflow/example_dags/example_branch_datetime_operator.py
[2022-09-05T09:15:56.366+0000] {processor.py:650} INFO - DAG(s) dict_keys(['example_branch_datetime_operator', 'example_branch_datetime_operator_2']) retrieved from /home/airflow/.local/lib/python3.7/site-packages/airflow/example_dags/example_branch_datetime_operator.py
[2022-09-05T09:15:56.857+0000] {logging_mixin.py:115} INFO - [2022-09-05T09:15:56.857+0000] {dag.py:2429} INFO - Sync 2 DAGs
[2022-09-05T09:15:57.272+0000] {logging_mixin.py:115} INFO - [2022-09-05T09:15:57.266+0000] {dag.py:2981} INFO - Setting next_dagrun for example_branch_datetime_operator to 2022-09-04T00:00:00+00:00, run_after=2022-09-05T00:00:00+00:00
[2022-09-05T09:15:57.279+0000] {logging_mixin.py:115} INFO - [2022-09-05T09:15:57.279+0000] {dag.py:2981} INFO - Setting next_dagrun for example_branch_datetime_operator_2 to 2022-09-04T00:00:00+00:00, run_after=2022-09-05T00:00:00+00:00
[2022-09-05T09:15:57.653+0000] {processor.py:161} INFO - Processing /home/airflow/.local/lib/python3.7/site-packages/airflow/example_dags/example_branch_datetime_operator.py took 1.726 seconds
[2022-09-05T09:23:09.370+0000] {processor.py:153} INFO - Started process (PID=78) to work on /home/airflow/.local/lib/python3.7/site-packages/airflow/example_dags/example_branch_datetime_operator.py
[2022-09-05T09:23:09.373+0000] {processor.py:640} INFO - Processing file /home/airflow/.local/lib/python3.7/site-packages/airflow/example_dags/example_branch_datetime_operator.py for tasks to queue
[2022-09-05T09:23:09.376+0000] {logging_mixin.py:115} INFO - [2022-09-05T09:23:09.375+0000] {dagbag.py:508} INFO - Filling up the DagBag from /home/airflow/.local/lib/python3.7/site-packages/airflow/example_dags/example_branch_datetime_operator.py
[2022-09-05T09:23:09.427+0000] {processor.py:650} INFO - DAG(s) dict_keys(['example_branch_datetime_operator', 'example_branch_datetime_operator_2']) retrieved from /home/airflow/.local/lib/python3.7/site-packages/airflow/example_dags/example_branch_datetime_operator.py
[2022-09-05T09:23:09.575+0000] {logging_mixin.py:115} INFO - [2022-09-05T09:23:09.575+0000] {dag.py:2429} INFO - Sync 2 DAGs
[2022-09-05T09:23:09.647+0000] {logging_mixin.py:115} INFO - [2022-09-05T09:23:09.646+0000] {dag.py:2981} INFO - Setting next_dagrun for example_branch_datetime_operator to 2022-09-04T00:00:00+00:00, run_after=2022-09-05T00:00:00+00:00
[2022-09-05T09:23:09.660+0000] {logging_mixin.py:115} INFO - [2022-09-05T09:23:09.660+0000] {dag.py:2981} INFO - Setting next_dagrun for example_branch_datetime_operator_2 to 2022-09-04T00:00:00+00:00, run_after=2022-09-05T00:00:00+00:00
[2022-09-05T09:23:10.013+0000] {processor.py:161} INFO - Processing /home/airflow/.local/lib/python3.7/site-packages/airflow/example_dags/example_branch_datetime_operator.py took 0.655 seconds
[2022-09-05T09:24:27.297+0000] {processor.py:153} INFO - Started process (PID=138) to work on /home/airflow/.local/lib/python3.7/site-packages/airflow/example_dags/example_branch_datetime_operator.py
[2022-09-05T09:24:27.336+0000] {processor.py:640} INFO - Processing file /home/airflow/.local/lib/python3.7/site-packages/airflow/example_dags/example_branch_datetime_operator.py for tasks to queue
[2022-09-05T09:24:27.367+0000] {logging_mixin.py:115} INFO - [2022-09-05T09:24:27.367+0000] {dagbag.py:508} INFO - Filling up the DagBag from /home/airflow/.local/lib/python3.7/site-packages/airflow/example_dags/example_branch_datetime_operator.py
[2022-09-05T09:24:27.884+0000] {processor.py:650} INFO - DAG(s) dict_keys(['example_branch_datetime_operator', 'example_branch_datetime_operator_2']) retrieved from /home/airflow/.local/lib/python3.7/site-packages/airflow/example_dags/example_branch_datetime_operator.py
[2022-09-05T09:24:28.648+0000] {logging_mixin.py:115} INFO - [2022-09-05T09:24:28.646+0000] {dag.py:2429} INFO - Sync 2 DAGs
[2022-09-05T09:24:29.426+0000] {logging_mixin.py:115} INFO - [2022-09-05T09:24:29.387+0000] {dag.py:2981} INFO - Setting next_dagrun for example_branch_datetime_operator to 2022-09-04T00:00:00+00:00, run_after=2022-09-05T00:00:00+00:00
[2022-09-05T09:24:29.466+0000] {logging_mixin.py:115} INFO - [2022-09-05T09:24:29.465+0000] {dag.py:2981} INFO - Setting next_dagrun for example_branch_datetime_operator_2 to 2022-09-04T00:00:00+00:00, run_after=2022-09-05T00:00:00+00:00
[2022-09-05T09:24:30.489+0000] {processor.py:161} INFO - Processing /home/airflow/.local/lib/python3.7/site-packages/airflow/example_dags/example_branch_datetime_operator.py took 3.437 seconds
