[2022-09-05T09:00:48.105+0000] {processor.py:153} INFO - Started process (PID=105) to work on /home/airflow/.local/lib/python3.7/site-packages/airflow/example_dags/example_branch_python_dop_operator_3.py
[2022-09-05T09:00:48.113+0000] {processor.py:640} INFO - Processing file /home/airflow/.local/lib/python3.7/site-packages/airflow/example_dags/example_branch_python_dop_operator_3.py for tasks to queue
[2022-09-05T09:00:48.115+0000] {logging_mixin.py:115} INFO - [2022-09-05T09:00:48.115+0000] {dagbag.py:508} INFO - Filling up the DagBag from /home/airflow/.local/lib/python3.7/site-packages/airflow/example_dags/example_branch_python_dop_operator_3.py
[2022-09-05T09:00:48.199+0000] {processor.py:650} INFO - DAG(s) dict_keys(['example_branch_dop_operator_v3']) retrieved from /home/airflow/.local/lib/python3.7/site-packages/airflow/example_dags/example_branch_python_dop_operator_3.py
[2022-09-05T09:00:49.500+0000] {logging_mixin.py:115} INFO - [2022-09-05T09:00:49.500+0000] {manager.py:508} INFO - Created Permission View: can read on DAG:example_branch_dop_operator_v3
[2022-09-05T09:00:49.624+0000] {logging_mixin.py:115} INFO - [2022-09-05T09:00:49.623+0000] {manager.py:508} INFO - Created Permission View: can edit on DAG:example_branch_dop_operator_v3
[2022-09-05T09:00:49.857+0000] {logging_mixin.py:115} INFO - [2022-09-05T09:00:49.857+0000] {manager.py:508} INFO - Created Permission View: can delete on DAG:example_branch_dop_operator_v3
[2022-09-05T09:00:49.858+0000] {logging_mixin.py:115} INFO - [2022-09-05T09:00:49.858+0000] {dag.py:2429} INFO - Sync 1 DAGs
[2022-09-05T09:00:49.874+0000] {logging_mixin.py:115} INFO - [2022-09-05T09:00:49.874+0000] {dag.py:2448} INFO - Creating ORM DAG for example_branch_dop_operator_v3
[2022-09-05T09:00:49.900+0000] {logging_mixin.py:115} INFO - [2022-09-05T09:00:49.899+0000] {dag.py:2981} INFO - Setting next_dagrun for example_branch_dop_operator_v3 to 2022-09-05T08:59:00+00:00, run_after=2022-09-05T09:00:00+00:00
[2022-09-05T09:00:50.177+0000] {processor.py:161} INFO - Processing /home/airflow/.local/lib/python3.7/site-packages/airflow/example_dags/example_branch_python_dop_operator_3.py took 2.098 seconds
[2022-09-05T09:01:21.182+0000] {processor.py:153} INFO - Started process (PID=159) to work on /home/airflow/.local/lib/python3.7/site-packages/airflow/example_dags/example_branch_python_dop_operator_3.py
[2022-09-05T09:01:21.186+0000] {processor.py:640} INFO - Processing file /home/airflow/.local/lib/python3.7/site-packages/airflow/example_dags/example_branch_python_dop_operator_3.py for tasks to queue
[2022-09-05T09:01:21.190+0000] {logging_mixin.py:115} INFO - [2022-09-05T09:01:21.189+0000] {dagbag.py:508} INFO - Filling up the DagBag from /home/airflow/.local/lib/python3.7/site-packages/airflow/example_dags/example_branch_python_dop_operator_3.py
[2022-09-05T09:01:21.231+0000] {processor.py:650} INFO - DAG(s) dict_keys(['example_branch_dop_operator_v3']) retrieved from /home/airflow/.local/lib/python3.7/site-packages/airflow/example_dags/example_branch_python_dop_operator_3.py
[2022-09-05T09:01:21.278+0000] {logging_mixin.py:115} INFO - [2022-09-05T09:01:21.278+0000] {dag.py:2429} INFO - Sync 1 DAGs
[2022-09-05T09:01:21.329+0000] {logging_mixin.py:115} INFO - [2022-09-05T09:01:21.328+0000] {dag.py:2981} INFO - Setting next_dagrun for example_branch_dop_operator_v3 to 2022-09-05T09:00:00+00:00, run_after=2022-09-05T09:01:00+00:00
[2022-09-05T09:01:21.481+0000] {processor.py:161} INFO - Processing /home/airflow/.local/lib/python3.7/site-packages/airflow/example_dags/example_branch_python_dop_operator_3.py took 0.305 seconds
[2022-09-05T09:02:24.738+0000] {processor.py:153} INFO - Started process (PID=225) to work on /home/airflow/.local/lib/python3.7/site-packages/airflow/example_dags/example_branch_python_dop_operator_3.py
[2022-09-05T09:02:24.743+0000] {processor.py:640} INFO - Processing file /home/airflow/.local/lib/python3.7/site-packages/airflow/example_dags/example_branch_python_dop_operator_3.py for tasks to queue
[2022-09-05T09:02:24.757+0000] {logging_mixin.py:115} INFO - [2022-09-05T09:02:24.751+0000] {dagbag.py:508} INFO - Filling up the DagBag from /home/airflow/.local/lib/python3.7/site-packages/airflow/example_dags/example_branch_python_dop_operator_3.py
[2022-09-05T09:02:24.801+0000] {processor.py:650} INFO - DAG(s) dict_keys(['example_branch_dop_operator_v3']) retrieved from /home/airflow/.local/lib/python3.7/site-packages/airflow/example_dags/example_branch_python_dop_operator_3.py
[2022-09-05T09:02:24.953+0000] {logging_mixin.py:115} INFO - [2022-09-05T09:02:24.953+0000] {dag.py:2429} INFO - Sync 1 DAGs
[2022-09-05T09:02:25.188+0000] {logging_mixin.py:115} INFO - [2022-09-05T09:02:25.187+0000] {dag.py:2981} INFO - Setting next_dagrun for example_branch_dop_operator_v3 to 2022-09-05T09:01:00+00:00, run_after=2022-09-05T09:02:00+00:00
[2022-09-05T09:02:25.396+0000] {processor.py:161} INFO - Processing /home/airflow/.local/lib/python3.7/site-packages/airflow/example_dags/example_branch_python_dop_operator_3.py took 0.675 seconds
[2022-09-05T09:03:39.111+0000] {processor.py:153} INFO - Started process (PID=298) to work on /home/airflow/.local/lib/python3.7/site-packages/airflow/example_dags/example_branch_python_dop_operator_3.py
[2022-09-05T09:03:39.126+0000] {processor.py:640} INFO - Processing file /home/airflow/.local/lib/python3.7/site-packages/airflow/example_dags/example_branch_python_dop_operator_3.py for tasks to queue
[2022-09-05T09:03:39.127+0000] {logging_mixin.py:115} INFO - [2022-09-05T09:03:39.127+0000] {dagbag.py:508} INFO - Filling up the DagBag from /home/airflow/.local/lib/python3.7/site-packages/airflow/example_dags/example_branch_python_dop_operator_3.py
[2022-09-05T09:03:39.186+0000] {processor.py:650} INFO - DAG(s) dict_keys(['example_branch_dop_operator_v3']) retrieved from /home/airflow/.local/lib/python3.7/site-packages/airflow/example_dags/example_branch_python_dop_operator_3.py
[2022-09-05T09:03:39.259+0000] {logging_mixin.py:115} INFO - [2022-09-05T09:03:39.259+0000] {dag.py:2429} INFO - Sync 1 DAGs
[2022-09-05T09:03:39.374+0000] {logging_mixin.py:115} INFO - [2022-09-05T09:03:39.374+0000] {dag.py:2981} INFO - Setting next_dagrun for example_branch_dop_operator_v3 to 2022-09-05T09:02:00+00:00, run_after=2022-09-05T09:03:00+00:00
[2022-09-05T09:03:39.448+0000] {processor.py:161} INFO - Processing /home/airflow/.local/lib/python3.7/site-packages/airflow/example_dags/example_branch_python_dop_operator_3.py took 0.350 seconds
[2022-09-05T09:06:24.040+0000] {processor.py:153} INFO - Started process (PID=379) to work on /home/airflow/.local/lib/python3.7/site-packages/airflow/example_dags/example_branch_python_dop_operator_3.py
[2022-09-05T09:06:24.043+0000] {processor.py:640} INFO - Processing file /home/airflow/.local/lib/python3.7/site-packages/airflow/example_dags/example_branch_python_dop_operator_3.py for tasks to queue
[2022-09-05T09:06:24.056+0000] {logging_mixin.py:115} INFO - [2022-09-05T09:06:24.055+0000] {dagbag.py:508} INFO - Filling up the DagBag from /home/airflow/.local/lib/python3.7/site-packages/airflow/example_dags/example_branch_python_dop_operator_3.py
[2022-09-05T09:06:24.133+0000] {processor.py:650} INFO - DAG(s) dict_keys(['example_branch_dop_operator_v3']) retrieved from /home/airflow/.local/lib/python3.7/site-packages/airflow/example_dags/example_branch_python_dop_operator_3.py
[2022-09-05T09:06:24.337+0000] {logging_mixin.py:115} INFO - [2022-09-05T09:06:24.336+0000] {dag.py:2429} INFO - Sync 1 DAGs
[2022-09-05T09:06:24.581+0000] {logging_mixin.py:115} INFO - [2022-09-05T09:06:24.581+0000] {dag.py:2981} INFO - Setting next_dagrun for example_branch_dop_operator_v3 to 2022-09-05T09:05:00+00:00, run_after=2022-09-05T09:06:00+00:00
[2022-09-05T09:06:24.767+0000] {processor.py:161} INFO - Processing /home/airflow/.local/lib/python3.7/site-packages/airflow/example_dags/example_branch_python_dop_operator_3.py took 0.752 seconds
[2022-09-05T09:15:15.954+0000] {processor.py:153} INFO - Started process (PID=121) to work on /home/airflow/.local/lib/python3.7/site-packages/airflow/example_dags/example_branch_python_dop_operator_3.py
[2022-09-05T09:15:15.959+0000] {processor.py:640} INFO - Processing file /home/airflow/.local/lib/python3.7/site-packages/airflow/example_dags/example_branch_python_dop_operator_3.py for tasks to queue
[2022-09-05T09:15:15.965+0000] {logging_mixin.py:115} INFO - [2022-09-05T09:15:15.965+0000] {dagbag.py:508} INFO - Filling up the DagBag from /home/airflow/.local/lib/python3.7/site-packages/airflow/example_dags/example_branch_python_dop_operator_3.py
[2022-09-05T09:15:16.070+0000] {processor.py:650} INFO - DAG(s) dict_keys(['example_branch_dop_operator_v3']) retrieved from /home/airflow/.local/lib/python3.7/site-packages/airflow/example_dags/example_branch_python_dop_operator_3.py
[2022-09-05T09:15:16.308+0000] {logging_mixin.py:115} INFO - [2022-09-05T09:15:16.308+0000] {dag.py:2429} INFO - Sync 1 DAGs
[2022-09-05T09:15:16.490+0000] {logging_mixin.py:115} INFO - [2022-09-05T09:15:16.489+0000] {dag.py:2981} INFO - Setting next_dagrun for example_branch_dop_operator_v3 to 2022-09-05T09:14:00+00:00, run_after=2022-09-05T09:15:00+00:00
[2022-09-05T09:15:16.629+0000] {processor.py:161} INFO - Processing /home/airflow/.local/lib/python3.7/site-packages/airflow/example_dags/example_branch_python_dop_operator_3.py took 0.709 seconds
[2022-09-05T09:23:44.582+0000] {processor.py:153} INFO - Started process (PID=107) to work on /home/airflow/.local/lib/python3.7/site-packages/airflow/example_dags/example_branch_python_dop_operator_3.py
[2022-09-05T09:23:44.587+0000] {processor.py:640} INFO - Processing file /home/airflow/.local/lib/python3.7/site-packages/airflow/example_dags/example_branch_python_dop_operator_3.py for tasks to queue
[2022-09-05T09:23:44.595+0000] {logging_mixin.py:115} INFO - [2022-09-05T09:23:44.593+0000] {dagbag.py:508} INFO - Filling up the DagBag from /home/airflow/.local/lib/python3.7/site-packages/airflow/example_dags/example_branch_python_dop_operator_3.py
[2022-09-05T09:23:44.687+0000] {processor.py:650} INFO - DAG(s) dict_keys(['example_branch_dop_operator_v3']) retrieved from /home/airflow/.local/lib/python3.7/site-packages/airflow/example_dags/example_branch_python_dop_operator_3.py
[2022-09-05T09:23:44.972+0000] {logging_mixin.py:115} INFO - [2022-09-05T09:23:44.972+0000] {dag.py:2429} INFO - Sync 1 DAGs
[2022-09-05T09:23:45.139+0000] {logging_mixin.py:115} INFO - [2022-09-05T09:23:45.138+0000] {dag.py:2981} INFO - Setting next_dagrun for example_branch_dop_operator_v3 to 2022-09-05T09:22:00+00:00, run_after=2022-09-05T09:23:00+00:00
[2022-09-05T09:23:45.280+0000] {processor.py:161} INFO - Processing /home/airflow/.local/lib/python3.7/site-packages/airflow/example_dags/example_branch_python_dop_operator_3.py took 0.716 seconds
