[2022-09-05T09:00:32.108+0000] {processor.py:153} INFO - Started process (PID=83) to work on /home/airflow/.local/lib/python3.7/site-packages/airflow/example_dags/example_kubernetes_executor.py
[2022-09-05T09:00:32.110+0000] {processor.py:640} INFO - Processing file /home/airflow/.local/lib/python3.7/site-packages/airflow/example_dags/example_kubernetes_executor.py for tasks to queue
[2022-09-05T09:00:32.111+0000] {logging_mixin.py:115} INFO - [2022-09-05T09:00:32.111+0000] {dagbag.py:508} INFO - Filling up the DagBag from /home/airflow/.local/lib/python3.7/site-packages/airflow/example_dags/example_kubernetes_executor.py
[2022-09-05T09:00:32.260+0000] {processor.py:650} INFO - DAG(s) dict_keys(['example_kubernetes_executor']) retrieved from /home/airflow/.local/lib/python3.7/site-packages/airflow/example_dags/example_kubernetes_executor.py
[2022-09-05T09:00:33.554+0000] {logging_mixin.py:115} INFO - [2022-09-05T09:00:33.554+0000] {manager.py:508} INFO - Created Permission View: can read on DAG:example_kubernetes_executor
[2022-09-05T09:00:33.937+0000] {logging_mixin.py:115} INFO - [2022-09-05T09:00:33.936+0000] {manager.py:508} INFO - Created Permission View: can edit on DAG:example_kubernetes_executor
[2022-09-05T09:00:34.280+0000] {logging_mixin.py:115} INFO - [2022-09-05T09:00:34.280+0000] {manager.py:508} INFO - Created Permission View: can delete on DAG:example_kubernetes_executor
[2022-09-05T09:00:34.282+0000] {logging_mixin.py:115} INFO - [2022-09-05T09:00:34.281+0000] {dag.py:2429} INFO - Sync 1 DAGs
[2022-09-05T09:00:34.319+0000] {logging_mixin.py:115} INFO - [2022-09-05T09:00:34.319+0000] {dag.py:2448} INFO - Creating ORM DAG for example_kubernetes_executor
[2022-09-05T09:00:34.355+0000] {logging_mixin.py:115} INFO - [2022-09-05T09:00:34.355+0000] {dag.py:2981} INFO - Setting next_dagrun for example_kubernetes_executor to None, run_after=None
[2022-09-05T09:00:34.476+0000] {processor.py:161} INFO - Processing /home/airflow/.local/lib/python3.7/site-packages/airflow/example_dags/example_kubernetes_executor.py took 2.374 seconds
[2022-09-05T09:01:04.851+0000] {processor.py:153} INFO - Started process (PID=135) to work on /home/airflow/.local/lib/python3.7/site-packages/airflow/example_dags/example_kubernetes_executor.py
[2022-09-05T09:01:04.853+0000] {processor.py:640} INFO - Processing file /home/airflow/.local/lib/python3.7/site-packages/airflow/example_dags/example_kubernetes_executor.py for tasks to queue
[2022-09-05T09:01:04.854+0000] {logging_mixin.py:115} INFO - [2022-09-05T09:01:04.854+0000] {dagbag.py:508} INFO - Filling up the DagBag from /home/airflow/.local/lib/python3.7/site-packages/airflow/example_dags/example_kubernetes_executor.py
[2022-09-05T09:01:04.904+0000] {processor.py:650} INFO - DAG(s) dict_keys(['example_kubernetes_executor']) retrieved from /home/airflow/.local/lib/python3.7/site-packages/airflow/example_dags/example_kubernetes_executor.py
[2022-09-05T09:01:04.960+0000] {logging_mixin.py:115} INFO - [2022-09-05T09:01:04.959+0000] {dag.py:2429} INFO - Sync 1 DAGs
[2022-09-05T09:01:04.998+0000] {logging_mixin.py:115} INFO - [2022-09-05T09:01:04.997+0000] {dag.py:2981} INFO - Setting next_dagrun for example_kubernetes_executor to None, run_after=None
[2022-09-05T09:01:05.103+0000] {processor.py:161} INFO - Processing /home/airflow/.local/lib/python3.7/site-packages/airflow/example_dags/example_kubernetes_executor.py took 0.258 seconds
[2022-09-05T09:01:43.177+0000] {processor.py:153} INFO - Started process (PID=186) to work on /home/airflow/.local/lib/python3.7/site-packages/airflow/example_dags/example_kubernetes_executor.py
[2022-09-05T09:01:43.185+0000] {processor.py:640} INFO - Processing file /home/airflow/.local/lib/python3.7/site-packages/airflow/example_dags/example_kubernetes_executor.py for tasks to queue
[2022-09-05T09:01:43.190+0000] {logging_mixin.py:115} INFO - [2022-09-05T09:01:43.190+0000] {dagbag.py:508} INFO - Filling up the DagBag from /home/airflow/.local/lib/python3.7/site-packages/airflow/example_dags/example_kubernetes_executor.py
[2022-09-05T09:01:51.821+0000] {processor.py:650} INFO - DAG(s) dict_keys(['example_kubernetes_executor']) retrieved from /home/airflow/.local/lib/python3.7/site-packages/airflow/example_dags/example_kubernetes_executor.py
[2022-09-05T09:02:03.094+0000] {logging_mixin.py:115} INFO - [2022-09-05T09:02:03.088+0000] {dag.py:2429} INFO - Sync 1 DAGs
[2022-09-05T09:02:04.329+0000] {logging_mixin.py:115} INFO - [2022-09-05T09:02:04.316+0000] {dag.py:2981} INFO - Setting next_dagrun for example_kubernetes_executor to None, run_after=None
[2022-09-05T09:02:15.889+0000] {processor.py:161} INFO - Processing /home/airflow/.local/lib/python3.7/site-packages/airflow/example_dags/example_kubernetes_executor.py took 32.762 seconds
[2022-09-05T09:02:46.539+0000] {processor.py:153} INFO - Started process (PID=247) to work on /home/airflow/.local/lib/python3.7/site-packages/airflow/example_dags/example_kubernetes_executor.py
[2022-09-05T09:02:46.542+0000] {processor.py:640} INFO - Processing file /home/airflow/.local/lib/python3.7/site-packages/airflow/example_dags/example_kubernetes_executor.py for tasks to queue
[2022-09-05T09:02:46.546+0000] {logging_mixin.py:115} INFO - [2022-09-05T09:02:46.546+0000] {dagbag.py:508} INFO - Filling up the DagBag from /home/airflow/.local/lib/python3.7/site-packages/airflow/example_dags/example_kubernetes_executor.py
[2022-09-05T09:02:46.766+0000] {processor.py:650} INFO - DAG(s) dict_keys(['example_kubernetes_executor']) retrieved from /home/airflow/.local/lib/python3.7/site-packages/airflow/example_dags/example_kubernetes_executor.py
[2022-09-05T09:02:46.917+0000] {logging_mixin.py:115} INFO - [2022-09-05T09:02:46.916+0000] {dag.py:2429} INFO - Sync 1 DAGs
[2022-09-05T09:02:47.362+0000] {logging_mixin.py:115} INFO - [2022-09-05T09:02:47.362+0000] {dag.py:2981} INFO - Setting next_dagrun for example_kubernetes_executor to None, run_after=None
[2022-09-05T09:02:47.529+0000] {processor.py:161} INFO - Processing /home/airflow/.local/lib/python3.7/site-packages/airflow/example_dags/example_kubernetes_executor.py took 1.004 seconds
[2022-09-05T09:03:36.813+0000] {processor.py:153} INFO - Started process (PID=289) to work on /home/airflow/.local/lib/python3.7/site-packages/airflow/example_dags/example_kubernetes_executor.py
[2022-09-05T09:03:36.815+0000] {processor.py:640} INFO - Processing file /home/airflow/.local/lib/python3.7/site-packages/airflow/example_dags/example_kubernetes_executor.py for tasks to queue
[2022-09-05T09:03:36.817+0000] {logging_mixin.py:115} INFO - [2022-09-05T09:03:36.817+0000] {dagbag.py:508} INFO - Filling up the DagBag from /home/airflow/.local/lib/python3.7/site-packages/airflow/example_dags/example_kubernetes_executor.py
[2022-09-05T09:03:36.951+0000] {processor.py:650} INFO - DAG(s) dict_keys(['example_kubernetes_executor']) retrieved from /home/airflow/.local/lib/python3.7/site-packages/airflow/example_dags/example_kubernetes_executor.py
[2022-09-05T09:03:37.126+0000] {logging_mixin.py:115} INFO - [2022-09-05T09:03:37.126+0000] {dag.py:2429} INFO - Sync 1 DAGs
[2022-09-05T09:03:37.208+0000] {logging_mixin.py:115} INFO - [2022-09-05T09:03:37.207+0000] {dag.py:2981} INFO - Setting next_dagrun for example_kubernetes_executor to None, run_after=None
[2022-09-05T09:03:37.335+0000] {processor.py:161} INFO - Processing /home/airflow/.local/lib/python3.7/site-packages/airflow/example_dags/example_kubernetes_executor.py took 0.531 seconds
[2022-09-05T09:06:18.244+0000] {processor.py:153} INFO - Started process (PID=368) to work on /home/airflow/.local/lib/python3.7/site-packages/airflow/example_dags/example_kubernetes_executor.py
[2022-09-05T09:06:18.263+0000] {processor.py:640} INFO - Processing file /home/airflow/.local/lib/python3.7/site-packages/airflow/example_dags/example_kubernetes_executor.py for tasks to queue
[2022-09-05T09:06:18.276+0000] {logging_mixin.py:115} INFO - [2022-09-05T09:06:18.275+0000] {dagbag.py:508} INFO - Filling up the DagBag from /home/airflow/.local/lib/python3.7/site-packages/airflow/example_dags/example_kubernetes_executor.py
[2022-09-05T09:06:18.071+0000] {processor.py:650} INFO - DAG(s) dict_keys(['example_kubernetes_executor']) retrieved from /home/airflow/.local/lib/python3.7/site-packages/airflow/example_dags/example_kubernetes_executor.py
[2022-09-05T09:06:18.250+0000] {logging_mixin.py:115} INFO - [2022-09-05T09:06:18.247+0000] {dag.py:2429} INFO - Sync 1 DAGs
[2022-09-05T09:06:18.438+0000] {logging_mixin.py:115} INFO - [2022-09-05T09:06:18.438+0000] {dag.py:2981} INFO - Setting next_dagrun for example_kubernetes_executor to None, run_after=None
[2022-09-05T09:06:18.805+0000] {processor.py:161} INFO - Processing /home/airflow/.local/lib/python3.7/site-packages/airflow/example_dags/example_kubernetes_executor.py took 1.237 seconds
[2022-09-05T09:07:22.270+0000] {processor.py:153} INFO - Started process (PID=426) to work on /home/airflow/.local/lib/python3.7/site-packages/airflow/example_dags/example_kubernetes_executor.py
[2022-09-05T09:07:22.413+0000] {processor.py:640} INFO - Processing file /home/airflow/.local/lib/python3.7/site-packages/airflow/example_dags/example_kubernetes_executor.py for tasks to queue
[2022-09-05T09:07:22.591+0000] {logging_mixin.py:115} INFO - [2022-09-05T09:07:22.553+0000] {dagbag.py:508} INFO - Filling up the DagBag from /home/airflow/.local/lib/python3.7/site-packages/airflow/example_dags/example_kubernetes_executor.py
[2022-09-05T09:07:29.368+0000] {processor.py:650} INFO - DAG(s) dict_keys(['example_kubernetes_executor']) retrieved from /home/airflow/.local/lib/python3.7/site-packages/airflow/example_dags/example_kubernetes_executor.py
[2022-09-05T09:07:42.184+0000] {logging_mixin.py:115} INFO - [2022-09-05T09:07:42.184+0000] {dag.py:2429} INFO - Sync 1 DAGs
[2022-09-05T09:07:43.483+0000] {logging_mixin.py:115} INFO - [2022-09-05T09:07:43.472+0000] {dag.py:2981} INFO - Setting next_dagrun for example_kubernetes_executor to None, run_after=None
[2022-09-05T09:07:44.427+0000] {processor.py:161} INFO - Processing /home/airflow/.local/lib/python3.7/site-packages/airflow/example_dags/example_kubernetes_executor.py took 22.363 seconds
[2022-09-05T09:14:40.745+0000] {processor.py:153} INFO - Started process (PID=90) to work on /home/airflow/.local/lib/python3.7/site-packages/airflow/example_dags/example_kubernetes_executor.py
[2022-09-05T09:14:40.752+0000] {processor.py:640} INFO - Processing file /home/airflow/.local/lib/python3.7/site-packages/airflow/example_dags/example_kubernetes_executor.py for tasks to queue
[2022-09-05T09:14:40.756+0000] {logging_mixin.py:115} INFO - [2022-09-05T09:14:40.756+0000] {dagbag.py:508} INFO - Filling up the DagBag from /home/airflow/.local/lib/python3.7/site-packages/airflow/example_dags/example_kubernetes_executor.py
[2022-09-05T09:14:40.994+0000] {processor.py:650} INFO - DAG(s) dict_keys(['example_kubernetes_executor']) retrieved from /home/airflow/.local/lib/python3.7/site-packages/airflow/example_dags/example_kubernetes_executor.py
[2022-09-05T09:14:41.123+0000] {logging_mixin.py:115} INFO - [2022-09-05T09:14:41.123+0000] {dag.py:2429} INFO - Sync 1 DAGs
[2022-09-05T09:14:42.030+0000] {logging_mixin.py:115} INFO - [2022-09-05T09:14:42.023+0000] {dag.py:2981} INFO - Setting next_dagrun for example_kubernetes_executor to None, run_after=None
[2022-09-05T09:14:44.604+0000] {processor.py:161} INFO - Processing /home/airflow/.local/lib/python3.7/site-packages/airflow/example_dags/example_kubernetes_executor.py took 3.883 seconds
[2022-09-05T09:16:32.087+0000] {processor.py:153} INFO - Started process (PID=168) to work on /home/airflow/.local/lib/python3.7/site-packages/airflow/example_dags/example_kubernetes_executor.py
[2022-09-05T09:16:32.098+0000] {processor.py:640} INFO - Processing file /home/airflow/.local/lib/python3.7/site-packages/airflow/example_dags/example_kubernetes_executor.py for tasks to queue
[2022-09-05T09:16:32.106+0000] {logging_mixin.py:115} INFO - [2022-09-05T09:16:32.106+0000] {dagbag.py:508} INFO - Filling up the DagBag from /home/airflow/.local/lib/python3.7/site-packages/airflow/example_dags/example_kubernetes_executor.py
[2022-09-05T09:16:32.694+0000] {processor.py:650} INFO - DAG(s) dict_keys(['example_kubernetes_executor']) retrieved from /home/airflow/.local/lib/python3.7/site-packages/airflow/example_dags/example_kubernetes_executor.py
[2022-09-05T09:16:33.349+0000] {logging_mixin.py:115} INFO - [2022-09-05T09:16:33.344+0000] {dag.py:2429} INFO - Sync 1 DAGs
[2022-09-05T09:16:57.445+0000] {logging_mixin.py:115} INFO - [2022-09-05T09:16:57.394+0000] {dag.py:2981} INFO - Setting next_dagrun for example_kubernetes_executor to None, run_after=None
[2022-09-05T09:17:05.643+0000] {processor.py:161} INFO - Processing /home/airflow/.local/lib/python3.7/site-packages/airflow/example_dags/example_kubernetes_executor.py took 33.766 seconds
[2022-09-05T09:23:17.972+0000] {processor.py:153} INFO - Started process (PID=85) to work on /home/airflow/.local/lib/python3.7/site-packages/airflow/example_dags/example_kubernetes_executor.py
[2022-09-05T09:23:17.983+0000] {processor.py:640} INFO - Processing file /home/airflow/.local/lib/python3.7/site-packages/airflow/example_dags/example_kubernetes_executor.py for tasks to queue
[2022-09-05T09:23:17.988+0000] {logging_mixin.py:115} INFO - [2022-09-05T09:23:17.987+0000] {dagbag.py:508} INFO - Filling up the DagBag from /home/airflow/.local/lib/python3.7/site-packages/airflow/example_dags/example_kubernetes_executor.py
[2022-09-05T09:23:18.414+0000] {processor.py:650} INFO - DAG(s) dict_keys(['example_kubernetes_executor']) retrieved from /home/airflow/.local/lib/python3.7/site-packages/airflow/example_dags/example_kubernetes_executor.py
[2022-09-05T09:23:18.785+0000] {logging_mixin.py:115} INFO - [2022-09-05T09:23:18.772+0000] {dag.py:2429} INFO - Sync 1 DAGs
[2022-09-05T09:23:25.180+0000] {logging_mixin.py:115} INFO - [2022-09-05T09:23:25.167+0000] {dag.py:2981} INFO - Setting next_dagrun for example_kubernetes_executor to None, run_after=None
[2022-09-05T09:23:26.375+0000] {processor.py:161} INFO - Processing /home/airflow/.local/lib/python3.7/site-packages/airflow/example_dags/example_kubernetes_executor.py took 8.444 seconds
[2022-09-05T09:26:31.566+0000] {processor.py:153} INFO - Started process (PID=204) to work on /home/airflow/.local/lib/python3.7/site-packages/airflow/example_dags/example_kubernetes_executor.py
[2022-09-05T09:26:31.585+0000] {processor.py:640} INFO - Processing file /home/airflow/.local/lib/python3.7/site-packages/airflow/example_dags/example_kubernetes_executor.py for tasks to queue
[2022-09-05T09:26:31.599+0000] {logging_mixin.py:115} INFO - [2022-09-05T09:26:31.599+0000] {dagbag.py:508} INFO - Filling up the DagBag from /home/airflow/.local/lib/python3.7/site-packages/airflow/example_dags/example_kubernetes_executor.py
[2022-09-05T09:26:32.568+0000] {processor.py:650} INFO - DAG(s) dict_keys(['example_kubernetes_executor']) retrieved from /home/airflow/.local/lib/python3.7/site-packages/airflow/example_dags/example_kubernetes_executor.py
[2022-09-05T09:26:34.335+0000] {logging_mixin.py:115} INFO - [2022-09-05T09:26:34.335+0000] {dag.py:2429} INFO - Sync 1 DAGs
[2022-09-05T09:26:43.572+0000] {logging_mixin.py:115} INFO - [2022-09-05T09:26:43.561+0000] {dag.py:2981} INFO - Setting next_dagrun for example_kubernetes_executor to None, run_after=None
[2022-09-05T09:26:44.087+0000] {processor.py:161} INFO - Processing /home/airflow/.local/lib/python3.7/site-packages/airflow/example_dags/example_kubernetes_executor.py took 12.637 seconds
