[2022-09-05T09:00:42.796+0000] {processor.py:153} INFO - Started process (PID=91) to work on /home/airflow/.local/lib/python3.7/site-packages/airflow/example_dags/example_skip_dag.py
[2022-09-05T09:00:42.798+0000] {processor.py:640} INFO - Processing file /home/airflow/.local/lib/python3.7/site-packages/airflow/example_dags/example_skip_dag.py for tasks to queue
[2022-09-05T09:00:42.799+0000] {logging_mixin.py:115} INFO - [2022-09-05T09:00:42.799+0000] {dagbag.py:508} INFO - Filling up the DagBag from /home/airflow/.local/lib/python3.7/site-packages/airflow/example_dags/example_skip_dag.py
[2022-09-05T09:00:42.810+0000] {processor.py:650} INFO - DAG(s) dict_keys(['example_skip_dag']) retrieved from /home/airflow/.local/lib/python3.7/site-packages/airflow/example_dags/example_skip_dag.py
[2022-09-05T09:00:43.630+0000] {logging_mixin.py:115} INFO - [2022-09-05T09:00:43.630+0000] {manager.py:508} INFO - Created Permission View: can read on DAG:example_skip_dag
[2022-09-05T09:00:43.885+0000] {logging_mixin.py:115} INFO - [2022-09-05T09:00:43.884+0000] {manager.py:508} INFO - Created Permission View: can edit on DAG:example_skip_dag
[2022-09-05T09:00:44.172+0000] {logging_mixin.py:115} INFO - [2022-09-05T09:00:44.171+0000] {manager.py:508} INFO - Created Permission View: can delete on DAG:example_skip_dag
[2022-09-05T09:00:44.302+0000] {logging_mixin.py:115} INFO - [2022-09-05T09:00:44.301+0000] {dag.py:2429} INFO - Sync 1 DAGs
[2022-09-05T09:00:44.332+0000] {logging_mixin.py:115} INFO - [2022-09-05T09:00:44.332+0000] {dag.py:2448} INFO - Creating ORM DAG for example_skip_dag
[2022-09-05T09:00:44.358+0000] {logging_mixin.py:115} INFO - [2022-09-05T09:00:44.357+0000] {dag.py:2981} INFO - Setting next_dagrun for example_skip_dag to 2022-09-04T09:00:44.357520+00:00, run_after=2022-09-05T09:00:44.357520+00:00
[2022-09-05T09:00:44.655+0000] {processor.py:161} INFO - Processing /home/airflow/.local/lib/python3.7/site-packages/airflow/example_dags/example_skip_dag.py took 1.865 seconds
[2022-09-05T09:01:14.739+0000] {processor.py:153} INFO - Started process (PID=143) to work on /home/airflow/.local/lib/python3.7/site-packages/airflow/example_dags/example_skip_dag.py
[2022-09-05T09:01:14.744+0000] {processor.py:640} INFO - Processing file /home/airflow/.local/lib/python3.7/site-packages/airflow/example_dags/example_skip_dag.py for tasks to queue
[2022-09-05T09:01:14.745+0000] {logging_mixin.py:115} INFO - [2022-09-05T09:01:14.745+0000] {dagbag.py:508} INFO - Filling up the DagBag from /home/airflow/.local/lib/python3.7/site-packages/airflow/example_dags/example_skip_dag.py
[2022-09-05T09:01:14.765+0000] {processor.py:650} INFO - DAG(s) dict_keys(['example_skip_dag']) retrieved from /home/airflow/.local/lib/python3.7/site-packages/airflow/example_dags/example_skip_dag.py
[2022-09-05T09:01:14.872+0000] {logging_mixin.py:115} INFO - [2022-09-05T09:01:14.871+0000] {dag.py:2429} INFO - Sync 1 DAGs
[2022-09-05T09:01:14.949+0000] {logging_mixin.py:115} INFO - [2022-09-05T09:01:14.949+0000] {dag.py:2981} INFO - Setting next_dagrun for example_skip_dag to 2022-09-04T09:01:14.948673+00:00, run_after=2022-09-05T09:01:14.948673+00:00
[2022-09-05T09:01:15.044+0000] {processor.py:161} INFO - Processing /home/airflow/.local/lib/python3.7/site-packages/airflow/example_dags/example_skip_dag.py took 0.319 seconds
[2022-09-05T09:02:23.507+0000] {processor.py:153} INFO - Started process (PID=220) to work on /home/airflow/.local/lib/python3.7/site-packages/airflow/example_dags/example_skip_dag.py
[2022-09-05T09:02:23.510+0000] {processor.py:640} INFO - Processing file /home/airflow/.local/lib/python3.7/site-packages/airflow/example_dags/example_skip_dag.py for tasks to queue
[2022-09-05T09:02:23.511+0000] {logging_mixin.py:115} INFO - [2022-09-05T09:02:23.511+0000] {dagbag.py:508} INFO - Filling up the DagBag from /home/airflow/.local/lib/python3.7/site-packages/airflow/example_dags/example_skip_dag.py
[2022-09-05T09:02:23.527+0000] {processor.py:650} INFO - DAG(s) dict_keys(['example_skip_dag']) retrieved from /home/airflow/.local/lib/python3.7/site-packages/airflow/example_dags/example_skip_dag.py
[2022-09-05T09:02:23.607+0000] {logging_mixin.py:115} INFO - [2022-09-05T09:02:23.607+0000] {dag.py:2429} INFO - Sync 1 DAGs
[2022-09-05T09:02:23.669+0000] {logging_mixin.py:115} INFO - [2022-09-05T09:02:23.669+0000] {dag.py:2981} INFO - Setting next_dagrun for example_skip_dag to 2022-09-04T09:02:23.668296+00:00, run_after=2022-09-05T09:02:23.668296+00:00
[2022-09-05T09:02:23.800+0000] {processor.py:161} INFO - Processing /home/airflow/.local/lib/python3.7/site-packages/airflow/example_dags/example_skip_dag.py took 0.302 seconds
[2022-09-05T09:03:38.043+0000] {processor.py:153} INFO - Started process (PID=293) to work on /home/airflow/.local/lib/python3.7/site-packages/airflow/example_dags/example_skip_dag.py
[2022-09-05T09:03:38.045+0000] {processor.py:640} INFO - Processing file /home/airflow/.local/lib/python3.7/site-packages/airflow/example_dags/example_skip_dag.py for tasks to queue
[2022-09-05T09:03:38.053+0000] {logging_mixin.py:115} INFO - [2022-09-05T09:03:38.053+0000] {dagbag.py:508} INFO - Filling up the DagBag from /home/airflow/.local/lib/python3.7/site-packages/airflow/example_dags/example_skip_dag.py
[2022-09-05T09:03:38.086+0000] {processor.py:650} INFO - DAG(s) dict_keys(['example_skip_dag']) retrieved from /home/airflow/.local/lib/python3.7/site-packages/airflow/example_dags/example_skip_dag.py
[2022-09-05T09:03:38.188+0000] {logging_mixin.py:115} INFO - [2022-09-05T09:03:38.188+0000] {dag.py:2429} INFO - Sync 1 DAGs
[2022-09-05T09:03:38.270+0000] {logging_mixin.py:115} INFO - [2022-09-05T09:03:38.269+0000] {dag.py:2981} INFO - Setting next_dagrun for example_skip_dag to 2022-09-04T09:03:38.269423+00:00, run_after=2022-09-05T09:03:38.269423+00:00
[2022-09-05T09:03:38.316+0000] {processor.py:161} INFO - Processing /home/airflow/.local/lib/python3.7/site-packages/airflow/example_dags/example_skip_dag.py took 0.318 seconds
[2022-09-05T09:06:22.050+0000] {processor.py:153} INFO - Started process (PID=374) to work on /home/airflow/.local/lib/python3.7/site-packages/airflow/example_dags/example_skip_dag.py
[2022-09-05T09:06:22.062+0000] {processor.py:640} INFO - Processing file /home/airflow/.local/lib/python3.7/site-packages/airflow/example_dags/example_skip_dag.py for tasks to queue
[2022-09-05T09:06:22.063+0000] {logging_mixin.py:115} INFO - [2022-09-05T09:06:22.063+0000] {dagbag.py:508} INFO - Filling up the DagBag from /home/airflow/.local/lib/python3.7/site-packages/airflow/example_dags/example_skip_dag.py
[2022-09-05T09:06:22.117+0000] {processor.py:650} INFO - DAG(s) dict_keys(['example_skip_dag']) retrieved from /home/airflow/.local/lib/python3.7/site-packages/airflow/example_dags/example_skip_dag.py
[2022-09-05T09:06:22.389+0000] {logging_mixin.py:115} INFO - [2022-09-05T09:06:22.386+0000] {dag.py:2429} INFO - Sync 1 DAGs
[2022-09-05T09:06:22.558+0000] {logging_mixin.py:115} INFO - [2022-09-05T09:06:22.558+0000] {dag.py:2981} INFO - Setting next_dagrun for example_skip_dag to 2022-09-04T09:06:22.552805+00:00, run_after=2022-09-05T09:06:22.552805+00:00
[2022-09-05T09:06:22.634+0000] {processor.py:161} INFO - Processing /home/airflow/.local/lib/python3.7/site-packages/airflow/example_dags/example_skip_dag.py took 0.611 seconds
[2022-09-05T09:15:01.913+0000] {processor.py:153} INFO - Started process (PID=107) to work on /home/airflow/.local/lib/python3.7/site-packages/airflow/example_dags/example_skip_dag.py
[2022-09-05T09:15:01.915+0000] {processor.py:640} INFO - Processing file /home/airflow/.local/lib/python3.7/site-packages/airflow/example_dags/example_skip_dag.py for tasks to queue
[2022-09-05T09:15:01.920+0000] {logging_mixin.py:115} INFO - [2022-09-05T09:15:01.920+0000] {dagbag.py:508} INFO - Filling up the DagBag from /home/airflow/.local/lib/python3.7/site-packages/airflow/example_dags/example_skip_dag.py
[2022-09-05T09:15:01.970+0000] {processor.py:650} INFO - DAG(s) dict_keys(['example_skip_dag']) retrieved from /home/airflow/.local/lib/python3.7/site-packages/airflow/example_dags/example_skip_dag.py
[2022-09-05T09:15:02.282+0000] {logging_mixin.py:115} INFO - [2022-09-05T09:15:02.282+0000] {dag.py:2429} INFO - Sync 1 DAGs
[2022-09-05T09:15:02.558+0000] {logging_mixin.py:115} INFO - [2022-09-05T09:15:02.558+0000] {dag.py:2981} INFO - Setting next_dagrun for example_skip_dag to 2022-09-04T09:15:02.557871+00:00, run_after=2022-09-05T09:15:02.557871+00:00
[2022-09-05T09:15:02.717+0000] {processor.py:161} INFO - Processing /home/airflow/.local/lib/python3.7/site-packages/airflow/example_dags/example_skip_dag.py took 0.832 seconds
[2022-09-05T09:23:40.384+0000] {processor.py:153} INFO - Started process (PID=102) to work on /home/airflow/.local/lib/python3.7/site-packages/airflow/example_dags/example_skip_dag.py
[2022-09-05T09:23:40.389+0000] {processor.py:640} INFO - Processing file /home/airflow/.local/lib/python3.7/site-packages/airflow/example_dags/example_skip_dag.py for tasks to queue
[2022-09-05T09:23:40.392+0000] {logging_mixin.py:115} INFO - [2022-09-05T09:23:40.391+0000] {dagbag.py:508} INFO - Filling up the DagBag from /home/airflow/.local/lib/python3.7/site-packages/airflow/example_dags/example_skip_dag.py
[2022-09-05T09:23:40.498+0000] {processor.py:650} INFO - DAG(s) dict_keys(['example_skip_dag']) retrieved from /home/airflow/.local/lib/python3.7/site-packages/airflow/example_dags/example_skip_dag.py
[2022-09-05T09:23:40.979+0000] {logging_mixin.py:115} INFO - [2022-09-05T09:23:40.979+0000] {dag.py:2429} INFO - Sync 1 DAGs
[2022-09-05T09:23:41.350+0000] {logging_mixin.py:115} INFO - [2022-09-05T09:23:41.350+0000] {dag.py:2981} INFO - Setting next_dagrun for example_skip_dag to 2022-09-04T09:23:41.332577+00:00, run_after=2022-09-05T09:23:41.332577+00:00
[2022-09-05T09:23:41.841+0000] {processor.py:161} INFO - Processing /home/airflow/.local/lib/python3.7/site-packages/airflow/example_dags/example_skip_dag.py took 1.520 seconds
[2022-09-05T09:28:50.830+0000] {processor.py:153} INFO - Started process (PID=270) to work on /home/airflow/.local/lib/python3.7/site-packages/airflow/example_dags/example_skip_dag.py
[2022-09-05T09:28:50.930+0000] {processor.py:640} INFO - Processing file /home/airflow/.local/lib/python3.7/site-packages/airflow/example_dags/example_skip_dag.py for tasks to queue
[2022-09-05T09:28:50.992+0000] {logging_mixin.py:115} INFO - [2022-09-05T09:28:50.992+0000] {dagbag.py:508} INFO - Filling up the DagBag from /home/airflow/.local/lib/python3.7/site-packages/airflow/example_dags/example_skip_dag.py
[2022-09-05T09:29:01.096+0000] {processor.py:650} INFO - DAG(s) dict_keys(['example_skip_dag']) retrieved from /home/airflow/.local/lib/python3.7/site-packages/airflow/example_dags/example_skip_dag.py
[2022-09-05T09:29:18.277+0000] {logging_mixin.py:115} INFO - [2022-09-05T09:29:18.226+0000] {dag.py:2429} INFO - Sync 1 DAGs
[2022-09-05T09:29:25.953+0000] {logging_mixin.py:115} INFO - [2022-09-05T09:29:25.944+0000] {dag.py:2981} INFO - Setting next_dagrun for example_skip_dag to 2022-09-04T09:29:25.813821+00:00, run_after=2022-09-05T09:29:25.813821+00:00
[2022-09-05T09:29:27.112+0000] {processor.py:161} INFO - Processing /home/airflow/.local/lib/python3.7/site-packages/airflow/example_dags/example_skip_dag.py took 36.903 seconds
