[2022-09-05T09:00:45.915+0000] {processor.py:153} INFO - Started process (PID=94) to work on /home/airflow/.local/lib/python3.7/site-packages/airflow/example_dags/example_task_group_decorator.py
[2022-09-05T09:00:45.918+0000] {processor.py:640} INFO - Processing file /home/airflow/.local/lib/python3.7/site-packages/airflow/example_dags/example_task_group_decorator.py for tasks to queue
[2022-09-05T09:00:45.920+0000] {logging_mixin.py:115} INFO - [2022-09-05T09:00:45.919+0000] {dagbag.py:508} INFO - Filling up the DagBag from /home/airflow/.local/lib/python3.7/site-packages/airflow/example_dags/example_task_group_decorator.py
[2022-09-05T09:00:45.971+0000] {processor.py:650} INFO - DAG(s) dict_keys(['example_task_group_decorator']) retrieved from /home/airflow/.local/lib/python3.7/site-packages/airflow/example_dags/example_task_group_decorator.py
[2022-09-05T09:00:46.549+0000] {logging_mixin.py:115} INFO - [2022-09-05T09:00:46.549+0000] {manager.py:508} INFO - Created Permission View: can read on DAG:example_task_group_decorator
[2022-09-05T09:00:46.990+0000] {logging_mixin.py:115} INFO - [2022-09-05T09:00:46.990+0000] {manager.py:508} INFO - Created Permission View: can edit on DAG:example_task_group_decorator
[2022-09-05T09:00:47.258+0000] {logging_mixin.py:115} INFO - [2022-09-05T09:00:47.257+0000] {manager.py:508} INFO - Created Permission View: can delete on DAG:example_task_group_decorator
[2022-09-05T09:00:47.258+0000] {logging_mixin.py:115} INFO - [2022-09-05T09:00:47.258+0000] {dag.py:2429} INFO - Sync 1 DAGs
[2022-09-05T09:00:47.302+0000] {logging_mixin.py:115} INFO - [2022-09-05T09:00:47.301+0000] {dag.py:2448} INFO - Creating ORM DAG for example_task_group_decorator
[2022-09-05T09:00:47.354+0000] {logging_mixin.py:115} INFO - [2022-09-05T09:00:47.353+0000] {dag.py:2981} INFO - Setting next_dagrun for example_task_group_decorator to 2022-09-04T09:00:47.353420+00:00, run_after=2022-09-05T09:00:47.353420+00:00
[2022-09-05T09:00:47.940+0000] {processor.py:161} INFO - Processing /home/airflow/.local/lib/python3.7/site-packages/airflow/example_dags/example_task_group_decorator.py took 2.034 seconds
[2022-09-05T09:01:18.437+0000] {processor.py:153} INFO - Started process (PID=154) to work on /home/airflow/.local/lib/python3.7/site-packages/airflow/example_dags/example_task_group_decorator.py
[2022-09-05T09:01:18.443+0000] {processor.py:640} INFO - Processing file /home/airflow/.local/lib/python3.7/site-packages/airflow/example_dags/example_task_group_decorator.py for tasks to queue
[2022-09-05T09:01:18.446+0000] {logging_mixin.py:115} INFO - [2022-09-05T09:01:18.445+0000] {dagbag.py:508} INFO - Filling up the DagBag from /home/airflow/.local/lib/python3.7/site-packages/airflow/example_dags/example_task_group_decorator.py
[2022-09-05T09:01:18.555+0000] {processor.py:650} INFO - DAG(s) dict_keys(['example_task_group_decorator']) retrieved from /home/airflow/.local/lib/python3.7/site-packages/airflow/example_dags/example_task_group_decorator.py
[2022-09-05T09:01:18.908+0000] {logging_mixin.py:115} INFO - [2022-09-05T09:01:18.908+0000] {dag.py:2429} INFO - Sync 1 DAGs
[2022-09-05T09:01:19.044+0000] {logging_mixin.py:115} INFO - [2022-09-05T09:01:19.043+0000] {dag.py:2981} INFO - Setting next_dagrun for example_task_group_decorator to 2022-09-04T09:01:19.043580+00:00, run_after=2022-09-05T09:01:19.043580+00:00
[2022-09-05T09:01:19.165+0000] {processor.py:161} INFO - Processing /home/airflow/.local/lib/python3.7/site-packages/airflow/example_dags/example_task_group_decorator.py took 0.736 seconds
[2022-09-05T09:02:24.245+0000] {processor.py:153} INFO - Started process (PID=223) to work on /home/airflow/.local/lib/python3.7/site-packages/airflow/example_dags/example_task_group_decorator.py
[2022-09-05T09:02:24.247+0000] {processor.py:640} INFO - Processing file /home/airflow/.local/lib/python3.7/site-packages/airflow/example_dags/example_task_group_decorator.py for tasks to queue
[2022-09-05T09:02:24.257+0000] {logging_mixin.py:115} INFO - [2022-09-05T09:02:24.250+0000] {dagbag.py:508} INFO - Filling up the DagBag from /home/airflow/.local/lib/python3.7/site-packages/airflow/example_dags/example_task_group_decorator.py
[2022-09-05T09:02:24.352+0000] {processor.py:650} INFO - DAG(s) dict_keys(['example_task_group_decorator']) retrieved from /home/airflow/.local/lib/python3.7/site-packages/airflow/example_dags/example_task_group_decorator.py
[2022-09-05T09:02:24.510+0000] {logging_mixin.py:115} INFO - [2022-09-05T09:02:24.510+0000] {dag.py:2429} INFO - Sync 1 DAGs
[2022-09-05T09:02:24.542+0000] {logging_mixin.py:115} INFO - [2022-09-05T09:02:24.542+0000] {dag.py:2981} INFO - Setting next_dagrun for example_task_group_decorator to 2022-09-04T09:02:24.542338+00:00, run_after=2022-09-05T09:02:24.542338+00:00
[2022-09-05T09:02:24.741+0000] {processor.py:161} INFO - Processing /home/airflow/.local/lib/python3.7/site-packages/airflow/example_dags/example_task_group_decorator.py took 0.508 seconds
[2022-09-05T09:03:38.568+0000] {processor.py:153} INFO - Started process (PID=296) to work on /home/airflow/.local/lib/python3.7/site-packages/airflow/example_dags/example_task_group_decorator.py
[2022-09-05T09:03:38.573+0000] {processor.py:640} INFO - Processing file /home/airflow/.local/lib/python3.7/site-packages/airflow/example_dags/example_task_group_decorator.py for tasks to queue
[2022-09-05T09:03:38.578+0000] {logging_mixin.py:115} INFO - [2022-09-05T09:03:38.577+0000] {dagbag.py:508} INFO - Filling up the DagBag from /home/airflow/.local/lib/python3.7/site-packages/airflow/example_dags/example_task_group_decorator.py
[2022-09-05T09:03:38.754+0000] {processor.py:650} INFO - DAG(s) dict_keys(['example_task_group_decorator']) retrieved from /home/airflow/.local/lib/python3.7/site-packages/airflow/example_dags/example_task_group_decorator.py
[2022-09-05T09:03:38.941+0000] {logging_mixin.py:115} INFO - [2022-09-05T09:03:38.940+0000] {dag.py:2429} INFO - Sync 1 DAGs
[2022-09-05T09:03:38.976+0000] {logging_mixin.py:115} INFO - [2022-09-05T09:03:38.976+0000] {dag.py:2981} INFO - Setting next_dagrun for example_task_group_decorator to 2022-09-04T09:03:38.976115+00:00, run_after=2022-09-05T09:03:38.976115+00:00
[2022-09-05T09:03:39.024+0000] {processor.py:161} INFO - Processing /home/airflow/.local/lib/python3.7/site-packages/airflow/example_dags/example_task_group_decorator.py took 0.472 seconds
[2022-09-05T09:06:23.306+0000] {processor.py:153} INFO - Started process (PID=377) to work on /home/airflow/.local/lib/python3.7/site-packages/airflow/example_dags/example_task_group_decorator.py
[2022-09-05T09:06:23.310+0000] {processor.py:640} INFO - Processing file /home/airflow/.local/lib/python3.7/site-packages/airflow/example_dags/example_task_group_decorator.py for tasks to queue
[2022-09-05T09:06:23.316+0000] {logging_mixin.py:115} INFO - [2022-09-05T09:06:23.316+0000] {dagbag.py:508} INFO - Filling up the DagBag from /home/airflow/.local/lib/python3.7/site-packages/airflow/example_dags/example_task_group_decorator.py
[2022-09-05T09:06:23.526+0000] {processor.py:650} INFO - DAG(s) dict_keys(['example_task_group_decorator']) retrieved from /home/airflow/.local/lib/python3.7/site-packages/airflow/example_dags/example_task_group_decorator.py
[2022-09-05T09:06:24.138+0000] {logging_mixin.py:115} INFO - [2022-09-05T09:06:24.137+0000] {dag.py:2429} INFO - Sync 1 DAGs
[2022-09-05T09:06:24.273+0000] {logging_mixin.py:115} INFO - [2022-09-05T09:06:24.272+0000] {dag.py:2981} INFO - Setting next_dagrun for example_task_group_decorator to 2022-09-04T09:06:24.272417+00:00, run_after=2022-09-05T09:06:24.272417+00:00
[2022-09-05T09:06:24.398+0000] {processor.py:161} INFO - Processing /home/airflow/.local/lib/python3.7/site-packages/airflow/example_dags/example_task_group_decorator.py took 1.114 seconds
[2022-09-05T09:15:13.585+0000] {processor.py:153} INFO - Started process (PID=119) to work on /home/airflow/.local/lib/python3.7/site-packages/airflow/example_dags/example_task_group_decorator.py
[2022-09-05T09:15:13.592+0000] {processor.py:640} INFO - Processing file /home/airflow/.local/lib/python3.7/site-packages/airflow/example_dags/example_task_group_decorator.py for tasks to queue
[2022-09-05T09:15:13.599+0000] {logging_mixin.py:115} INFO - [2022-09-05T09:15:13.599+0000] {dagbag.py:508} INFO - Filling up the DagBag from /home/airflow/.local/lib/python3.7/site-packages/airflow/example_dags/example_task_group_decorator.py
[2022-09-05T09:15:13.875+0000] {processor.py:650} INFO - DAG(s) dict_keys(['example_task_group_decorator']) retrieved from /home/airflow/.local/lib/python3.7/site-packages/airflow/example_dags/example_task_group_decorator.py
[2022-09-05T09:15:15.830+0000] {logging_mixin.py:115} INFO - [2022-09-05T09:15:15.830+0000] {dag.py:2429} INFO - Sync 1 DAGs
[2022-09-05T09:15:15.959+0000] {logging_mixin.py:115} INFO - [2022-09-05T09:15:15.959+0000] {dag.py:2981} INFO - Setting next_dagrun for example_task_group_decorator to 2022-09-04T09:15:15.959321+00:00, run_after=2022-09-05T09:15:15.959321+00:00
[2022-09-05T09:15:16.047+0000] {processor.py:161} INFO - Processing /home/airflow/.local/lib/python3.7/site-packages/airflow/example_dags/example_task_group_decorator.py took 2.493 seconds
[2022-09-05T09:23:43.756+0000] {processor.py:153} INFO - Started process (PID=105) to work on /home/airflow/.local/lib/python3.7/site-packages/airflow/example_dags/example_task_group_decorator.py
[2022-09-05T09:23:43.763+0000] {processor.py:640} INFO - Processing file /home/airflow/.local/lib/python3.7/site-packages/airflow/example_dags/example_task_group_decorator.py for tasks to queue
[2022-09-05T09:23:43.768+0000] {logging_mixin.py:115} INFO - [2022-09-05T09:23:43.767+0000] {dagbag.py:508} INFO - Filling up the DagBag from /home/airflow/.local/lib/python3.7/site-packages/airflow/example_dags/example_task_group_decorator.py
[2022-09-05T09:23:44.034+0000] {processor.py:650} INFO - DAG(s) dict_keys(['example_task_group_decorator']) retrieved from /home/airflow/.local/lib/python3.7/site-packages/airflow/example_dags/example_task_group_decorator.py
[2022-09-05T09:23:45.502+0000] {logging_mixin.py:115} INFO - [2022-09-05T09:23:45.501+0000] {dag.py:2429} INFO - Sync 1 DAGs
[2022-09-05T09:23:45.629+0000] {logging_mixin.py:115} INFO - [2022-09-05T09:23:45.629+0000] {dag.py:2981} INFO - Setting next_dagrun for example_task_group_decorator to 2022-09-04T09:23:45.629210+00:00, run_after=2022-09-05T09:23:45.629210+00:00
[2022-09-05T09:23:45.764+0000] {processor.py:161} INFO - Processing /home/airflow/.local/lib/python3.7/site-packages/airflow/example_dags/example_task_group_decorator.py took 2.042 seconds
