[2022-09-05T09:00:26.225+0000] {processor.py:153} INFO - Started process (PID=65) to work on /home/airflow/.local/lib/python3.7/site-packages/airflow/example_dags/example_branch_day_of_week_operator.py
[2022-09-05T09:00:26.227+0000] {processor.py:640} INFO - Processing file /home/airflow/.local/lib/python3.7/site-packages/airflow/example_dags/example_branch_day_of_week_operator.py for tasks to queue
[2022-09-05T09:00:26.228+0000] {logging_mixin.py:115} INFO - [2022-09-05T09:00:26.228+0000] {dagbag.py:508} INFO - Filling up the DagBag from /home/airflow/.local/lib/python3.7/site-packages/airflow/example_dags/example_branch_day_of_week_operator.py
[2022-09-05T09:00:26.262+0000] {processor.py:650} INFO - DAG(s) dict_keys(['example_weekday_branch_operator']) retrieved from /home/airflow/.local/lib/python3.7/site-packages/airflow/example_dags/example_branch_day_of_week_operator.py
[2022-09-05T09:00:26.657+0000] {logging_mixin.py:115} INFO - [2022-09-05T09:00:26.657+0000] {manager.py:508} INFO - Created Permission View: can read on DAG:example_weekday_branch_operator
[2022-09-05T09:00:26.725+0000] {logging_mixin.py:115} INFO - [2022-09-05T09:00:26.725+0000] {manager.py:508} INFO - Created Permission View: can edit on DAG:example_weekday_branch_operator
[2022-09-05T09:00:26.834+0000] {logging_mixin.py:115} INFO - [2022-09-05T09:00:26.834+0000] {manager.py:508} INFO - Created Permission View: can delete on DAG:example_weekday_branch_operator
[2022-09-05T09:00:26.835+0000] {logging_mixin.py:115} INFO - [2022-09-05T09:00:26.835+0000] {dag.py:2429} INFO - Sync 1 DAGs
[2022-09-05T09:00:26.850+0000] {logging_mixin.py:115} INFO - [2022-09-05T09:00:26.849+0000] {dag.py:2448} INFO - Creating ORM DAG for example_weekday_branch_operator
[2022-09-05T09:00:26.872+0000] {logging_mixin.py:115} INFO - [2022-09-05T09:00:26.872+0000] {dag.py:2981} INFO - Setting next_dagrun for example_weekday_branch_operator to 2022-09-04T00:00:00+00:00, run_after=2022-09-05T00:00:00+00:00
[2022-09-05T09:00:27.001+0000] {processor.py:161} INFO - Processing /home/airflow/.local/lib/python3.7/site-packages/airflow/example_dags/example_branch_day_of_week_operator.py took 0.782 seconds
[2022-09-05T09:00:57.139+0000] {processor.py:153} INFO - Started process (PID=117) to work on /home/airflow/.local/lib/python3.7/site-packages/airflow/example_dags/example_branch_day_of_week_operator.py
[2022-09-05T09:00:57.146+0000] {processor.py:640} INFO - Processing file /home/airflow/.local/lib/python3.7/site-packages/airflow/example_dags/example_branch_day_of_week_operator.py for tasks to queue
[2022-09-05T09:00:57.149+0000] {logging_mixin.py:115} INFO - [2022-09-05T09:00:57.148+0000] {dagbag.py:508} INFO - Filling up the DagBag from /home/airflow/.local/lib/python3.7/site-packages/airflow/example_dags/example_branch_day_of_week_operator.py
[2022-09-05T09:00:57.201+0000] {processor.py:650} INFO - DAG(s) dict_keys(['example_weekday_branch_operator']) retrieved from /home/airflow/.local/lib/python3.7/site-packages/airflow/example_dags/example_branch_day_of_week_operator.py
[2022-09-05T09:00:57.270+0000] {logging_mixin.py:115} INFO - [2022-09-05T09:00:57.269+0000] {dag.py:2429} INFO - Sync 1 DAGs
[2022-09-05T09:00:57.349+0000] {logging_mixin.py:115} INFO - [2022-09-05T09:00:57.349+0000] {dag.py:2981} INFO - Setting next_dagrun for example_weekday_branch_operator to 2022-09-04T00:00:00+00:00, run_after=2022-09-05T00:00:00+00:00
[2022-09-05T09:00:57.480+0000] {processor.py:161} INFO - Processing /home/airflow/.local/lib/python3.7/site-packages/airflow/example_dags/example_branch_day_of_week_operator.py took 0.351 seconds
[2022-09-05T09:01:28.063+0000] {processor.py:153} INFO - Started process (PID=168) to work on /home/airflow/.local/lib/python3.7/site-packages/airflow/example_dags/example_branch_day_of_week_operator.py
[2022-09-05T09:01:28.065+0000] {processor.py:640} INFO - Processing file /home/airflow/.local/lib/python3.7/site-packages/airflow/example_dags/example_branch_day_of_week_operator.py for tasks to queue
[2022-09-05T09:01:28.066+0000] {logging_mixin.py:115} INFO - [2022-09-05T09:01:28.066+0000] {dagbag.py:508} INFO - Filling up the DagBag from /home/airflow/.local/lib/python3.7/site-packages/airflow/example_dags/example_branch_day_of_week_operator.py
[2022-09-05T09:01:28.082+0000] {processor.py:650} INFO - DAG(s) dict_keys(['example_weekday_branch_operator']) retrieved from /home/airflow/.local/lib/python3.7/site-packages/airflow/example_dags/example_branch_day_of_week_operator.py
[2022-09-05T09:01:28.130+0000] {logging_mixin.py:115} INFO - [2022-09-05T09:01:28.130+0000] {dag.py:2429} INFO - Sync 1 DAGs
[2022-09-05T09:01:28.178+0000] {logging_mixin.py:115} INFO - [2022-09-05T09:01:28.178+0000] {dag.py:2981} INFO - Setting next_dagrun for example_weekday_branch_operator to 2022-09-04T00:00:00+00:00, run_after=2022-09-05T00:00:00+00:00
[2022-09-05T09:01:28.243+0000] {processor.py:161} INFO - Processing /home/airflow/.local/lib/python3.7/site-packages/airflow/example_dags/example_branch_day_of_week_operator.py took 0.186 seconds
[2022-09-05T09:02:21.930+0000] {processor.py:153} INFO - Started process (PID=211) to work on /home/airflow/.local/lib/python3.7/site-packages/airflow/example_dags/example_branch_day_of_week_operator.py
[2022-09-05T09:02:21.932+0000] {processor.py:640} INFO - Processing file /home/airflow/.local/lib/python3.7/site-packages/airflow/example_dags/example_branch_day_of_week_operator.py for tasks to queue
[2022-09-05T09:02:21.933+0000] {logging_mixin.py:115} INFO - [2022-09-05T09:02:21.933+0000] {dagbag.py:508} INFO - Filling up the DagBag from /home/airflow/.local/lib/python3.7/site-packages/airflow/example_dags/example_branch_day_of_week_operator.py
[2022-09-05T09:02:21.957+0000] {processor.py:650} INFO - DAG(s) dict_keys(['example_weekday_branch_operator']) retrieved from /home/airflow/.local/lib/python3.7/site-packages/airflow/example_dags/example_branch_day_of_week_operator.py
[2022-09-05T09:02:22.008+0000] {logging_mixin.py:115} INFO - [2022-09-05T09:02:22.008+0000] {dag.py:2429} INFO - Sync 1 DAGs
[2022-09-05T09:02:22.054+0000] {logging_mixin.py:115} INFO - [2022-09-05T09:02:22.053+0000] {dag.py:2981} INFO - Setting next_dagrun for example_weekday_branch_operator to 2022-09-04T00:00:00+00:00, run_after=2022-09-05T00:00:00+00:00
[2022-09-05T09:02:22.146+0000] {processor.py:161} INFO - Processing /home/airflow/.local/lib/python3.7/site-packages/airflow/example_dags/example_branch_day_of_week_operator.py took 0.224 seconds
[2022-09-05T09:03:33.826+0000] {processor.py:153} INFO - Started process (PID=280) to work on /home/airflow/.local/lib/python3.7/site-packages/airflow/example_dags/example_branch_day_of_week_operator.py
[2022-09-05T09:03:33.839+0000] {processor.py:640} INFO - Processing file /home/airflow/.local/lib/python3.7/site-packages/airflow/example_dags/example_branch_day_of_week_operator.py for tasks to queue
[2022-09-05T09:03:33.842+0000] {logging_mixin.py:115} INFO - [2022-09-05T09:03:33.841+0000] {dagbag.py:508} INFO - Filling up the DagBag from /home/airflow/.local/lib/python3.7/site-packages/airflow/example_dags/example_branch_day_of_week_operator.py
[2022-09-05T09:03:33.930+0000] {processor.py:650} INFO - DAG(s) dict_keys(['example_weekday_branch_operator']) retrieved from /home/airflow/.local/lib/python3.7/site-packages/airflow/example_dags/example_branch_day_of_week_operator.py
[2022-09-05T09:03:34.160+0000] {logging_mixin.py:115} INFO - [2022-09-05T09:03:34.160+0000] {dag.py:2429} INFO - Sync 1 DAGs
[2022-09-05T09:03:34.329+0000] {logging_mixin.py:115} INFO - [2022-09-05T09:03:34.329+0000] {dag.py:2981} INFO - Setting next_dagrun for example_weekday_branch_operator to 2022-09-04T00:00:00+00:00, run_after=2022-09-05T00:00:00+00:00
[2022-09-05T09:03:34.413+0000] {processor.py:161} INFO - Processing /home/airflow/.local/lib/python3.7/site-packages/airflow/example_dags/example_branch_day_of_week_operator.py took 0.605 seconds
[2022-09-05T09:06:10.515+0000] {processor.py:153} INFO - Started process (PID=359) to work on /home/airflow/.local/lib/python3.7/site-packages/airflow/example_dags/example_branch_day_of_week_operator.py
[2022-09-05T09:06:10.517+0000] {processor.py:640} INFO - Processing file /home/airflow/.local/lib/python3.7/site-packages/airflow/example_dags/example_branch_day_of_week_operator.py for tasks to queue
[2022-09-05T09:06:10.530+0000] {logging_mixin.py:115} INFO - [2022-09-05T09:06:10.530+0000] {dagbag.py:508} INFO - Filling up the DagBag from /home/airflow/.local/lib/python3.7/site-packages/airflow/example_dags/example_branch_day_of_week_operator.py
[2022-09-05T09:06:10.693+0000] {processor.py:650} INFO - DAG(s) dict_keys(['example_weekday_branch_operator']) retrieved from /home/airflow/.local/lib/python3.7/site-packages/airflow/example_dags/example_branch_day_of_week_operator.py
[2022-09-05T09:06:10.959+0000] {logging_mixin.py:115} INFO - [2022-09-05T09:06:10.959+0000] {dag.py:2429} INFO - Sync 1 DAGs
[2022-09-05T09:06:11.162+0000] {logging_mixin.py:115} INFO - [2022-09-05T09:06:11.161+0000] {dag.py:2981} INFO - Setting next_dagrun for example_weekday_branch_operator to 2022-09-04T00:00:00+00:00, run_after=2022-09-05T00:00:00+00:00
[2022-09-05T09:06:11.282+0000] {processor.py:161} INFO - Processing /home/airflow/.local/lib/python3.7/site-packages/airflow/example_dags/example_branch_day_of_week_operator.py took 0.799 seconds
[2022-09-05T09:06:45.048+0000] {processor.py:153} INFO - Started process (PID=401) to work on /home/airflow/.local/lib/python3.7/site-packages/airflow/example_dags/example_branch_day_of_week_operator.py
[2022-09-05T09:06:45.059+0000] {processor.py:640} INFO - Processing file /home/airflow/.local/lib/python3.7/site-packages/airflow/example_dags/example_branch_day_of_week_operator.py for tasks to queue
[2022-09-05T09:06:45.067+0000] {logging_mixin.py:115} INFO - [2022-09-05T09:06:45.067+0000] {dagbag.py:508} INFO - Filling up the DagBag from /home/airflow/.local/lib/python3.7/site-packages/airflow/example_dags/example_branch_day_of_week_operator.py
[2022-09-05T09:06:45.239+0000] {processor.py:650} INFO - DAG(s) dict_keys(['example_weekday_branch_operator']) retrieved from /home/airflow/.local/lib/python3.7/site-packages/airflow/example_dags/example_branch_day_of_week_operator.py
[2022-09-05T09:06:45.692+0000] {logging_mixin.py:115} INFO - [2022-09-05T09:06:45.681+0000] {dag.py:2429} INFO - Sync 1 DAGs
[2022-09-05T09:06:45.980+0000] {logging_mixin.py:115} INFO - [2022-09-05T09:06:45.980+0000] {dag.py:2981} INFO - Setting next_dagrun for example_weekday_branch_operator to 2022-09-04T00:00:00+00:00, run_after=2022-09-05T00:00:00+00:00
[2022-09-05T09:06:46.168+0000] {processor.py:161} INFO - Processing /home/airflow/.local/lib/python3.7/site-packages/airflow/example_dags/example_branch_day_of_week_operator.py took 1.153 seconds
[2022-09-05T09:14:33.031+0000] {processor.py:153} INFO - Started process (PID=81) to work on /home/airflow/.local/lib/python3.7/site-packages/airflow/example_dags/example_branch_day_of_week_operator.py
[2022-09-05T09:14:33.035+0000] {processor.py:640} INFO - Processing file /home/airflow/.local/lib/python3.7/site-packages/airflow/example_dags/example_branch_day_of_week_operator.py for tasks to queue
[2022-09-05T09:14:33.036+0000] {logging_mixin.py:115} INFO - [2022-09-05T09:14:33.036+0000] {dagbag.py:508} INFO - Filling up the DagBag from /home/airflow/.local/lib/python3.7/site-packages/airflow/example_dags/example_branch_day_of_week_operator.py
[2022-09-05T09:14:33.072+0000] {processor.py:650} INFO - DAG(s) dict_keys(['example_weekday_branch_operator']) retrieved from /home/airflow/.local/lib/python3.7/site-packages/airflow/example_dags/example_branch_day_of_week_operator.py
[2022-09-05T09:14:33.192+0000] {logging_mixin.py:115} INFO - [2022-09-05T09:14:33.192+0000] {dag.py:2429} INFO - Sync 1 DAGs
[2022-09-05T09:14:33.355+0000] {logging_mixin.py:115} INFO - [2022-09-05T09:14:33.354+0000] {dag.py:2981} INFO - Setting next_dagrun for example_weekday_branch_operator to 2022-09-04T00:00:00+00:00, run_after=2022-09-05T00:00:00+00:00
[2022-09-05T09:14:33.439+0000] {processor.py:161} INFO - Processing /home/airflow/.local/lib/python3.7/site-packages/airflow/example_dags/example_branch_day_of_week_operator.py took 0.415 seconds
[2022-09-05T09:15:39.456+0000] {processor.py:153} INFO - Started process (PID=142) to work on /home/airflow/.local/lib/python3.7/site-packages/airflow/example_dags/example_branch_day_of_week_operator.py
[2022-09-05T09:15:39.491+0000] {processor.py:640} INFO - Processing file /home/airflow/.local/lib/python3.7/site-packages/airflow/example_dags/example_branch_day_of_week_operator.py for tasks to queue
[2022-09-05T09:15:39.492+0000] {logging_mixin.py:115} INFO - [2022-09-05T09:15:39.492+0000] {dagbag.py:508} INFO - Filling up the DagBag from /home/airflow/.local/lib/python3.7/site-packages/airflow/example_dags/example_branch_day_of_week_operator.py
[2022-09-05T09:15:39.566+0000] {processor.py:650} INFO - DAG(s) dict_keys(['example_weekday_branch_operator']) retrieved from /home/airflow/.local/lib/python3.7/site-packages/airflow/example_dags/example_branch_day_of_week_operator.py
[2022-09-05T09:15:41.867+0000] {logging_mixin.py:115} INFO - [2022-09-05T09:15:41.861+0000] {dag.py:2429} INFO - Sync 1 DAGs
[2022-09-05T09:15:42.163+0000] {logging_mixin.py:115} INFO - [2022-09-05T09:15:42.160+0000] {dag.py:2981} INFO - Setting next_dagrun for example_weekday_branch_operator to 2022-09-04T00:00:00+00:00, run_after=2022-09-05T00:00:00+00:00
[2022-09-05T09:15:54.939+0000] {processor.py:161} INFO - Processing /home/airflow/.local/lib/python3.7/site-packages/airflow/example_dags/example_branch_day_of_week_operator.py took 15.290 seconds
[2022-09-05T09:20:10.656+0000] {processor.py:153} INFO - Started process (PID=238) to work on /home/airflow/.local/lib/python3.7/site-packages/airflow/example_dags/example_branch_day_of_week_operator.py
[2022-09-05T09:20:13.664+0000] {processor.py:640} INFO - Processing file /home/airflow/.local/lib/python3.7/site-packages/airflow/example_dags/example_branch_day_of_week_operator.py for tasks to queue
[2022-09-05T09:20:23.818+0000] {logging_mixin.py:115} INFO - [2022-09-05T09:20:20.964+0000] {dagbag.py:508} INFO - Filling up the DagBag from /home/airflow/.local/lib/python3.7/site-packages/airflow/example_dags/example_branch_day_of_week_operator.py
[2022-09-05T09:23:07.162+0000] {processor.py:153} INFO - Started process (PID=68) to work on /home/airflow/.local/lib/python3.7/site-packages/airflow/example_dags/example_branch_day_of_week_operator.py
[2022-09-05T09:23:07.167+0000] {processor.py:640} INFO - Processing file /home/airflow/.local/lib/python3.7/site-packages/airflow/example_dags/example_branch_day_of_week_operator.py for tasks to queue
[2022-09-05T09:23:07.174+0000] {logging_mixin.py:115} INFO - [2022-09-05T09:23:07.174+0000] {dagbag.py:508} INFO - Filling up the DagBag from /home/airflow/.local/lib/python3.7/site-packages/airflow/example_dags/example_branch_day_of_week_operator.py
[2022-09-05T09:23:07.236+0000] {processor.py:650} INFO - DAG(s) dict_keys(['example_weekday_branch_operator']) retrieved from /home/airflow/.local/lib/python3.7/site-packages/airflow/example_dags/example_branch_day_of_week_operator.py
[2022-09-05T09:23:07.457+0000] {logging_mixin.py:115} INFO - [2022-09-05T09:23:07.452+0000] {dag.py:2429} INFO - Sync 1 DAGs
[2022-09-05T09:23:07.718+0000] {logging_mixin.py:115} INFO - [2022-09-05T09:23:07.710+0000] {dag.py:2981} INFO - Setting next_dagrun for example_weekday_branch_operator to 2022-09-04T00:00:00+00:00, run_after=2022-09-05T00:00:00+00:00
[2022-09-05T09:23:09.252+0000] {processor.py:161} INFO - Processing /home/airflow/.local/lib/python3.7/site-packages/airflow/example_dags/example_branch_day_of_week_operator.py took 2.104 seconds
[2022-09-05T09:24:23.232+0000] {processor.py:153} INFO - Started process (PID=134) to work on /home/airflow/.local/lib/python3.7/site-packages/airflow/example_dags/example_branch_day_of_week_operator.py
[2022-09-05T09:24:23.254+0000] {processor.py:640} INFO - Processing file /home/airflow/.local/lib/python3.7/site-packages/airflow/example_dags/example_branch_day_of_week_operator.py for tasks to queue
[2022-09-05T09:24:23.260+0000] {logging_mixin.py:115} INFO - [2022-09-05T09:24:23.260+0000] {dagbag.py:508} INFO - Filling up the DagBag from /home/airflow/.local/lib/python3.7/site-packages/airflow/example_dags/example_branch_day_of_week_operator.py
[2022-09-05T09:24:23.585+0000] {processor.py:650} INFO - DAG(s) dict_keys(['example_weekday_branch_operator']) retrieved from /home/airflow/.local/lib/python3.7/site-packages/airflow/example_dags/example_branch_day_of_week_operator.py
[2022-09-05T09:24:24.435+0000] {logging_mixin.py:115} INFO - [2022-09-05T09:24:24.435+0000] {dag.py:2429} INFO - Sync 1 DAGs
[2022-09-05T09:24:25.016+0000] {logging_mixin.py:115} INFO - [2022-09-05T09:24:25.010+0000] {dag.py:2981} INFO - Setting next_dagrun for example_weekday_branch_operator to 2022-09-04T00:00:00+00:00, run_after=2022-09-05T00:00:00+00:00
[2022-09-05T09:24:26.216+0000] {processor.py:161} INFO - Processing /home/airflow/.local/lib/python3.7/site-packages/airflow/example_dags/example_branch_day_of_week_operator.py took 3.049 seconds
