[2022-09-05T09:00:44.731+0000] {processor.py:153} INFO - Started process (PID=93) to work on /home/airflow/.local/lib/python3.7/site-packages/airflow/example_dags/example_nested_branch_dag.py
[2022-09-05T09:00:44.734+0000] {processor.py:640} INFO - Processing file /home/airflow/.local/lib/python3.7/site-packages/airflow/example_dags/example_nested_branch_dag.py for tasks to queue
[2022-09-05T09:00:44.737+0000] {logging_mixin.py:115} INFO - [2022-09-05T09:00:44.736+0000] {dagbag.py:508} INFO - Filling up the DagBag from /home/airflow/.local/lib/python3.7/site-packages/airflow/example_dags/example_nested_branch_dag.py
[2022-09-05T09:00:44.770+0000] {processor.py:650} INFO - DAG(s) dict_keys(['example_nested_branch_dag']) retrieved from /home/airflow/.local/lib/python3.7/site-packages/airflow/example_dags/example_nested_branch_dag.py
[2022-09-05T09:00:45.376+0000] {logging_mixin.py:115} INFO - [2022-09-05T09:00:45.376+0000] {manager.py:508} INFO - Created Permission View: can read on DAG:example_nested_branch_dag
[2022-09-05T09:00:45.620+0000] {logging_mixin.py:115} INFO - [2022-09-05T09:00:45.620+0000] {manager.py:508} INFO - Created Permission View: can edit on DAG:example_nested_branch_dag
[2022-09-05T09:00:45.808+0000] {logging_mixin.py:115} INFO - [2022-09-05T09:00:45.808+0000] {manager.py:508} INFO - Created Permission View: can delete on DAG:example_nested_branch_dag
[2022-09-05T09:00:45.810+0000] {logging_mixin.py:115} INFO - [2022-09-05T09:00:45.810+0000] {dag.py:2429} INFO - Sync 1 DAGs
[2022-09-05T09:00:45.852+0000] {logging_mixin.py:115} INFO - [2022-09-05T09:00:45.852+0000] {dag.py:2448} INFO - Creating ORM DAG for example_nested_branch_dag
[2022-09-05T09:00:45.895+0000] {logging_mixin.py:115} INFO - [2022-09-05T09:00:45.895+0000] {dag.py:2981} INFO - Setting next_dagrun for example_nested_branch_dag to 2022-09-04T00:00:00+00:00, run_after=2022-09-05T00:00:00+00:00
[2022-09-05T09:00:46.117+0000] {processor.py:161} INFO - Processing /home/airflow/.local/lib/python3.7/site-packages/airflow/example_dags/example_nested_branch_dag.py took 1.402 seconds
[2022-09-05T09:01:16.788+0000] {processor.py:153} INFO - Started process (PID=151) to work on /home/airflow/.local/lib/python3.7/site-packages/airflow/example_dags/example_nested_branch_dag.py
[2022-09-05T09:01:16.793+0000] {processor.py:640} INFO - Processing file /home/airflow/.local/lib/python3.7/site-packages/airflow/example_dags/example_nested_branch_dag.py for tasks to queue
[2022-09-05T09:01:16.817+0000] {logging_mixin.py:115} INFO - [2022-09-05T09:01:16.816+0000] {dagbag.py:508} INFO - Filling up the DagBag from /home/airflow/.local/lib/python3.7/site-packages/airflow/example_dags/example_nested_branch_dag.py
[2022-09-05T09:01:16.913+0000] {processor.py:650} INFO - DAG(s) dict_keys(['example_nested_branch_dag']) retrieved from /home/airflow/.local/lib/python3.7/site-packages/airflow/example_dags/example_nested_branch_dag.py
[2022-09-05T09:01:17.169+0000] {logging_mixin.py:115} INFO - [2022-09-05T09:01:17.169+0000] {dag.py:2429} INFO - Sync 1 DAGs
[2022-09-05T09:01:17.253+0000] {logging_mixin.py:115} INFO - [2022-09-05T09:01:17.253+0000] {dag.py:2981} INFO - Setting next_dagrun for example_nested_branch_dag to 2022-09-04T00:00:00+00:00, run_after=2022-09-05T00:00:00+00:00
[2022-09-05T09:01:17.370+0000] {processor.py:161} INFO - Processing /home/airflow/.local/lib/python3.7/site-packages/airflow/example_dags/example_nested_branch_dag.py took 0.595 seconds
[2022-09-05T09:02:23.931+0000] {processor.py:153} INFO - Started process (PID=222) to work on /home/airflow/.local/lib/python3.7/site-packages/airflow/example_dags/example_nested_branch_dag.py
[2022-09-05T09:02:23.933+0000] {processor.py:640} INFO - Processing file /home/airflow/.local/lib/python3.7/site-packages/airflow/example_dags/example_nested_branch_dag.py for tasks to queue
[2022-09-05T09:02:23.935+0000] {logging_mixin.py:115} INFO - [2022-09-05T09:02:23.935+0000] {dagbag.py:508} INFO - Filling up the DagBag from /home/airflow/.local/lib/python3.7/site-packages/airflow/example_dags/example_nested_branch_dag.py
[2022-09-05T09:02:23.996+0000] {processor.py:650} INFO - DAG(s) dict_keys(['example_nested_branch_dag']) retrieved from /home/airflow/.local/lib/python3.7/site-packages/airflow/example_dags/example_nested_branch_dag.py
[2022-09-05T09:02:24.081+0000] {logging_mixin.py:115} INFO - [2022-09-05T09:02:24.081+0000] {dag.py:2429} INFO - Sync 1 DAGs
[2022-09-05T09:02:24.166+0000] {logging_mixin.py:115} INFO - [2022-09-05T09:02:24.166+0000] {dag.py:2981} INFO - Setting next_dagrun for example_nested_branch_dag to 2022-09-04T00:00:00+00:00, run_after=2022-09-05T00:00:00+00:00
[2022-09-05T09:02:24.271+0000] {processor.py:161} INFO - Processing /home/airflow/.local/lib/python3.7/site-packages/airflow/example_dags/example_nested_branch_dag.py took 0.349 seconds
[2022-09-05T09:03:38.424+0000] {processor.py:153} INFO - Started process (PID=295) to work on /home/airflow/.local/lib/python3.7/site-packages/airflow/example_dags/example_nested_branch_dag.py
[2022-09-05T09:03:38.428+0000] {processor.py:640} INFO - Processing file /home/airflow/.local/lib/python3.7/site-packages/airflow/example_dags/example_nested_branch_dag.py for tasks to queue
[2022-09-05T09:03:38.431+0000] {logging_mixin.py:115} INFO - [2022-09-05T09:03:38.431+0000] {dagbag.py:508} INFO - Filling up the DagBag from /home/airflow/.local/lib/python3.7/site-packages/airflow/example_dags/example_nested_branch_dag.py
[2022-09-05T09:03:38.468+0000] {processor.py:650} INFO - DAG(s) dict_keys(['example_nested_branch_dag']) retrieved from /home/airflow/.local/lib/python3.7/site-packages/airflow/example_dags/example_nested_branch_dag.py
[2022-09-05T09:03:38.544+0000] {logging_mixin.py:115} INFO - [2022-09-05T09:03:38.543+0000] {dag.py:2429} INFO - Sync 1 DAGs
[2022-09-05T09:03:38.666+0000] {logging_mixin.py:115} INFO - [2022-09-05T09:03:38.666+0000] {dag.py:2981} INFO - Setting next_dagrun for example_nested_branch_dag to 2022-09-04T00:00:00+00:00, run_after=2022-09-05T00:00:00+00:00
[2022-09-05T09:03:38.737+0000] {processor.py:161} INFO - Processing /home/airflow/.local/lib/python3.7/site-packages/airflow/example_dags/example_nested_branch_dag.py took 0.342 seconds
[2022-09-05T09:06:22.771+0000] {processor.py:153} INFO - Started process (PID=376) to work on /home/airflow/.local/lib/python3.7/site-packages/airflow/example_dags/example_nested_branch_dag.py
[2022-09-05T09:06:22.776+0000] {processor.py:640} INFO - Processing file /home/airflow/.local/lib/python3.7/site-packages/airflow/example_dags/example_nested_branch_dag.py for tasks to queue
[2022-09-05T09:06:22.779+0000] {logging_mixin.py:115} INFO - [2022-09-05T09:06:22.779+0000] {dagbag.py:508} INFO - Filling up the DagBag from /home/airflow/.local/lib/python3.7/site-packages/airflow/example_dags/example_nested_branch_dag.py
[2022-09-05T09:06:22.855+0000] {processor.py:650} INFO - DAG(s) dict_keys(['example_nested_branch_dag']) retrieved from /home/airflow/.local/lib/python3.7/site-packages/airflow/example_dags/example_nested_branch_dag.py
[2022-09-05T09:06:23.016+0000] {logging_mixin.py:115} INFO - [2022-09-05T09:06:23.016+0000] {dag.py:2429} INFO - Sync 1 DAGs
[2022-09-05T09:06:23.135+0000] {logging_mixin.py:115} INFO - [2022-09-05T09:06:23.135+0000] {dag.py:2981} INFO - Setting next_dagrun for example_nested_branch_dag to 2022-09-04T00:00:00+00:00, run_after=2022-09-05T00:00:00+00:00
[2022-09-05T09:06:23.211+0000] {processor.py:161} INFO - Processing /home/airflow/.local/lib/python3.7/site-packages/airflow/example_dags/example_nested_branch_dag.py took 0.458 seconds
[2022-09-05T09:15:10.429+0000] {processor.py:153} INFO - Started process (PID=116) to work on /home/airflow/.local/lib/python3.7/site-packages/airflow/example_dags/example_nested_branch_dag.py
[2022-09-05T09:15:10.463+0000] {processor.py:640} INFO - Processing file /home/airflow/.local/lib/python3.7/site-packages/airflow/example_dags/example_nested_branch_dag.py for tasks to queue
[2022-09-05T09:15:10.464+0000] {logging_mixin.py:115} INFO - [2022-09-05T09:15:10.464+0000] {dagbag.py:508} INFO - Filling up the DagBag from /home/airflow/.local/lib/python3.7/site-packages/airflow/example_dags/example_nested_branch_dag.py
[2022-09-05T09:15:10.689+0000] {processor.py:650} INFO - DAG(s) dict_keys(['example_nested_branch_dag']) retrieved from /home/airflow/.local/lib/python3.7/site-packages/airflow/example_dags/example_nested_branch_dag.py
[2022-09-05T09:15:10.940+0000] {logging_mixin.py:115} INFO - [2022-09-05T09:15:10.940+0000] {dag.py:2429} INFO - Sync 1 DAGs
[2022-09-05T09:15:11.159+0000] {logging_mixin.py:115} INFO - [2022-09-05T09:15:11.154+0000] {dag.py:2981} INFO - Setting next_dagrun for example_nested_branch_dag to 2022-09-04T00:00:00+00:00, run_after=2022-09-05T00:00:00+00:00
[2022-09-05T09:15:13.246+0000] {processor.py:161} INFO - Processing /home/airflow/.local/lib/python3.7/site-packages/airflow/example_dags/example_nested_branch_dag.py took 2.939 seconds
[2022-09-05T09:23:42.135+0000] {processor.py:153} INFO - Started process (PID=104) to work on /home/airflow/.local/lib/python3.7/site-packages/airflow/example_dags/example_nested_branch_dag.py
[2022-09-05T09:23:42.145+0000] {processor.py:640} INFO - Processing file /home/airflow/.local/lib/python3.7/site-packages/airflow/example_dags/example_nested_branch_dag.py for tasks to queue
[2022-09-05T09:23:42.151+0000] {logging_mixin.py:115} INFO - [2022-09-05T09:23:42.150+0000] {dagbag.py:508} INFO - Filling up the DagBag from /home/airflow/.local/lib/python3.7/site-packages/airflow/example_dags/example_nested_branch_dag.py
[2022-09-05T09:23:42.275+0000] {processor.py:650} INFO - DAG(s) dict_keys(['example_nested_branch_dag']) retrieved from /home/airflow/.local/lib/python3.7/site-packages/airflow/example_dags/example_nested_branch_dag.py
[2022-09-05T09:23:42.714+0000] {logging_mixin.py:115} INFO - [2022-09-05T09:23:42.714+0000] {dag.py:2429} INFO - Sync 1 DAGs
[2022-09-05T09:23:43.432+0000] {logging_mixin.py:115} INFO - [2022-09-05T09:23:43.423+0000] {dag.py:2981} INFO - Setting next_dagrun for example_nested_branch_dag to 2022-09-04T00:00:00+00:00, run_after=2022-09-05T00:00:00+00:00
[2022-09-05T09:23:43.574+0000] {processor.py:161} INFO - Processing /home/airflow/.local/lib/python3.7/site-packages/airflow/example_dags/example_nested_branch_dag.py took 1.479 seconds
[2022-09-05T09:29:28.243+0000] {processor.py:153} INFO - Started process (PID=280) to work on /home/airflow/.local/lib/python3.7/site-packages/airflow/example_dags/example_nested_branch_dag.py
[2022-09-05T09:29:28.413+0000] {processor.py:640} INFO - Processing file /home/airflow/.local/lib/python3.7/site-packages/airflow/example_dags/example_nested_branch_dag.py for tasks to queue
[2022-09-05T09:29:28.651+0000] {logging_mixin.py:115} INFO - [2022-09-05T09:29:28.534+0000] {dagbag.py:508} INFO - Filling up the DagBag from /home/airflow/.local/lib/python3.7/site-packages/airflow/example_dags/example_nested_branch_dag.py
[2022-09-05T09:29:38.230+0000] {processor.py:650} INFO - DAG(s) dict_keys(['example_nested_branch_dag']) retrieved from /home/airflow/.local/lib/python3.7/site-packages/airflow/example_dags/example_nested_branch_dag.py
[2022-09-05T09:29:49.624+0000] {logging_mixin.py:115} INFO - [2022-09-05T09:29:47.168+0000] {dag.py:2429} INFO - Sync 1 DAGs
[2022-09-05T09:30:04.680+0000] {logging_mixin.py:115} INFO - [2022-09-05T09:30:00.860+0000] {dag.py:2981} INFO - Setting next_dagrun for example_nested_branch_dag to 2022-09-04T00:00:00+00:00, run_after=2022-09-05T00:00:00+00:00
